The system is: Darwin - 17.7.0 - x86_64
Compiling the C compiler identification source file "CMakeCCompilerId.c" succeeded.
Compiler: /usr/local/bin/gcc 
Build flags: 
Id flags:  

The output was:
0


Compilation of the C compiler identification source "CMakeCCompilerId.c" produced "a.out"

The C compiler identification is GNU, found in "/Users/NicoleMoiseyev/Documents/Engineering/MiGroBox/ECE/esp/migrobox/main/build/CMakeFiles/3.14.5/CompilerIdC/a.out"

Compiling the CXX compiler identification source file "CMakeCXXCompilerId.cpp" succeeded.
Compiler: /usr/local/bin/g++ 
Build flags: 
Id flags:  

The output was:
0


Compilation of the CXX compiler identification source "CMakeCXXCompilerId.cpp" produced "a.out"

The CXX compiler identification is GNU, found in "/Users/NicoleMoiseyev/Documents/Engineering/MiGroBox/ECE/esp/migrobox/main/build/CMakeFiles/3.14.5/CompilerIdCXX/a.out"

Determining if the C compiler works passed with the following output:
Change Dir: /Users/NicoleMoiseyev/Documents/Engineering/MiGroBox/ECE/esp/migrobox/main/build/CMakeFiles/CMakeTmp

Run Build Command(s):/usr/local/bin/ninja cmTC_61d60 
[1/2] Building C object CMakeFiles/cmTC_61d60.dir/testCCompiler.c.o
[2/2] Linking C executable cmTC_61d60


Detecting C compiler ABI info compiled with the following output:
Change Dir: /Users/NicoleMoiseyev/Documents/Engineering/MiGroBox/ECE/esp/migrobox/main/build/CMakeFiles/CMakeTmp

Run Build Command(s):/usr/local/bin/ninja cmTC_95114 
[1/2] Building C object CMakeFiles/cmTC_95114.dir/CMakeCCompilerABI.c.o
Using built-in specs.
COLLECT_GCC=/usr/local/bin/gcc
Target: x86_64-apple-darwin17
Configured with: ../configure --build=x86_64-apple-darwin17 --prefix=/usr/local/Cellar/gcc/9.1.0 --libdir=/usr/local/Cellar/gcc/9.1.0/lib/gcc/9 --disable-nls --enable-checking=release --enable-languages=c,c++,objc,obj-c++,fortran --program-suffix=-9 --with-gmp=/usr/local/opt/gmp --with-mpfr=/usr/local/opt/mpfr --with-mpc=/usr/local/opt/libmpc --with-isl=/usr/local/opt/isl --with-system-zlib --with-pkgversion='Homebrew GCC 9.1.0' --with-bugurl=https://github.com/Homebrew/homebrew-core/issues --disable-multilib
Thread model: posix
gcc version 9.1.0 (Homebrew GCC 9.1.0) 
COLLECT_GCC_OPTIONS='-v' '-o' 'CMakeFiles/cmTC_95114.dir/CMakeCCompilerABI.c.o' '-c' '-mmacosx-version-min=10.13.0' '-asm_macosx_version_min=10.13' '-mtune=core2'
 /usr/local/Cellar/gcc/9.1.0/libexec/gcc/x86_64-apple-darwin17/9.1.0/cc1 -quiet -v -D__DYNAMIC__ /usr/local/Cellar/cmake/3.14.5/share/cmake/Modules/CMakeCCompilerABI.c -fPIC -quiet -dumpbase CMakeCCompilerABI.c -mmacosx-version-min=10.13.0 -mtune=core2 -auxbase-strip CMakeFiles/cmTC_95114.dir/CMakeCCompilerABI.c.o -version -o /var/folders/jz/c8ldz3cd2l7bwrfnmd6sxgfc0000gn/T//ccM8HDBI.s
GNU C17 (Homebrew GCC 9.1.0) version 9.1.0 (x86_64-apple-darwin17)
	compiled by GNU C version 9.1.0, GMP version 6.1.2, MPFR version 4.0.2, MPC version 1.1.0, isl version isl-0.21-GMP

GGC heuristics: --param ggc-min-expand=100 --param ggc-min-heapsize=131072
ignoring nonexistent directory "/usr/local/Cellar/gcc/9.1.0/lib/gcc/9/gcc/x86_64-apple-darwin17/9.1.0/../../../../../../x86_64-apple-darwin17/include"
#include "..." search starts here:
#include <...> search starts here:
 /usr/local/Cellar/gcc/9.1.0/lib/gcc/9/gcc/x86_64-apple-darwin17/9.1.0/include
 /usr/local/include
 /usr/local/Cellar/gcc/9.1.0/include
 /usr/local/Cellar/gcc/9.1.0/lib/gcc/9/gcc/x86_64-apple-darwin17/9.1.0/include-fixed
 /usr/include
 /System/Library/Frameworks
 /Library/Frameworks
End of search list.
GNU C17 (Homebrew GCC 9.1.0) version 9.1.0 (x86_64-apple-darwin17)
	compiled by GNU C version 9.1.0, GMP version 6.1.2, MPFR version 4.0.2, MPC version 1.1.0, isl version isl-0.21-GMP

GGC heuristics: --param ggc-min-expand=100 --param ggc-min-heapsize=131072
Compiler executable checksum: b74b441121f2728483b10ac75b78397c
COLLECT_GCC_OPTIONS='-v' '-o' 'CMakeFiles/cmTC_95114.dir/CMakeCCompilerABI.c.o' '-c' '-mmacosx-version-min=10.13.0'  '-mtune=core2'
 as -arch x86_64 -v -force_cpusubtype_ALL -mmacosx-version-min=10.13 -o CMakeFiles/cmTC_95114.dir/CMakeCCompilerABI.c.o /var/folders/jz/c8ldz3cd2l7bwrfnmd6sxgfc0000gn/T//ccM8HDBI.s
Apple LLVM version 10.0.0 (clang-1000.10.44.4)
Target: x86_64-apple-darwin17.7.0
Thread model: posix
InstalledDir: /Library/Developer/CommandLineTools/usr/bin
 "/Library/Developer/CommandLineTools/usr/bin/clang" -cc1as -triple x86_64-apple-macosx10.13.0 -filetype obj -main-file-name ccM8HDBI.s -target-cpu penryn -fdebug-compilation-dir /Users/NicoleMoiseyev/Documents/Engineering/MiGroBox/ECE/esp/migrobox/main/build/CMakeFiles/CMakeTmp -dwarf-debug-producer Apple LLVM version 10.0.0 (clang-1000.10.44.4) -dwarf-version=4 -mrelocation-model pic -o CMakeFiles/cmTC_95114.dir/CMakeCCompilerABI.c.o /var/folders/jz/c8ldz3cd2l7bwrfnmd6sxgfc0000gn/T//ccM8HDBI.s
COMPILER_PATH=/usr/local/Cellar/gcc/9.1.0/libexec/gcc/x86_64-apple-darwin17/9.1.0/:/usr/local/Cellar/gcc/9.1.0/libexec/gcc/x86_64-apple-darwin17/9.1.0/:/usr/local/Cellar/gcc/9.1.0/libexec/gcc/x86_64-apple-darwin17/:/usr/local/Cellar/gcc/9.1.0/lib/gcc/9/gcc/x86_64-apple-darwin17/9.1.0/:/usr/local/Cellar/gcc/9.1.0/lib/gcc/9/gcc/x86_64-apple-darwin17/
LIBRARY_PATH=/usr/local/Cellar/gcc/9.1.0/lib/gcc/9/gcc/x86_64-apple-darwin17/9.1.0/:/usr/local/Cellar/gcc/9.1.0/lib/gcc/9/gcc/x86_64-apple-darwin17/9.1.0/../../../
COLLECT_GCC_OPTIONS='-v' '-o' 'CMakeFiles/cmTC_95114.dir/CMakeCCompilerABI.c.o' '-c' '-mmacosx-version-min=10.13.0'  '-mtune=core2'
[2/2] Linking C executable cmTC_95114
Using built-in specs.
COLLECT_GCC=/usr/local/bin/gcc
COLLECT_LTO_WRAPPER=/usr/local/Cellar/gcc/9.1.0/libexec/gcc/x86_64-apple-darwin17/9.1.0/lto-wrapper
Target: x86_64-apple-darwin17
Configured with: ../configure --build=x86_64-apple-darwin17 --prefix=/usr/local/Cellar/gcc/9.1.0 --libdir=/usr/local/Cellar/gcc/9.1.0/lib/gcc/9 --disable-nls --enable-checking=release --enable-languages=c,c++,objc,obj-c++,fortran --program-suffix=-9 --with-gmp=/usr/local/opt/gmp --with-mpfr=/usr/local/opt/mpfr --with-mpc=/usr/local/opt/libmpc --with-isl=/usr/local/opt/isl --with-system-zlib --with-pkgversion='Homebrew GCC 9.1.0' --with-bugurl=https://github.com/Homebrew/homebrew-core/issues --disable-multilib
Thread model: posix
gcc version 9.1.0 (Homebrew GCC 9.1.0) 
COMPILER_PATH=/usr/local/Cellar/gcc/9.1.0/libexec/gcc/x86_64-apple-darwin17/9.1.0/:/usr/local/Cellar/gcc/9.1.0/libexec/gcc/x86_64-apple-darwin17/9.1.0/:/usr/local/Cellar/gcc/9.1.0/libexec/gcc/x86_64-apple-darwin17/:/usr/local/Cellar/gcc/9.1.0/lib/gcc/9/gcc/x86_64-apple-darwin17/9.1.0/:/usr/local/Cellar/gcc/9.1.0/lib/gcc/9/gcc/x86_64-apple-darwin17/
LIBRARY_PATH=/usr/local/Cellar/gcc/9.1.0/lib/gcc/9/gcc/x86_64-apple-darwin17/9.1.0/:/usr/local/Cellar/gcc/9.1.0/lib/gcc/9/gcc/x86_64-apple-darwin17/9.1.0/../../../
COLLECT_GCC_OPTIONS='-v' '-o' 'cmTC_95114' '-mmacosx-version-min=10.13.0' '-asm_macosx_version_min=10.13' '-mtune=core2'
 /usr/local/Cellar/gcc/9.1.0/libexec/gcc/x86_64-apple-darwin17/9.1.0/collect2 -dynamic -arch x86_64 -macosx_version_min 10.13.0 -weak_reference_mismatches non-weak -o cmTC_95114 -L/usr/local/Cellar/gcc/9.1.0/lib/gcc/9/gcc/x86_64-apple-darwin17/9.1.0 -L/usr/local/Cellar/gcc/9.1.0/lib/gcc/9/gcc/x86_64-apple-darwin17/9.1.0/../../.. -search_paths_first -headerpad_max_install_names -v CMakeFiles/cmTC_95114.dir/CMakeCCompilerABI.c.o -no_compact_unwind -lSystem -lgcc_ext.10.5 -lgcc -lSystem -v
collect2 version 9.1.0
/usr/bin/ld -dynamic -arch x86_64 -macosx_version_min 10.13.0 -weak_reference_mismatches non-weak -o cmTC_95114 -L/usr/local/Cellar/gcc/9.1.0/lib/gcc/9/gcc/x86_64-apple-darwin17/9.1.0 -L/usr/local/Cellar/gcc/9.1.0/lib/gcc/9/gcc/x86_64-apple-darwin17/9.1.0/../../.. -search_paths_first -headerpad_max_install_names -v CMakeFiles/cmTC_95114.dir/CMakeCCompilerABI.c.o -no_compact_unwind -lSystem -lgcc_ext.10.5 -lgcc -lSystem -v
@(#)PROGRAM:ld  PROJECT:ld64-409.12
BUILD 17:47:51 Sep 25 2018
configured to support archs: armv6 armv7 armv7s arm64 i386 x86_64 x86_64h armv6m armv7k armv7m armv7em
@(#)PROGRAM:ld  PROJECT:ld64-409.12
BUILD 17:47:51 Sep 25 2018
configured to support archs: armv6 armv7 armv7s arm64 i386 x86_64 x86_64h armv6m armv7k armv7m armv7em
Library search paths:
	/usr/local/Cellar/gcc/9.1.0/lib/gcc/9/gcc/x86_64-apple-darwin17/9.1.0
	/usr/local/Cellar/gcc/9.1.0/lib/gcc/9
	/usr/lib
	/usr/local/lib
Framework search paths:
	/Library/Frameworks/
	/System/Library/Frameworks/


Parsed C implicit include dir info from above output: rv=done
  found start of include info
  found start of implicit include info
    add: [/usr/local/Cellar/gcc/9.1.0/lib/gcc/9/gcc/x86_64-apple-darwin17/9.1.0/include]
    add: [/usr/local/include]
    add: [/usr/local/Cellar/gcc/9.1.0/include]
    add: [/usr/local/Cellar/gcc/9.1.0/lib/gcc/9/gcc/x86_64-apple-darwin17/9.1.0/include-fixed]
    add: [/usr/include]
    add: [/System/Library/Frameworks]
    add: [/Library/Frameworks]
  end of search list found
  collapse include dir [/usr/local/Cellar/gcc/9.1.0/lib/gcc/9/gcc/x86_64-apple-darwin17/9.1.0/include] ==> [/usr/local/Cellar/gcc/9.1.0/lib/gcc/9/gcc/x86_64-apple-darwin17/9.1.0/include]
  collapse include dir [/usr/local/include] ==> [/usr/local/include]
  collapse include dir [/usr/local/Cellar/gcc/9.1.0/include] ==> [/usr/local/Cellar/gcc/9.1.0/include]
  collapse include dir [/usr/local/Cellar/gcc/9.1.0/lib/gcc/9/gcc/x86_64-apple-darwin17/9.1.0/include-fixed] ==> [/usr/local/Cellar/gcc/9.1.0/lib/gcc/9/gcc/x86_64-apple-darwin17/9.1.0/include-fixed]
  collapse include dir [/usr/include] ==> [/usr/include]
  collapse include dir [/System/Library/Frameworks] ==> [/System/Library/Frameworks]
  collapse include dir [/Library/Frameworks] ==> [/Library/Frameworks]
  implicit include dirs: [/usr/local/Cellar/gcc/9.1.0/lib/gcc/9/gcc/x86_64-apple-darwin17/9.1.0/include;/usr/local/include;/usr/local/Cellar/gcc/9.1.0/include;/usr/local/Cellar/gcc/9.1.0/lib/gcc/9/gcc/x86_64-apple-darwin17/9.1.0/include-fixed;/usr/include;/System/Library/Frameworks;/Library/Frameworks]


Parsed C implicit link information from above output:
  link line regex: [^( *|.*[/\])(ld|CMAKE_LINK_STARTFILE-NOTFOUND|([^/\]+-)?ld|collect2)[^/\]*( |$)]
  ignore line: [Change Dir: /Users/NicoleMoiseyev/Documents/Engineering/MiGroBox/ECE/esp/migrobox/main/build/CMakeFiles/CMakeTmp]
  ignore line: []
  ignore line: [Run Build Command(s):/usr/local/bin/ninja cmTC_95114 ]
  ignore line: [[1/2] Building C object CMakeFiles/cmTC_95114.dir/CMakeCCompilerABI.c.o]
  ignore line: [Using built-in specs.]
  ignore line: [COLLECT_GCC=/usr/local/bin/gcc]
  ignore line: [Target: x86_64-apple-darwin17]
  ignore line: [Configured with: ../configure --build=x86_64-apple-darwin17 --prefix=/usr/local/Cellar/gcc/9.1.0 --libdir=/usr/local/Cellar/gcc/9.1.0/lib/gcc/9 --disable-nls --enable-checking=release --enable-languages=c,c++,objc,obj-c++,fortran --program-suffix=-9 --with-gmp=/usr/local/opt/gmp --with-mpfr=/usr/local/opt/mpfr --with-mpc=/usr/local/opt/libmpc --with-isl=/usr/local/opt/isl --with-system-zlib --with-pkgversion='Homebrew GCC 9.1.0' --with-bugurl=https://github.com/Homebrew/homebrew-core/issues --disable-multilib]
  ignore line: [Thread model: posix]
  ignore line: [gcc version 9.1.0 (Homebrew GCC 9.1.0) ]
  ignore line: [COLLECT_GCC_OPTIONS='-v' '-o' 'CMakeFiles/cmTC_95114.dir/CMakeCCompilerABI.c.o' '-c' '-mmacosx-version-min=10.13.0' '-asm_macosx_version_min=10.13' '-mtune=core2']
  ignore line: [ /usr/local/Cellar/gcc/9.1.0/libexec/gcc/x86_64-apple-darwin17/9.1.0/cc1 -quiet -v -D__DYNAMIC__ /usr/local/Cellar/cmake/3.14.5/share/cmake/Modules/CMakeCCompilerABI.c -fPIC -quiet -dumpbase CMakeCCompilerABI.c -mmacosx-version-min=10.13.0 -mtune=core2 -auxbase-strip CMakeFiles/cmTC_95114.dir/CMakeCCompilerABI.c.o -version -o /var/folders/jz/c8ldz3cd2l7bwrfnmd6sxgfc0000gn/T//ccM8HDBI.s]
  ignore line: [GNU C17 (Homebrew GCC 9.1.0) version 9.1.0 (x86_64-apple-darwin17)]
  ignore line: [	compiled by GNU C version 9.1.0, GMP version 6.1.2, MPFR version 4.0.2, MPC version 1.1.0, isl version isl-0.21-GMP]
  ignore line: []
  ignore line: [GGC heuristics: --param ggc-min-expand=100 --param ggc-min-heapsize=131072]
  ignore line: [ignoring nonexistent directory "/usr/local/Cellar/gcc/9.1.0/lib/gcc/9/gcc/x86_64-apple-darwin17/9.1.0/../../../../../../x86_64-apple-darwin17/include"]
  ignore line: [#include "..." search starts here:]
  ignore line: [#include <...> search starts here:]
  ignore line: [ /usr/local/Cellar/gcc/9.1.0/lib/gcc/9/gcc/x86_64-apple-darwin17/9.1.0/include]
  ignore line: [ /usr/local/include]
  ignore line: [ /usr/local/Cellar/gcc/9.1.0/include]
  ignore line: [ /usr/local/Cellar/gcc/9.1.0/lib/gcc/9/gcc/x86_64-apple-darwin17/9.1.0/include-fixed]
  ignore line: [ /usr/include]
  ignore line: [ /System/Library/Frameworks]
  ignore line: [ /Library/Frameworks]
  ignore line: [End of search list.]
  ignore line: [GNU C17 (Homebrew GCC 9.1.0) version 9.1.0 (x86_64-apple-darwin17)]
  ignore line: [	compiled by GNU C version 9.1.0, GMP version 6.1.2, MPFR version 4.0.2, MPC version 1.1.0, isl version isl-0.21-GMP]
  ignore line: []
  ignore line: [GGC heuristics: --param ggc-min-expand=100 --param ggc-min-heapsize=131072]
  ignore line: [Compiler executable checksum: b74b441121f2728483b10ac75b78397c]
  ignore line: [COLLECT_GCC_OPTIONS='-v' '-o' 'CMakeFiles/cmTC_95114.dir/CMakeCCompilerABI.c.o' '-c' '-mmacosx-version-min=10.13.0'  '-mtune=core2']
  ignore line: [ as -arch x86_64 -v -force_cpusubtype_ALL -mmacosx-version-min=10.13 -o CMakeFiles/cmTC_95114.dir/CMakeCCompilerABI.c.o /var/folders/jz/c8ldz3cd2l7bwrfnmd6sxgfc0000gn/T//ccM8HDBI.s]
  ignore line: [Apple LLVM version 10.0.0 (clang-1000.10.44.4)]
  ignore line: [Target: x86_64-apple-darwin17.7.0]
  ignore line: [Thread model: posix]
  ignore line: [InstalledDir: /Library/Developer/CommandLineTools/usr/bin]
  ignore line: [ "/Library/Developer/CommandLineTools/usr/bin/clang" -cc1as -triple x86_64-apple-macosx10.13.0 -filetype obj -main-file-name ccM8HDBI.s -target-cpu penryn -fdebug-compilation-dir /Users/NicoleMoiseyev/Documents/Engineering/MiGroBox/ECE/esp/migrobox/main/build/CMakeFiles/CMakeTmp -dwarf-debug-producer Apple LLVM version 10.0.0 (clang-1000.10.44.4) -dwarf-version=4 -mrelocation-model pic -o CMakeFiles/cmTC_95114.dir/CMakeCCompilerABI.c.o /var/folders/jz/c8ldz3cd2l7bwrfnmd6sxgfc0000gn/T//ccM8HDBI.s]
  ignore line: [COMPILER_PATH=/usr/local/Cellar/gcc/9.1.0/libexec/gcc/x86_64-apple-darwin17/9.1.0/:/usr/local/Cellar/gcc/9.1.0/libexec/gcc/x86_64-apple-darwin17/9.1.0/:/usr/local/Cellar/gcc/9.1.0/libexec/gcc/x86_64-apple-darwin17/:/usr/local/Cellar/gcc/9.1.0/lib/gcc/9/gcc/x86_64-apple-darwin17/9.1.0/:/usr/local/Cellar/gcc/9.1.0/lib/gcc/9/gcc/x86_64-apple-darwin17/]
  ignore line: [LIBRARY_PATH=/usr/local/Cellar/gcc/9.1.0/lib/gcc/9/gcc/x86_64-apple-darwin17/9.1.0/:/usr/local/Cellar/gcc/9.1.0/lib/gcc/9/gcc/x86_64-apple-darwin17/9.1.0/../../../]
  ignore line: [COLLECT_GCC_OPTIONS='-v' '-o' 'CMakeFiles/cmTC_95114.dir/CMakeCCompilerABI.c.o' '-c' '-mmacosx-version-min=10.13.0'  '-mtune=core2']
  ignore line: [[2/2] Linking C executable cmTC_95114]
  ignore line: [Using built-in specs.]
  ignore line: [COLLECT_GCC=/usr/local/bin/gcc]
  ignore line: [COLLECT_LTO_WRAPPER=/usr/local/Cellar/gcc/9.1.0/libexec/gcc/x86_64-apple-darwin17/9.1.0/lto-wrapper]
  ignore line: [Target: x86_64-apple-darwin17]
  ignore line: [Configured with: ../configure --build=x86_64-apple-darwin17 --prefix=/usr/local/Cellar/gcc/9.1.0 --libdir=/usr/local/Cellar/gcc/9.1.0/lib/gcc/9 --disable-nls --enable-checking=release --enable-languages=c,c++,objc,obj-c++,fortran --program-suffix=-9 --with-gmp=/usr/local/opt/gmp --with-mpfr=/usr/local/opt/mpfr --with-mpc=/usr/local/opt/libmpc --with-isl=/usr/local/opt/isl --with-system-zlib --with-pkgversion='Homebrew GCC 9.1.0' --with-bugurl=https://github.com/Homebrew/homebrew-core/issues --disable-multilib]
  ignore line: [Thread model: posix]
  ignore line: [gcc version 9.1.0 (Homebrew GCC 9.1.0) ]
  ignore line: [COMPILER_PATH=/usr/local/Cellar/gcc/9.1.0/libexec/gcc/x86_64-apple-darwin17/9.1.0/:/usr/local/Cellar/gcc/9.1.0/libexec/gcc/x86_64-apple-darwin17/9.1.0/:/usr/local/Cellar/gcc/9.1.0/libexec/gcc/x86_64-apple-darwin17/:/usr/local/Cellar/gcc/9.1.0/lib/gcc/9/gcc/x86_64-apple-darwin17/9.1.0/:/usr/local/Cellar/gcc/9.1.0/lib/gcc/9/gcc/x86_64-apple-darwin17/]
  ignore line: [LIBRARY_PATH=/usr/local/Cellar/gcc/9.1.0/lib/gcc/9/gcc/x86_64-apple-darwin17/9.1.0/:/usr/local/Cellar/gcc/9.1.0/lib/gcc/9/gcc/x86_64-apple-darwin17/9.1.0/../../../]
  ignore line: [COLLECT_GCC_OPTIONS='-v' '-o' 'cmTC_95114' '-mmacosx-version-min=10.13.0' '-asm_macosx_version_min=10.13' '-mtune=core2']
  link line: [ /usr/local/Cellar/gcc/9.1.0/libexec/gcc/x86_64-apple-darwin17/9.1.0/collect2 -dynamic -arch x86_64 -macosx_version_min 10.13.0 -weak_reference_mismatches non-weak -o cmTC_95114 -L/usr/local/Cellar/gcc/9.1.0/lib/gcc/9/gcc/x86_64-apple-darwin17/9.1.0 -L/usr/local/Cellar/gcc/9.1.0/lib/gcc/9/gcc/x86_64-apple-darwin17/9.1.0/../../.. -search_paths_first -headerpad_max_install_names -v CMakeFiles/cmTC_95114.dir/CMakeCCompilerABI.c.o -no_compact_unwind -lSystem -lgcc_ext.10.5 -lgcc -lSystem -v]
    arg [/usr/local/Cellar/gcc/9.1.0/libexec/gcc/x86_64-apple-darwin17/9.1.0/collect2] ==> ignore
    arg [-dynamic] ==> ignore
    arg [-arch] ==> ignore
    arg [x86_64] ==> ignore
    arg [-macosx_version_min] ==> ignore
    arg [10.13.0] ==> ignore
    arg [-weak_reference_mismatches] ==> ignore
    arg [non-weak] ==> ignore
    arg [-o] ==> ignore
    arg [cmTC_95114] ==> ignore
    arg [-L/usr/local/Cellar/gcc/9.1.0/lib/gcc/9/gcc/x86_64-apple-darwin17/9.1.0] ==> dir [/usr/local/Cellar/gcc/9.1.0/lib/gcc/9/gcc/x86_64-apple-darwin17/9.1.0]
    arg [-L/usr/local/Cellar/gcc/9.1.0/lib/gcc/9/gcc/x86_64-apple-darwin17/9.1.0/../../..] ==> dir [/usr/local/Cellar/gcc/9.1.0/lib/gcc/9/gcc/x86_64-apple-darwin17/9.1.0/../../..]
    arg [-search_paths_first] ==> ignore
    arg [-headerpad_max_install_names] ==> ignore
    arg [-v] ==> ignore
    arg [CMakeFiles/cmTC_95114.dir/CMakeCCompilerABI.c.o] ==> ignore
    arg [-no_compact_unwind] ==> ignore
    arg [-lSystem] ==> lib [System]
    arg [-lgcc_ext.10.5] ==> lib [gcc_ext.10.5]
    arg [-lgcc] ==> lib [gcc]
    arg [-lSystem] ==> lib [System]
    arg [-v] ==> ignore
  Library search paths: [;/usr/local/Cellar/gcc/9.1.0/lib/gcc/9/gcc/x86_64-apple-darwin17/9.1.0;/usr/local/Cellar/gcc/9.1.0/lib/gcc/9;/usr/lib;/usr/local/lib]
  Framework search paths: [;/Library/Frameworks/;/System/Library/Frameworks/]
  remove lib [System]
  remove lib [System]
  collapse library dir [/usr/local/Cellar/gcc/9.1.0/lib/gcc/9/gcc/x86_64-apple-darwin17/9.1.0] ==> [/usr/local/Cellar/gcc/9.1.0/lib/gcc/9/gcc/x86_64-apple-darwin17/9.1.0]
  collapse library dir [/usr/local/Cellar/gcc/9.1.0/lib/gcc/9/gcc/x86_64-apple-darwin17/9.1.0/../../..] ==> [/usr/local/Cellar/gcc/9.1.0/lib/gcc/9]
  collapse library dir [/usr/local/Cellar/gcc/9.1.0/lib/gcc/9/gcc/x86_64-apple-darwin17/9.1.0] ==> [/usr/local/Cellar/gcc/9.1.0/lib/gcc/9/gcc/x86_64-apple-darwin17/9.1.0]
  collapse library dir [/usr/local/Cellar/gcc/9.1.0/lib/gcc/9] ==> [/usr/local/Cellar/gcc/9.1.0/lib/gcc/9]
  collapse library dir [/usr/lib] ==> [/usr/lib]
  collapse library dir [/usr/local/lib] ==> [/usr/local/lib]
  collapse framework dir [/Library/Frameworks/] ==> [/Library/Frameworks]
  collapse framework dir [/System/Library/Frameworks/] ==> [/System/Library/Frameworks]
  implicit libs: [gcc_ext.10.5;gcc]
  implicit dirs: [/usr/local/Cellar/gcc/9.1.0/lib/gcc/9/gcc/x86_64-apple-darwin17/9.1.0;/usr/local/Cellar/gcc/9.1.0/lib/gcc/9;/usr/lib;/usr/local/lib]
  implicit fwks: [/Library/Frameworks;/System/Library/Frameworks]




Detecting C [-std=c11] compiler features compiled with the following output:
Change Dir: /Users/NicoleMoiseyev/Documents/Engineering/MiGroBox/ECE/esp/migrobox/main/build/CMakeFiles/CMakeTmp

Run Build Command(s):/usr/local/bin/ninja cmTC_838d4 
[1/2] Building C object CMakeFiles/cmTC_838d4.dir/feature_tests.c.o
[2/2] Linking C executable cmTC_838d4


    Feature record: C_FEATURE:1c_function_prototypes
    Feature record: C_FEATURE:1c_restrict
    Feature record: C_FEATURE:1c_static_assert
    Feature record: C_FEATURE:1c_variadic_macros


Detecting C [-std=c99] compiler features compiled with the following output:
Change Dir: /Users/NicoleMoiseyev/Documents/Engineering/MiGroBox/ECE/esp/migrobox/main/build/CMakeFiles/CMakeTmp

Run Build Command(s):/usr/local/bin/ninja cmTC_21594 
[1/2] Building C object CMakeFiles/cmTC_21594.dir/feature_tests.c.o
[2/2] Linking C executable cmTC_21594


    Feature record: C_FEATURE:1c_function_prototypes
    Feature record: C_FEATURE:1c_restrict
    Feature record: C_FEATURE:0c_static_assert
    Feature record: C_FEATURE:1c_variadic_macros


Detecting C [-std=c90] compiler features compiled with the following output:
Change Dir: /Users/NicoleMoiseyev/Documents/Engineering/MiGroBox/ECE/esp/migrobox/main/build/CMakeFiles/CMakeTmp

Run Build Command(s):/usr/local/bin/ninja cmTC_b0b87 
[1/2] Building C object CMakeFiles/cmTC_b0b87.dir/feature_tests.c.o
[2/2] Linking C executable cmTC_b0b87


    Feature record: C_FEATURE:1c_function_prototypes
    Feature record: C_FEATURE:0c_restrict
    Feature record: C_FEATURE:0c_static_assert
    Feature record: C_FEATURE:0c_variadic_macros
Determining if the CXX compiler works passed with the following output:
Change Dir: /Users/NicoleMoiseyev/Documents/Engineering/MiGroBox/ECE/esp/migrobox/main/build/CMakeFiles/CMakeTmp

Run Build Command(s):/usr/local/bin/ninja cmTC_5fd35 
[1/2] Building CXX object CMakeFiles/cmTC_5fd35.dir/testCXXCompiler.cxx.o
[2/2] Linking CXX executable cmTC_5fd35


Detecting CXX compiler ABI info compiled with the following output:
Change Dir: /Users/NicoleMoiseyev/Documents/Engineering/MiGroBox/ECE/esp/migrobox/main/build/CMakeFiles/CMakeTmp

Run Build Command(s):/usr/local/bin/ninja cmTC_fd33e 
[1/2] Building CXX object CMakeFiles/cmTC_fd33e.dir/CMakeCXXCompilerABI.cpp.o
Using built-in specs.
COLLECT_GCC=/usr/local/bin/g++
Target: x86_64-apple-darwin17
Configured with: ../configure --build=x86_64-apple-darwin17 --prefix=/usr/local/Cellar/gcc/9.1.0 --libdir=/usr/local/Cellar/gcc/9.1.0/lib/gcc/9 --disable-nls --enable-checking=release --enable-languages=c,c++,objc,obj-c++,fortran --program-suffix=-9 --with-gmp=/usr/local/opt/gmp --with-mpfr=/usr/local/opt/mpfr --with-mpc=/usr/local/opt/libmpc --with-isl=/usr/local/opt/isl --with-system-zlib --with-pkgversion='Homebrew GCC 9.1.0' --with-bugurl=https://github.com/Homebrew/homebrew-core/issues --disable-multilib
Thread model: posix
gcc version 9.1.0 (Homebrew GCC 9.1.0) 
COLLECT_GCC_OPTIONS='-v' '-o' 'CMakeFiles/cmTC_fd33e.dir/CMakeCXXCompilerABI.cpp.o' '-c' '-mmacosx-version-min=10.13.0' '-asm_macosx_version_min=10.13' '-shared-libgcc' '-mtune=core2'
 /usr/local/Cellar/gcc/9.1.0/libexec/gcc/x86_64-apple-darwin17/9.1.0/cc1plus -quiet -v -D__DYNAMIC__ /usr/local/Cellar/cmake/3.14.5/share/cmake/Modules/CMakeCXXCompilerABI.cpp -fPIC -quiet -dumpbase CMakeCXXCompilerABI.cpp -mmacosx-version-min=10.13.0 -mtune=core2 -auxbase-strip CMakeFiles/cmTC_fd33e.dir/CMakeCXXCompilerABI.cpp.o -version -o /var/folders/jz/c8ldz3cd2l7bwrfnmd6sxgfc0000gn/T//ccujWATF.s
GNU C++14 (Homebrew GCC 9.1.0) version 9.1.0 (x86_64-apple-darwin17)
	compiled by GNU C version 9.1.0, GMP version 6.1.2, MPFR version 4.0.2, MPC version 1.1.0, isl version isl-0.21-GMP

GGC heuristics: --param ggc-min-expand=100 --param ggc-min-heapsize=131072
ignoring nonexistent directory "/usr/local/Cellar/gcc/9.1.0/lib/gcc/9/gcc/x86_64-apple-darwin17/9.1.0/../../../../../../x86_64-apple-darwin17/include"
#include "..." search starts here:
#include <...> search starts here:
 /usr/local/Cellar/gcc/9.1.0/lib/gcc/9/gcc/x86_64-apple-darwin17/9.1.0/../../../../../../include/c++/9.1.0
 /usr/local/Cellar/gcc/9.1.0/lib/gcc/9/gcc/x86_64-apple-darwin17/9.1.0/../../../../../../include/c++/9.1.0/x86_64-apple-darwin17
 /usr/local/Cellar/gcc/9.1.0/lib/gcc/9/gcc/x86_64-apple-darwin17/9.1.0/../../../../../../include/c++/9.1.0/backward
 /usr/local/Cellar/gcc/9.1.0/lib/gcc/9/gcc/x86_64-apple-darwin17/9.1.0/include
 /usr/local/include
 /usr/local/Cellar/gcc/9.1.0/include
 /usr/local/Cellar/gcc/9.1.0/lib/gcc/9/gcc/x86_64-apple-darwin17/9.1.0/include-fixed
 /usr/include
 /System/Library/Frameworks
 /Library/Frameworks
End of search list.
GNU C++14 (Homebrew GCC 9.1.0) version 9.1.0 (x86_64-apple-darwin17)
	compiled by GNU C version 9.1.0, GMP version 6.1.2, MPFR version 4.0.2, MPC version 1.1.0, isl version isl-0.21-GMP

GGC heuristics: --param ggc-min-expand=100 --param ggc-min-heapsize=131072
Compiler executable checksum: f96085f2395aad0886b8a499383f9c66
COLLECT_GCC_OPTIONS='-v' '-o' 'CMakeFiles/cmTC_fd33e.dir/CMakeCXXCompilerABI.cpp.o' '-c' '-mmacosx-version-min=10.13.0'  '-shared-libgcc' '-mtune=core2'
 as -arch x86_64 -v -force_cpusubtype_ALL -mmacosx-version-min=10.13 -o CMakeFiles/cmTC_fd33e.dir/CMakeCXXCompilerABI.cpp.o /var/folders/jz/c8ldz3cd2l7bwrfnmd6sxgfc0000gn/T//ccujWATF.s
Apple LLVM version 10.0.0 (clang-1000.10.44.4)
Target: x86_64-apple-darwin17.7.0
Thread model: posix
InstalledDir: /Library/Developer/CommandLineTools/usr/bin
 "/Library/Developer/CommandLineTools/usr/bin/clang" -cc1as -triple x86_64-apple-macosx10.13.0 -filetype obj -main-file-name ccujWATF.s -target-cpu penryn -fdebug-compilation-dir /Users/NicoleMoiseyev/Documents/Engineering/MiGroBox/ECE/esp/migrobox/main/build/CMakeFiles/CMakeTmp -dwarf-debug-producer Apple LLVM version 10.0.0 (clang-1000.10.44.4) -dwarf-version=4 -mrelocation-model pic -o CMakeFiles/cmTC_fd33e.dir/CMakeCXXCompilerABI.cpp.o /var/folders/jz/c8ldz3cd2l7bwrfnmd6sxgfc0000gn/T//ccujWATF.s
COMPILER_PATH=/usr/local/Cellar/gcc/9.1.0/libexec/gcc/x86_64-apple-darwin17/9.1.0/:/usr/local/Cellar/gcc/9.1.0/libexec/gcc/x86_64-apple-darwin17/9.1.0/:/usr/local/Cellar/gcc/9.1.0/libexec/gcc/x86_64-apple-darwin17/:/usr/local/Cellar/gcc/9.1.0/lib/gcc/9/gcc/x86_64-apple-darwin17/9.1.0/:/usr/local/Cellar/gcc/9.1.0/lib/gcc/9/gcc/x86_64-apple-darwin17/
LIBRARY_PATH=/usr/local/Cellar/gcc/9.1.0/lib/gcc/9/gcc/x86_64-apple-darwin17/9.1.0/:/usr/local/Cellar/gcc/9.1.0/lib/gcc/9/gcc/x86_64-apple-darwin17/9.1.0/../../../
COLLECT_GCC_OPTIONS='-v' '-o' 'CMakeFiles/cmTC_fd33e.dir/CMakeCXXCompilerABI.cpp.o' '-c' '-mmacosx-version-min=10.13.0'  '-shared-libgcc' '-mtune=core2'
[2/2] Linking CXX executable cmTC_fd33e
Using built-in specs.
COLLECT_GCC=/usr/local/bin/g++
COLLECT_LTO_WRAPPER=/usr/local/Cellar/gcc/9.1.0/libexec/gcc/x86_64-apple-darwin17/9.1.0/lto-wrapper
Target: x86_64-apple-darwin17
Configured with: ../configure --build=x86_64-apple-darwin17 --prefix=/usr/local/Cellar/gcc/9.1.0 --libdir=/usr/local/Cellar/gcc/9.1.0/lib/gcc/9 --disable-nls --enable-checking=release --enable-languages=c,c++,objc,obj-c++,fortran --program-suffix=-9 --with-gmp=/usr/local/opt/gmp --with-mpfr=/usr/local/opt/mpfr --with-mpc=/usr/local/opt/libmpc --with-isl=/usr/local/opt/isl --with-system-zlib --with-pkgversion='Homebrew GCC 9.1.0' --with-bugurl=https://github.com/Homebrew/homebrew-core/issues --disable-multilib
Thread model: posix
gcc version 9.1.0 (Homebrew GCC 9.1.0) 
COMPILER_PATH=/usr/local/Cellar/gcc/9.1.0/libexec/gcc/x86_64-apple-darwin17/9.1.0/:/usr/local/Cellar/gcc/9.1.0/libexec/gcc/x86_64-apple-darwin17/9.1.0/:/usr/local/Cellar/gcc/9.1.0/libexec/gcc/x86_64-apple-darwin17/:/usr/local/Cellar/gcc/9.1.0/lib/gcc/9/gcc/x86_64-apple-darwin17/9.1.0/:/usr/local/Cellar/gcc/9.1.0/lib/gcc/9/gcc/x86_64-apple-darwin17/
LIBRARY_PATH=/usr/local/Cellar/gcc/9.1.0/lib/gcc/9/gcc/x86_64-apple-darwin17/9.1.0/:/usr/local/Cellar/gcc/9.1.0/lib/gcc/9/gcc/x86_64-apple-darwin17/9.1.0/../../../
COLLECT_GCC_OPTIONS='-v' '-o' 'cmTC_fd33e' '-mmacosx-version-min=10.13.0' '-asm_macosx_version_min=10.13' '-shared-libgcc' '-mtune=core2'
 /usr/local/Cellar/gcc/9.1.0/libexec/gcc/x86_64-apple-darwin17/9.1.0/collect2 -dynamic -arch x86_64 -macosx_version_min 10.13.0 -weak_reference_mismatches non-weak -o cmTC_fd33e -L/usr/local/Cellar/gcc/9.1.0/lib/gcc/9/gcc/x86_64-apple-darwin17/9.1.0 -L/usr/local/Cellar/gcc/9.1.0/lib/gcc/9/gcc/x86_64-apple-darwin17/9.1.0/../../.. -search_paths_first -headerpad_max_install_names -v CMakeFiles/cmTC_fd33e.dir/CMakeCXXCompilerABI.cpp.o -lstdc++ -no_compact_unwind -lSystem -lgcc_ext.10.5 -lgcc -lSystem -v
collect2 version 9.1.0
/usr/bin/ld -dynamic -arch x86_64 -macosx_version_min 10.13.0 -weak_reference_mismatches non-weak -o cmTC_fd33e -L/usr/local/Cellar/gcc/9.1.0/lib/gcc/9/gcc/x86_64-apple-darwin17/9.1.0 -L/usr/local/Cellar/gcc/9.1.0/lib/gcc/9/gcc/x86_64-apple-darwin17/9.1.0/../../.. -search_paths_first -headerpad_max_install_names -v CMakeFiles/cmTC_fd33e.dir/CMakeCXXCompilerABI.cpp.o -lstdc++ -no_compact_unwind -lSystem -lgcc_ext.10.5 -lgcc -lSystem -v
@(#)PROGRAM:ld  PROJECT:ld64-409.12
BUILD 17:47:51 Sep 25 2018
configured to support archs: armv6 armv7 armv7s arm64 i386 x86_64 x86_64h armv6m armv7k armv7m armv7em
@(#)PROGRAM:ld  PROJECT:ld64-409.12
BUILD 17:47:51 Sep 25 2018
configured to support archs: armv6 armv7 armv7s arm64 i386 x86_64 x86_64h armv6m armv7k armv7m armv7em
Library search paths:
	/usr/local/Cellar/gcc/9.1.0/lib/gcc/9/gcc/x86_64-apple-darwin17/9.1.0
	/usr/local/Cellar/gcc/9.1.0/lib/gcc/9
	/usr/lib
	/usr/local/lib
Framework search paths:
	/Library/Frameworks/
	/System/Library/Frameworks/


Parsed CXX implicit include dir info from above output: rv=done
  found start of include info
  found start of implicit include info
    add: [/usr/local/Cellar/gcc/9.1.0/lib/gcc/9/gcc/x86_64-apple-darwin17/9.1.0/../../../../../../include/c++/9.1.0]
    add: [/usr/local/Cellar/gcc/9.1.0/lib/gcc/9/gcc/x86_64-apple-darwin17/9.1.0/../../../../../../include/c++/9.1.0/x86_64-apple-darwin17]
    add: [/usr/local/Cellar/gcc/9.1.0/lib/gcc/9/gcc/x86_64-apple-darwin17/9.1.0/../../../../../../include/c++/9.1.0/backward]
    add: [/usr/local/Cellar/gcc/9.1.0/lib/gcc/9/gcc/x86_64-apple-darwin17/9.1.0/include]
    add: [/usr/local/include]
    add: [/usr/local/Cellar/gcc/9.1.0/include]
    add: [/usr/local/Cellar/gcc/9.1.0/lib/gcc/9/gcc/x86_64-apple-darwin17/9.1.0/include-fixed]
    add: [/usr/include]
    add: [/System/Library/Frameworks]
    add: [/Library/Frameworks]
  end of search list found
  collapse include dir [/usr/local/Cellar/gcc/9.1.0/lib/gcc/9/gcc/x86_64-apple-darwin17/9.1.0/../../../../../../include/c++/9.1.0] ==> [/usr/local/Cellar/gcc/9.1.0/include/c++/9.1.0]
  collapse include dir [/usr/local/Cellar/gcc/9.1.0/lib/gcc/9/gcc/x86_64-apple-darwin17/9.1.0/../../../../../../include/c++/9.1.0/x86_64-apple-darwin17] ==> [/usr/local/Cellar/gcc/9.1.0/include/c++/9.1.0/x86_64-apple-darwin17]
  collapse include dir [/usr/local/Cellar/gcc/9.1.0/lib/gcc/9/gcc/x86_64-apple-darwin17/9.1.0/../../../../../../include/c++/9.1.0/backward] ==> [/usr/local/Cellar/gcc/9.1.0/include/c++/9.1.0/backward]
  collapse include dir [/usr/local/Cellar/gcc/9.1.0/lib/gcc/9/gcc/x86_64-apple-darwin17/9.1.0/include] ==> [/usr/local/Cellar/gcc/9.1.0/lib/gcc/9/gcc/x86_64-apple-darwin17/9.1.0/include]
  collapse include dir [/usr/local/include] ==> [/usr/local/include]
  collapse include dir [/usr/local/Cellar/gcc/9.1.0/include] ==> [/usr/local/Cellar/gcc/9.1.0/include]
  collapse include dir [/usr/local/Cellar/gcc/9.1.0/lib/gcc/9/gcc/x86_64-apple-darwin17/9.1.0/include-fixed] ==> [/usr/local/Cellar/gcc/9.1.0/lib/gcc/9/gcc/x86_64-apple-darwin17/9.1.0/include-fixed]
  collapse include dir [/usr/include] ==> [/usr/include]
  collapse include dir [/System/Library/Frameworks] ==> [/System/Library/Frameworks]
  collapse include dir [/Library/Frameworks] ==> [/Library/Frameworks]
  implicit include dirs: [/usr/local/Cellar/gcc/9.1.0/include/c++/9.1.0;/usr/local/Cellar/gcc/9.1.0/include/c++/9.1.0/x86_64-apple-darwin17;/usr/local/Cellar/gcc/9.1.0/include/c++/9.1.0/backward;/usr/local/Cellar/gcc/9.1.0/lib/gcc/9/gcc/x86_64-apple-darwin17/9.1.0/include;/usr/local/include;/usr/local/Cellar/gcc/9.1.0/include;/usr/local/Cellar/gcc/9.1.0/lib/gcc/9/gcc/x86_64-apple-darwin17/9.1.0/include-fixed;/usr/include;/System/Library/Frameworks;/Library/Frameworks]


Parsed CXX implicit link information from above output:
  link line regex: [^( *|.*[/\])(ld|CMAKE_LINK_STARTFILE-NOTFOUND|([^/\]+-)?ld|collect2)[^/\]*( |$)]
  ignore line: [Change Dir: /Users/NicoleMoiseyev/Documents/Engineering/MiGroBox/ECE/esp/migrobox/main/build/CMakeFiles/CMakeTmp]
  ignore line: []
  ignore line: [Run Build Command(s):/usr/local/bin/ninja cmTC_fd33e ]
  ignore line: [[1/2] Building CXX object CMakeFiles/cmTC_fd33e.dir/CMakeCXXCompilerABI.cpp.o]
  ignore line: [Using built-in specs.]
  ignore line: [COLLECT_GCC=/usr/local/bin/g++]
  ignore line: [Target: x86_64-apple-darwin17]
  ignore line: [Configured with: ../configure --build=x86_64-apple-darwin17 --prefix=/usr/local/Cellar/gcc/9.1.0 --libdir=/usr/local/Cellar/gcc/9.1.0/lib/gcc/9 --disable-nls --enable-checking=release --enable-languages=c,c++,objc,obj-c++,fortran --program-suffix=-9 --with-gmp=/usr/local/opt/gmp --with-mpfr=/usr/local/opt/mpfr --with-mpc=/usr/local/opt/libmpc --with-isl=/usr/local/opt/isl --with-system-zlib --with-pkgversion='Homebrew GCC 9.1.0' --with-bugurl=https://github.com/Homebrew/homebrew-core/issues --disable-multilib]
  ignore line: [Thread model: posix]
  ignore line: [gcc version 9.1.0 (Homebrew GCC 9.1.0) ]
  ignore line: [COLLECT_GCC_OPTIONS='-v' '-o' 'CMakeFiles/cmTC_fd33e.dir/CMakeCXXCompilerABI.cpp.o' '-c' '-mmacosx-version-min=10.13.0' '-asm_macosx_version_min=10.13' '-shared-libgcc' '-mtune=core2']
  ignore line: [ /usr/local/Cellar/gcc/9.1.0/libexec/gcc/x86_64-apple-darwin17/9.1.0/cc1plus -quiet -v -D__DYNAMIC__ /usr/local/Cellar/cmake/3.14.5/share/cmake/Modules/CMakeCXXCompilerABI.cpp -fPIC -quiet -dumpbase CMakeCXXCompilerABI.cpp -mmacosx-version-min=10.13.0 -mtune=core2 -auxbase-strip CMakeFiles/cmTC_fd33e.dir/CMakeCXXCompilerABI.cpp.o -version -o /var/folders/jz/c8ldz3cd2l7bwrfnmd6sxgfc0000gn/T//ccujWATF.s]
  ignore line: [GNU C++14 (Homebrew GCC 9.1.0) version 9.1.0 (x86_64-apple-darwin17)]
  ignore line: [	compiled by GNU C version 9.1.0, GMP version 6.1.2, MPFR version 4.0.2, MPC version 1.1.0, isl version isl-0.21-GMP]
  ignore line: []
  ignore line: [GGC heuristics: --param ggc-min-expand=100 --param ggc-min-heapsize=131072]
  ignore line: [ignoring nonexistent directory "/usr/local/Cellar/gcc/9.1.0/lib/gcc/9/gcc/x86_64-apple-darwin17/9.1.0/../../../../../../x86_64-apple-darwin17/include"]
  ignore line: [#include "..." search starts here:]
  ignore line: [#include <...> search starts here:]
  ignore line: [ /usr/local/Cellar/gcc/9.1.0/lib/gcc/9/gcc/x86_64-apple-darwin17/9.1.0/../../../../../../include/c++/9.1.0]
  ignore line: [ /usr/local/Cellar/gcc/9.1.0/lib/gcc/9/gcc/x86_64-apple-darwin17/9.1.0/../../../../../../include/c++/9.1.0/x86_64-apple-darwin17]
  ignore line: [ /usr/local/Cellar/gcc/9.1.0/lib/gcc/9/gcc/x86_64-apple-darwin17/9.1.0/../../../../../../include/c++/9.1.0/backward]
  ignore line: [ /usr/local/Cellar/gcc/9.1.0/lib/gcc/9/gcc/x86_64-apple-darwin17/9.1.0/include]
  ignore line: [ /usr/local/include]
  ignore line: [ /usr/local/Cellar/gcc/9.1.0/include]
  ignore line: [ /usr/local/Cellar/gcc/9.1.0/lib/gcc/9/gcc/x86_64-apple-darwin17/9.1.0/include-fixed]
  ignore line: [ /usr/include]
  ignore line: [ /System/Library/Frameworks]
  ignore line: [ /Library/Frameworks]
  ignore line: [End of search list.]
  ignore line: [GNU C++14 (Homebrew GCC 9.1.0) version 9.1.0 (x86_64-apple-darwin17)]
  ignore line: [	compiled by GNU C version 9.1.0, GMP version 6.1.2, MPFR version 4.0.2, MPC version 1.1.0, isl version isl-0.21-GMP]
  ignore line: []
  ignore line: [GGC heuristics: --param ggc-min-expand=100 --param ggc-min-heapsize=131072]
  ignore line: [Compiler executable checksum: f96085f2395aad0886b8a499383f9c66]
  ignore line: [COLLECT_GCC_OPTIONS='-v' '-o' 'CMakeFiles/cmTC_fd33e.dir/CMakeCXXCompilerABI.cpp.o' '-c' '-mmacosx-version-min=10.13.0'  '-shared-libgcc' '-mtune=core2']
  ignore line: [ as -arch x86_64 -v -force_cpusubtype_ALL -mmacosx-version-min=10.13 -o CMakeFiles/cmTC_fd33e.dir/CMakeCXXCompilerABI.cpp.o /var/folders/jz/c8ldz3cd2l7bwrfnmd6sxgfc0000gn/T//ccujWATF.s]
  ignore line: [Apple LLVM version 10.0.0 (clang-1000.10.44.4)]
  ignore line: [Target: x86_64-apple-darwin17.7.0]
  ignore line: [Thread model: posix]
  ignore line: [InstalledDir: /Library/Developer/CommandLineTools/usr/bin]
  ignore line: [ "/Library/Developer/CommandLineTools/usr/bin/clang" -cc1as -triple x86_64-apple-macosx10.13.0 -filetype obj -main-file-name ccujWATF.s -target-cpu penryn -fdebug-compilation-dir /Users/NicoleMoiseyev/Documents/Engineering/MiGroBox/ECE/esp/migrobox/main/build/CMakeFiles/CMakeTmp -dwarf-debug-producer Apple LLVM version 10.0.0 (clang-1000.10.44.4) -dwarf-version=4 -mrelocation-model pic -o CMakeFiles/cmTC_fd33e.dir/CMakeCXXCompilerABI.cpp.o /var/folders/jz/c8ldz3cd2l7bwrfnmd6sxgfc0000gn/T//ccujWATF.s]
  ignore line: [COMPILER_PATH=/usr/local/Cellar/gcc/9.1.0/libexec/gcc/x86_64-apple-darwin17/9.1.0/:/usr/local/Cellar/gcc/9.1.0/libexec/gcc/x86_64-apple-darwin17/9.1.0/:/usr/local/Cellar/gcc/9.1.0/libexec/gcc/x86_64-apple-darwin17/:/usr/local/Cellar/gcc/9.1.0/lib/gcc/9/gcc/x86_64-apple-darwin17/9.1.0/:/usr/local/Cellar/gcc/9.1.0/lib/gcc/9/gcc/x86_64-apple-darwin17/]
  ignore line: [LIBRARY_PATH=/usr/local/Cellar/gcc/9.1.0/lib/gcc/9/gcc/x86_64-apple-darwin17/9.1.0/:/usr/local/Cellar/gcc/9.1.0/lib/gcc/9/gcc/x86_64-apple-darwin17/9.1.0/../../../]
  ignore line: [COLLECT_GCC_OPTIONS='-v' '-o' 'CMakeFiles/cmTC_fd33e.dir/CMakeCXXCompilerABI.cpp.o' '-c' '-mmacosx-version-min=10.13.0'  '-shared-libgcc' '-mtune=core2']
  ignore line: [[2/2] Linking CXX executable cmTC_fd33e]
  ignore line: [Using built-in specs.]
  ignore line: [COLLECT_GCC=/usr/local/bin/g++]
  ignore line: [COLLECT_LTO_WRAPPER=/usr/local/Cellar/gcc/9.1.0/libexec/gcc/x86_64-apple-darwin17/9.1.0/lto-wrapper]
  ignore line: [Target: x86_64-apple-darwin17]
  ignore line: [Configured with: ../configure --build=x86_64-apple-darwin17 --prefix=/usr/local/Cellar/gcc/9.1.0 --libdir=/usr/local/Cellar/gcc/9.1.0/lib/gcc/9 --disable-nls --enable-checking=release --enable-languages=c,c++,objc,obj-c++,fortran --program-suffix=-9 --with-gmp=/usr/local/opt/gmp --with-mpfr=/usr/local/opt/mpfr --with-mpc=/usr/local/opt/libmpc --with-isl=/usr/local/opt/isl --with-system-zlib --with-pkgversion='Homebrew GCC 9.1.0' --with-bugurl=https://github.com/Homebrew/homebrew-core/issues --disable-multilib]
  ignore line: [Thread model: posix]
  ignore line: [gcc version 9.1.0 (Homebrew GCC 9.1.0) ]
  ignore line: [COMPILER_PATH=/usr/local/Cellar/gcc/9.1.0/libexec/gcc/x86_64-apple-darwin17/9.1.0/:/usr/local/Cellar/gcc/9.1.0/libexec/gcc/x86_64-apple-darwin17/9.1.0/:/usr/local/Cellar/gcc/9.1.0/libexec/gcc/x86_64-apple-darwin17/:/usr/local/Cellar/gcc/9.1.0/lib/gcc/9/gcc/x86_64-apple-darwin17/9.1.0/:/usr/local/Cellar/gcc/9.1.0/lib/gcc/9/gcc/x86_64-apple-darwin17/]
  ignore line: [LIBRARY_PATH=/usr/local/Cellar/gcc/9.1.0/lib/gcc/9/gcc/x86_64-apple-darwin17/9.1.0/:/usr/local/Cellar/gcc/9.1.0/lib/gcc/9/gcc/x86_64-apple-darwin17/9.1.0/../../../]
  ignore line: [COLLECT_GCC_OPTIONS='-v' '-o' 'cmTC_fd33e' '-mmacosx-version-min=10.13.0' '-asm_macosx_version_min=10.13' '-shared-libgcc' '-mtune=core2']
  link line: [ /usr/local/Cellar/gcc/9.1.0/libexec/gcc/x86_64-apple-darwin17/9.1.0/collect2 -dynamic -arch x86_64 -macosx_version_min 10.13.0 -weak_reference_mismatches non-weak -o cmTC_fd33e -L/usr/local/Cellar/gcc/9.1.0/lib/gcc/9/gcc/x86_64-apple-darwin17/9.1.0 -L/usr/local/Cellar/gcc/9.1.0/lib/gcc/9/gcc/x86_64-apple-darwin17/9.1.0/../../.. -search_paths_first -headerpad_max_install_names -v CMakeFiles/cmTC_fd33e.dir/CMakeCXXCompilerABI.cpp.o -lstdc++ -no_compact_unwind -lSystem -lgcc_ext.10.5 -lgcc -lSystem -v]
    arg [/usr/local/Cellar/gcc/9.1.0/libexec/gcc/x86_64-apple-darwin17/9.1.0/collect2] ==> ignore
    arg [-dynamic] ==> ignore
    arg [-arch] ==> ignore
    arg [x86_64] ==> ignore
    arg [-macosx_version_min] ==> ignore
    arg [10.13.0] ==> ignore
    arg [-weak_reference_mismatches] ==> ignore
    arg [non-weak] ==> ignore
    arg [-o] ==> ignore
    arg [cmTC_fd33e] ==> ignore
    arg [-L/usr/local/Cellar/gcc/9.1.0/lib/gcc/9/gcc/x86_64-apple-darwin17/9.1.0] ==> dir [/usr/local/Cellar/gcc/9.1.0/lib/gcc/9/gcc/x86_64-apple-darwin17/9.1.0]
    arg [-L/usr/local/Cellar/gcc/9.1.0/lib/gcc/9/gcc/x86_64-apple-darwin17/9.1.0/../../..] ==> dir [/usr/local/Cellar/gcc/9.1.0/lib/gcc/9/gcc/x86_64-apple-darwin17/9.1.0/../../..]
    arg [-search_paths_first] ==> ignore
    arg [-headerpad_max_install_names] ==> ignore
    arg [-v] ==> ignore
    arg [CMakeFiles/cmTC_fd33e.dir/CMakeCXXCompilerABI.cpp.o] ==> ignore
    arg [-lstdc++] ==> lib [stdc++]
    arg [-no_compact_unwind] ==> ignore
    arg [-lSystem] ==> lib [System]
    arg [-lgcc_ext.10.5] ==> lib [gcc_ext.10.5]
    arg [-lgcc] ==> lib [gcc]
    arg [-lSystem] ==> lib [System]
    arg [-v] ==> ignore
  Library search paths: [;/usr/local/Cellar/gcc/9.1.0/lib/gcc/9/gcc/x86_64-apple-darwin17/9.1.0;/usr/local/Cellar/gcc/9.1.0/lib/gcc/9;/usr/lib;/usr/local/lib]
  Framework search paths: [;/Library/Frameworks/;/System/Library/Frameworks/]
  remove lib [System]
  remove lib [System]
  collapse library dir [/usr/local/Cellar/gcc/9.1.0/lib/gcc/9/gcc/x86_64-apple-darwin17/9.1.0] ==> [/usr/local/Cellar/gcc/9.1.0/lib/gcc/9/gcc/x86_64-apple-darwin17/9.1.0]
  collapse library dir [/usr/local/Cellar/gcc/9.1.0/lib/gcc/9/gcc/x86_64-apple-darwin17/9.1.0/../../..] ==> [/usr/local/Cellar/gcc/9.1.0/lib/gcc/9]
  collapse library dir [/usr/local/Cellar/gcc/9.1.0/lib/gcc/9/gcc/x86_64-apple-darwin17/9.1.0] ==> [/usr/local/Cellar/gcc/9.1.0/lib/gcc/9/gcc/x86_64-apple-darwin17/9.1.0]
  collapse library dir [/usr/local/Cellar/gcc/9.1.0/lib/gcc/9] ==> [/usr/local/Cellar/gcc/9.1.0/lib/gcc/9]
  collapse library dir [/usr/lib] ==> [/usr/lib]
  collapse library dir [/usr/local/lib] ==> [/usr/local/lib]
  collapse framework dir [/Library/Frameworks/] ==> [/Library/Frameworks]
  collapse framework dir [/System/Library/Frameworks/] ==> [/System/Library/Frameworks]
  implicit libs: [stdc++;gcc_ext.10.5;gcc]
  implicit dirs: [/usr/local/Cellar/gcc/9.1.0/lib/gcc/9/gcc/x86_64-apple-darwin17/9.1.0;/usr/local/Cellar/gcc/9.1.0/lib/gcc/9;/usr/lib;/usr/local/lib]
  implicit fwks: [/Library/Frameworks;/System/Library/Frameworks]




Detecting CXX [-std=c++2a] compiler features compiled with the following output:
Change Dir: /Users/NicoleMoiseyev/Documents/Engineering/MiGroBox/ECE/esp/migrobox/main/build/CMakeFiles/CMakeTmp

Run Build Command(s):/usr/local/bin/ninja cmTC_97784 
[1/2] Building CXX object CMakeFiles/cmTC_97784.dir/feature_tests.cxx.o
[2/2] Linking CXX executable cmTC_97784


    Feature record: CXX_FEATURE:1cxx_aggregate_default_initializers
    Feature record: CXX_FEATURE:1cxx_alias_templates
    Feature record: CXX_FEATURE:1cxx_alignas
    Feature record: CXX_FEATURE:1cxx_alignof
    Feature record: CXX_FEATURE:1cxx_attributes
    Feature record: CXX_FEATURE:1cxx_attribute_deprecated
    Feature record: CXX_FEATURE:1cxx_auto_type
    Feature record: CXX_FEATURE:1cxx_binary_literals
    Feature record: CXX_FEATURE:1cxx_constexpr
    Feature record: CXX_FEATURE:1cxx_contextual_conversions
    Feature record: CXX_FEATURE:1cxx_decltype
    Feature record: CXX_FEATURE:1cxx_decltype_auto
    Feature record: CXX_FEATURE:1cxx_decltype_incomplete_return_types
    Feature record: CXX_FEATURE:1cxx_default_function_template_args
    Feature record: CXX_FEATURE:1cxx_defaulted_functions
    Feature record: CXX_FEATURE:1cxx_defaulted_move_initializers
    Feature record: CXX_FEATURE:1cxx_delegating_constructors
    Feature record: CXX_FEATURE:1cxx_deleted_functions
    Feature record: CXX_FEATURE:1cxx_digit_separators
    Feature record: CXX_FEATURE:1cxx_enum_forward_declarations
    Feature record: CXX_FEATURE:1cxx_explicit_conversions
    Feature record: CXX_FEATURE:1cxx_extended_friend_declarations
    Feature record: CXX_FEATURE:1cxx_extern_templates
    Feature record: CXX_FEATURE:1cxx_final
    Feature record: CXX_FEATURE:1cxx_func_identifier
    Feature record: CXX_FEATURE:1cxx_generalized_initializers
    Feature record: CXX_FEATURE:1cxx_generic_lambdas
    Feature record: CXX_FEATURE:1cxx_inheriting_constructors
    Feature record: CXX_FEATURE:1cxx_inline_namespaces
    Feature record: CXX_FEATURE:1cxx_lambdas
    Feature record: CXX_FEATURE:1cxx_lambda_init_captures
    Feature record: CXX_FEATURE:1cxx_local_type_template_args
    Feature record: CXX_FEATURE:1cxx_long_long_type
    Feature record: CXX_FEATURE:1cxx_noexcept
    Feature record: CXX_FEATURE:1cxx_nonstatic_member_init
    Feature record: CXX_FEATURE:1cxx_nullptr
    Feature record: CXX_FEATURE:1cxx_override
    Feature record: CXX_FEATURE:1cxx_range_for
    Feature record: CXX_FEATURE:1cxx_raw_string_literals
    Feature record: CXX_FEATURE:1cxx_reference_qualified_functions
    Feature record: CXX_FEATURE:1cxx_relaxed_constexpr
    Feature record: CXX_FEATURE:1cxx_return_type_deduction
    Feature record: CXX_FEATURE:1cxx_right_angle_brackets
    Feature record: CXX_FEATURE:1cxx_rvalue_references
    Feature record: CXX_FEATURE:1cxx_sizeof_member
    Feature record: CXX_FEATURE:1cxx_static_assert
    Feature record: CXX_FEATURE:1cxx_strong_enums
    Feature record: CXX_FEATURE:1cxx_template_template_parameters
    Feature record: CXX_FEATURE:1cxx_thread_local
    Feature record: CXX_FEATURE:1cxx_trailing_return_types
    Feature record: CXX_FEATURE:1cxx_unicode_literals
    Feature record: CXX_FEATURE:1cxx_uniform_initialization
    Feature record: CXX_FEATURE:1cxx_unrestricted_unions
    Feature record: CXX_FEATURE:1cxx_user_literals
    Feature record: CXX_FEATURE:1cxx_variable_templates
    Feature record: CXX_FEATURE:1cxx_variadic_macros
    Feature record: CXX_FEATURE:1cxx_variadic_templates


Detecting CXX [-std=c++17] compiler features compiled with the following output:
Change Dir: /Users/NicoleMoiseyev/Documents/Engineering/MiGroBox/ECE/esp/migrobox/main/build/CMakeFiles/CMakeTmp

Run Build Command(s):/usr/local/bin/ninja cmTC_a1c88 
[1/2] Building CXX object CMakeFiles/cmTC_a1c88.dir/feature_tests.cxx.o
[2/2] Linking CXX executable cmTC_a1c88


    Feature record: CXX_FEATURE:1cxx_aggregate_default_initializers
    Feature record: CXX_FEATURE:1cxx_alias_templates
    Feature record: CXX_FEATURE:1cxx_alignas
    Feature record: CXX_FEATURE:1cxx_alignof
    Feature record: CXX_FEATURE:1cxx_attributes
    Feature record: CXX_FEATURE:1cxx_attribute_deprecated
    Feature record: CXX_FEATURE:1cxx_auto_type
    Feature record: CXX_FEATURE:1cxx_binary_literals
    Feature record: CXX_FEATURE:1cxx_constexpr
    Feature record: CXX_FEATURE:1cxx_contextual_conversions
    Feature record: CXX_FEATURE:1cxx_decltype
    Feature record: CXX_FEATURE:1cxx_decltype_auto
    Feature record: CXX_FEATURE:1cxx_decltype_incomplete_return_types
    Feature record: CXX_FEATURE:1cxx_default_function_template_args
    Feature record: CXX_FEATURE:1cxx_defaulted_functions
    Feature record: CXX_FEATURE:1cxx_defaulted_move_initializers
    Feature record: CXX_FEATURE:1cxx_delegating_constructors
    Feature record: CXX_FEATURE:1cxx_deleted_functions
    Feature record: CXX_FEATURE:1cxx_digit_separators
    Feature record: CXX_FEATURE:1cxx_enum_forward_declarations
    Feature record: CXX_FEATURE:1cxx_explicit_conversions
    Feature record: CXX_FEATURE:1cxx_extended_friend_declarations
    Feature record: CXX_FEATURE:1cxx_extern_templates
    Feature record: CXX_FEATURE:1cxx_final
    Feature record: CXX_FEATURE:1cxx_func_identifier
    Feature record: CXX_FEATURE:1cxx_generalized_initializers
    Feature record: CXX_FEATURE:1cxx_generic_lambdas
    Feature record: CXX_FEATURE:1cxx_inheriting_constructors
    Feature record: CXX_FEATURE:1cxx_inline_namespaces
    Feature record: CXX_FEATURE:1cxx_lambdas
    Feature record: CXX_FEATURE:1cxx_lambda_init_captures
    Feature record: CXX_FEATURE:1cxx_local_type_template_args
    Feature record: CXX_FEATURE:1cxx_long_long_type
    Feature record: CXX_FEATURE:1cxx_noexcept
    Feature record: CXX_FEATURE:1cxx_nonstatic_member_init
    Feature record: CXX_FEATURE:1cxx_nullptr
    Feature record: CXX_FEATURE:1cxx_override
    Feature record: CXX_FEATURE:1cxx_range_for
    Feature record: CXX_FEATURE:1cxx_raw_string_literals
    Feature record: CXX_FEATURE:1cxx_reference_qualified_functions
    Feature record: CXX_FEATURE:1cxx_relaxed_constexpr
    Feature record: CXX_FEATURE:1cxx_return_type_deduction
    Feature record: CXX_FEATURE:1cxx_right_angle_brackets
    Feature record: CXX_FEATURE:1cxx_rvalue_references
    Feature record: CXX_FEATURE:1cxx_sizeof_member
    Feature record: CXX_FEATURE:1cxx_static_assert
    Feature record: CXX_FEATURE:1cxx_strong_enums
    Feature record: CXX_FEATURE:1cxx_template_template_parameters
    Feature record: CXX_FEATURE:1cxx_thread_local
    Feature record: CXX_FEATURE:1cxx_trailing_return_types
    Feature record: CXX_FEATURE:1cxx_unicode_literals
    Feature record: CXX_FEATURE:1cxx_uniform_initialization
    Feature record: CXX_FEATURE:1cxx_unrestricted_unions
    Feature record: CXX_FEATURE:1cxx_user_literals
    Feature record: CXX_FEATURE:1cxx_variable_templates
    Feature record: CXX_FEATURE:1cxx_variadic_macros
    Feature record: CXX_FEATURE:1cxx_variadic_templates


Detecting CXX [-std=c++14] compiler features compiled with the following output:
Change Dir: /Users/NicoleMoiseyev/Documents/Engineering/MiGroBox/ECE/esp/migrobox/main/build/CMakeFiles/CMakeTmp

Run Build Command(s):/usr/local/bin/ninja cmTC_c359b 
[1/2] Building CXX object CMakeFiles/cmTC_c359b.dir/feature_tests.cxx.o
[2/2] Linking CXX executable cmTC_c359b


    Feature record: CXX_FEATURE:1cxx_aggregate_default_initializers
    Feature record: CXX_FEATURE:1cxx_alias_templates
    Feature record: CXX_FEATURE:1cxx_alignas
    Feature record: CXX_FEATURE:1cxx_alignof
    Feature record: CXX_FEATURE:1cxx_attributes
    Feature record: CXX_FEATURE:1cxx_attribute_deprecated
    Feature record: CXX_FEATURE:1cxx_auto_type
    Feature record: CXX_FEATURE:1cxx_binary_literals
    Feature record: CXX_FEATURE:1cxx_constexpr
    Feature record: CXX_FEATURE:1cxx_contextual_conversions
    Feature record: CXX_FEATURE:1cxx_decltype
    Feature record: CXX_FEATURE:1cxx_decltype_auto
    Feature record: CXX_FEATURE:1cxx_decltype_incomplete_return_types
    Feature record: CXX_FEATURE:1cxx_default_function_template_args
    Feature record: CXX_FEATURE:1cxx_defaulted_functions
    Feature record: CXX_FEATURE:1cxx_defaulted_move_initializers
    Feature record: CXX_FEATURE:1cxx_delegating_constructors
    Feature record: CXX_FEATURE:1cxx_deleted_functions
    Feature record: CXX_FEATURE:1cxx_digit_separators
    Feature record: CXX_FEATURE:1cxx_enum_forward_declarations
    Feature record: CXX_FEATURE:1cxx_explicit_conversions
    Feature record: CXX_FEATURE:1cxx_extended_friend_declarations
    Feature record: CXX_FEATURE:1cxx_extern_templates
    Feature record: CXX_FEATURE:1cxx_final
    Feature record: CXX_FEATURE:1cxx_func_identifier
    Feature record: CXX_FEATURE:1cxx_generalized_initializers
    Feature record: CXX_FEATURE:1cxx_generic_lambdas
    Feature record: CXX_FEATURE:1cxx_inheriting_constructors
    Feature record: CXX_FEATURE:1cxx_inline_namespaces
    Feature record: CXX_FEATURE:1cxx_lambdas
    Feature record: CXX_FEATURE:1cxx_lambda_init_captures
    Feature record: CXX_FEATURE:1cxx_local_type_template_args
    Feature record: CXX_FEATURE:1cxx_long_long_type
    Feature record: CXX_FEATURE:1cxx_noexcept
    Feature record: CXX_FEATURE:1cxx_nonstatic_member_init
    Feature record: CXX_FEATURE:1cxx_nullptr
    Feature record: CXX_FEATURE:1cxx_override
    Feature record: CXX_FEATURE:1cxx_range_for
    Feature record: CXX_FEATURE:1cxx_raw_string_literals
    Feature record: CXX_FEATURE:1cxx_reference_qualified_functions
    Feature record: CXX_FEATURE:1cxx_relaxed_constexpr
    Feature record: CXX_FEATURE:1cxx_return_type_deduction
    Feature record: CXX_FEATURE:1cxx_right_angle_brackets
    Feature record: CXX_FEATURE:1cxx_rvalue_references
    Feature record: CXX_FEATURE:1cxx_sizeof_member
    Feature record: CXX_FEATURE:1cxx_static_assert
    Feature record: CXX_FEATURE:1cxx_strong_enums
    Feature record: CXX_FEATURE:1cxx_template_template_parameters
    Feature record: CXX_FEATURE:1cxx_thread_local
    Feature record: CXX_FEATURE:1cxx_trailing_return_types
    Feature record: CXX_FEATURE:1cxx_unicode_literals
    Feature record: CXX_FEATURE:1cxx_uniform_initialization
    Feature record: CXX_FEATURE:1cxx_unrestricted_unions
    Feature record: CXX_FEATURE:1cxx_user_literals
    Feature record: CXX_FEATURE:1cxx_variable_templates
    Feature record: CXX_FEATURE:1cxx_variadic_macros
    Feature record: CXX_FEATURE:1cxx_variadic_templates


Detecting CXX [-std=c++11] compiler features compiled with the following output:
Change Dir: /Users/NicoleMoiseyev/Documents/Engineering/MiGroBox/ECE/esp/migrobox/main/build/CMakeFiles/CMakeTmp

Run Build Command(s):/usr/local/bin/ninja cmTC_fad6b 
[1/2] Building CXX object CMakeFiles/cmTC_fad6b.dir/feature_tests.cxx.o
[2/2] Linking CXX executable cmTC_fad6b


    Feature record: CXX_FEATURE:0cxx_aggregate_default_initializers
    Feature record: CXX_FEATURE:1cxx_alias_templates
    Feature record: CXX_FEATURE:1cxx_alignas
    Feature record: CXX_FEATURE:1cxx_alignof
    Feature record: CXX_FEATURE:1cxx_attributes
    Feature record: CXX_FEATURE:0cxx_attribute_deprecated
    Feature record: CXX_FEATURE:1cxx_auto_type
    Feature record: CXX_FEATURE:0cxx_binary_literals
    Feature record: CXX_FEATURE:1cxx_constexpr
    Feature record: CXX_FEATURE:0cxx_contextual_conversions
    Feature record: CXX_FEATURE:1cxx_decltype
    Feature record: CXX_FEATURE:0cxx_decltype_auto
    Feature record: CXX_FEATURE:1cxx_decltype_incomplete_return_types
    Feature record: CXX_FEATURE:1cxx_default_function_template_args
    Feature record: CXX_FEATURE:1cxx_defaulted_functions
    Feature record: CXX_FEATURE:1cxx_defaulted_move_initializers
    Feature record: CXX_FEATURE:1cxx_delegating_constructors
    Feature record: CXX_FEATURE:1cxx_deleted_functions
    Feature record: CXX_FEATURE:0cxx_digit_separators
    Feature record: CXX_FEATURE:1cxx_enum_forward_declarations
    Feature record: CXX_FEATURE:1cxx_explicit_conversions
    Feature record: CXX_FEATURE:1cxx_extended_friend_declarations
    Feature record: CXX_FEATURE:1cxx_extern_templates
    Feature record: CXX_FEATURE:1cxx_final
    Feature record: CXX_FEATURE:1cxx_func_identifier
    Feature record: CXX_FEATURE:1cxx_generalized_initializers
    Feature record: CXX_FEATURE:0cxx_generic_lambdas
    Feature record: CXX_FEATURE:1cxx_inheriting_constructors
    Feature record: CXX_FEATURE:1cxx_inline_namespaces
    Feature record: CXX_FEATURE:1cxx_lambdas
    Feature record: CXX_FEATURE:0cxx_lambda_init_captures
    Feature record: CXX_FEATURE:1cxx_local_type_template_args
    Feature record: CXX_FEATURE:1cxx_long_long_type
    Feature record: CXX_FEATURE:1cxx_noexcept
    Feature record: CXX_FEATURE:1cxx_nonstatic_member_init
    Feature record: CXX_FEATURE:1cxx_nullptr
    Feature record: CXX_FEATURE:1cxx_override
    Feature record: CXX_FEATURE:1cxx_range_for
    Feature record: CXX_FEATURE:1cxx_raw_string_literals
    Feature record: CXX_FEATURE:1cxx_reference_qualified_functions
    Feature record: CXX_FEATURE:0cxx_relaxed_constexpr
    Feature record: CXX_FEATURE:0cxx_return_type_deduction
    Feature record: CXX_FEATURE:1cxx_right_angle_brackets
    Feature record: CXX_FEATURE:1cxx_rvalue_references
    Feature record: CXX_FEATURE:1cxx_sizeof_member
    Feature record: CXX_FEATURE:1cxx_static_assert
    Feature record: CXX_FEATURE:1cxx_strong_enums
    Feature record: CXX_FEATURE:1cxx_template_template_parameters
    Feature record: CXX_FEATURE:1cxx_thread_local
    Feature record: CXX_FEATURE:1cxx_trailing_return_types
    Feature record: CXX_FEATURE:1cxx_unicode_literals
    Feature record: CXX_FEATURE:1cxx_uniform_initialization
    Feature record: CXX_FEATURE:1cxx_unrestricted_unions
    Feature record: CXX_FEATURE:1cxx_user_literals
    Feature record: CXX_FEATURE:0cxx_variable_templates
    Feature record: CXX_FEATURE:1cxx_variadic_macros
    Feature record: CXX_FEATURE:1cxx_variadic_templates


Detecting CXX [-std=c++98] compiler features compiled with the following output:
Change Dir: /Users/NicoleMoiseyev/Documents/Engineering/MiGroBox/ECE/esp/migrobox/main/build/CMakeFiles/CMakeTmp

Run Build Command(s):/usr/local/bin/ninja cmTC_4b6d7 
[1/2] Building CXX object CMakeFiles/cmTC_4b6d7.dir/feature_tests.cxx.o
[2/2] Linking CXX executable cmTC_4b6d7


    Feature record: CXX_FEATURE:0cxx_aggregate_default_initializers
    Feature record: CXX_FEATURE:0cxx_alias_templates
    Feature record: CXX_FEATURE:0cxx_alignas
    Feature record: CXX_FEATURE:0cxx_alignof
    Feature record: CXX_FEATURE:0cxx_attributes
    Feature record: CXX_FEATURE:0cxx_attribute_deprecated
    Feature record: CXX_FEATURE:0cxx_auto_type
    Feature record: CXX_FEATURE:0cxx_binary_literals
    Feature record: CXX_FEATURE:0cxx_constexpr
    Feature record: CXX_FEATURE:0cxx_contextual_conversions
    Feature record: CXX_FEATURE:0cxx_decltype
    Feature record: CXX_FEATURE:0cxx_decltype_auto
    Feature record: CXX_FEATURE:0cxx_decltype_incomplete_return_types
    Feature record: CXX_FEATURE:0cxx_default_function_template_args
    Feature record: CXX_FEATURE:0cxx_defaulted_functions
    Feature record: CXX_FEATURE:0cxx_defaulted_move_initializers
    Feature record: CXX_FEATURE:0cxx_delegating_constructors
    Feature record: CXX_FEATURE:0cxx_deleted_functions
    Feature record: CXX_FEATURE:0cxx_digit_separators
    Feature record: CXX_FEATURE:0cxx_enum_forward_declarations
    Feature record: CXX_FEATURE:0cxx_explicit_conversions
    Feature record: CXX_FEATURE:0cxx_extended_friend_declarations
    Feature record: CXX_FEATURE:0cxx_extern_templates
    Feature record: CXX_FEATURE:0cxx_final
    Feature record: CXX_FEATURE:0cxx_func_identifier
    Feature record: CXX_FEATURE:0cxx_generalized_initializers
    Feature record: CXX_FEATURE:0cxx_generic_lambdas
    Feature record: CXX_FEATURE:0cxx_inheriting_constructors
    Feature record: CXX_FEATURE:0cxx_inline_namespaces
    Feature record: CXX_FEATURE:0cxx_lambdas
    Feature record: CXX_FEATURE:0cxx_lambda_init_captures
    Feature record: CXX_FEATURE:0cxx_local_type_template_args
    Feature record: CXX_FEATURE:0cxx_long_long_type
    Feature record: CXX_FEATURE:0cxx_noexcept
    Feature record: CXX_FEATURE:0cxx_nonstatic_member_init
    Feature record: CXX_FEATURE:0cxx_nullptr
    Feature record: CXX_FEATURE:0cxx_override
    Feature record: CXX_FEATURE:0cxx_range_for
    Feature record: CXX_FEATURE:0cxx_raw_string_literals
    Feature record: CXX_FEATURE:0cxx_reference_qualified_functions
    Feature record: CXX_FEATURE:0cxx_relaxed_constexpr
    Feature record: CXX_FEATURE:0cxx_return_type_deduction
    Feature record: CXX_FEATURE:0cxx_right_angle_brackets
    Feature record: CXX_FEATURE:0cxx_rvalue_references
    Feature record: CXX_FEATURE:0cxx_sizeof_member
    Feature record: CXX_FEATURE:0cxx_static_assert
    Feature record: CXX_FEATURE:0cxx_strong_enums
    Feature record: CXX_FEATURE:1cxx_template_template_parameters
    Feature record: CXX_FEATURE:0cxx_thread_local
    Feature record: CXX_FEATURE:0cxx_trailing_return_types
    Feature record: CXX_FEATURE:0cxx_unicode_literals
    Feature record: CXX_FEATURE:0cxx_uniform_initialization
    Feature record: CXX_FEATURE:0cxx_unrestricted_unions
    Feature record: CXX_FEATURE:0cxx_user_literals
    Feature record: CXX_FEATURE:0cxx_variable_templates
    Feature record: CXX_FEATURE:0cxx_variadic_macros
    Feature record: CXX_FEATURE:0cxx_variadic_templates
The system is: Darwin - 19.6.0 - x86_64
Compiling the C compiler identification source file "CMakeCCompilerId.c" succeeded.
Compiler: /Library/Developer/CommandLineTools/usr/bin/cc 
Build flags: 
Id flags:  

The output was:
0


Compilation of the C compiler identification source "CMakeCCompilerId.c" produced "a.out"

The C compiler identification is AppleClang, found in "/Users/Lucas/Documents/Documents-Lucas_Moiseyev_MacBook_Pro/Dev/MiGroBox/MiGroBoard_esp32s2/MiGroBox/main/build/CMakeFiles/3.20.3/CompilerIdC/a.out"

Compiling the CXX compiler identification source file "CMakeCXXCompilerId.cpp" succeeded.
Compiler: /Library/Developer/CommandLineTools/usr/bin/c++ 
Build flags: 
Id flags:  

The output was:
0


Compilation of the CXX compiler identification source "CMakeCXXCompilerId.cpp" produced "a.out"

The CXX compiler identification is AppleClang, found in "/Users/Lucas/Documents/Documents-Lucas_Moiseyev_MacBook_Pro/Dev/MiGroBox/MiGroBoard_esp32s2/MiGroBox/main/build/CMakeFiles/3.20.3/CompilerIdCXX/a.out"

Detecting C compiler ABI info compiled with the following output:
Change Dir: /Users/Lucas/Documents/Documents-Lucas_Moiseyev_MacBook_Pro/Dev/MiGroBox/MiGroBoard_esp32s2/MiGroBox/main/build/CMakeFiles/CMakeTmp

Run Build Command(s):/usr/local/bin/ninja cmTC_2bb1a && [1/2] Building C object CMakeFiles/cmTC_2bb1a.dir/CMakeCCompilerABI.c.o
Apple clang version 11.0.3 (clang-1103.0.32.29)
Target: x86_64-apple-darwin19.6.0
Thread model: posix
InstalledDir: /Library/Developer/CommandLineTools/usr/bin
clang: warning: -Wl,-v: 'linker' input unused [-Wunused-command-line-argument]
 "/Library/Developer/CommandLineTools/usr/bin/clang" -cc1 -triple x86_64-apple-macosx10.15.0 -Wdeprecated-objc-isa-usage -Werror=deprecated-objc-isa-usage -emit-obj -mrelax-all -disable-free -disable-llvm-verifier -discard-value-names -main-file-name CMakeCCompilerABI.c -mrelocation-model pic -pic-level 2 -mthread-model posix -mframe-pointer=all -fno-strict-return -masm-verbose -munwind-tables -target-sdk-version=10.15.4 -target-cpu penryn -dwarf-column-info -debugger-tuning=lldb -target-linker-version 556.5 -v -coverage-notes-file /Users/Lucas/Documents/Documents-Lucas_Moiseyev_MacBook_Pro/Dev/MiGroBox/MiGroBoard_esp32s2/MiGroBox/main/build/CMakeFiles/CMakeTmp/CMakeFiles/cmTC_2bb1a.dir/CMakeCCompilerABI.c.gcno -resource-dir /Library/Developer/CommandLineTools/usr/lib/clang/11.0.3 -dependency-file CMakeFiles/cmTC_2bb1a.dir/CMakeCCompilerABI.c.o.d -skip-unused-modulemap-deps -sys-header-deps -MT CMakeFiles/cmTC_2bb1a.dir/CMakeCCompilerABI.c.o -isysroot /Library/Developer/CommandLineTools/SDKs/MacOSX10.15.sdk -internal-isystem /Library/Developer/CommandLineTools/SDKs/MacOSX10.15.sdk/usr/local/include -internal-isystem /Library/Developer/CommandLineTools/usr/lib/clang/11.0.3/include -internal-externc-isystem /Library/Developer/CommandLineTools/SDKs/MacOSX10.15.sdk/usr/include -internal-externc-isystem /Library/Developer/CommandLineTools/usr/include -Wno-objc-signed-char-bool-implicit-int-conversion -Wno-extra-semi-stmt -Wno-quoted-include-in-framework-header -fdebug-compilation-dir /Users/Lucas/Documents/Documents-Lucas_Moiseyev_MacBook_Pro/Dev/MiGroBox/MiGroBoard_esp32s2/MiGroBox/main/build/CMakeFiles/CMakeTmp -ferror-limit 19 -fmessage-length 0 -stack-protector 1 -fstack-check -mdarwin-stkchk-strong-link -fblocks -fencode-extended-block-signature -fregister-global-dtors-with-atexit -fobjc-runtime=macosx-10.15.0 -fmax-type-align=16 -fdiagnostics-show-option -o CMakeFiles/cmTC_2bb1a.dir/CMakeCCompilerABI.c.o -x c /usr/local/Cellar/cmake/3.20.3/share/cmake/Modules/CMakeCCompilerABI.c
clang -cc1 version 11.0.3 (clang-1103.0.32.29) default target x86_64-apple-darwin19.6.0
ignoring nonexistent directory "/Library/Developer/CommandLineTools/SDKs/MacOSX10.15.sdk/usr/local/include"
ignoring nonexistent directory "/Library/Developer/CommandLineTools/SDKs/MacOSX10.15.sdk/Library/Frameworks"
#include "..." search starts here:
#include <...> search starts here:
 /Library/Developer/CommandLineTools/usr/lib/clang/11.0.3/include
 /Library/Developer/CommandLineTools/SDKs/MacOSX10.15.sdk/usr/include
 /Library/Developer/CommandLineTools/usr/include
 /Library/Developer/CommandLineTools/SDKs/MacOSX10.15.sdk/System/Library/Frameworks (framework directory)
End of search list.
[2/2] Linking C executable cmTC_2bb1a
Apple clang version 11.0.3 (clang-1103.0.32.29)
Target: x86_64-apple-darwin19.6.0
Thread model: posix
InstalledDir: /Library/Developer/CommandLineTools/usr/bin
 "/Library/Developer/CommandLineTools/usr/bin/ld" -demangle -lto_library /Library/Developer/CommandLineTools/usr/lib/libLTO.dylib -dynamic -arch x86_64 -platform_version macos 10.15.0 10.15.4 -syslibroot /Library/Developer/CommandLineTools/SDKs/MacOSX10.15.sdk -o cmTC_2bb1a -search_paths_first -headerpad_max_install_names -v CMakeFiles/cmTC_2bb1a.dir/CMakeCCompilerABI.c.o -lSystem /Library/Developer/CommandLineTools/usr/lib/clang/11.0.3/lib/darwin/libclang_rt.osx.a
@(#)PROGRAM:ld  PROJECT:ld64-556.5
BUILD 19:04:29 Mar  6 2020
configured to support archs: armv6 armv7 armv7s arm64 arm64e arm64_32 i386 x86_64 x86_64h armv6m armv7k armv7m armv7em
Library search paths:
	/Library/Developer/CommandLineTools/SDKs/MacOSX10.15.sdk/usr/lib
Framework search paths:
	/Library/Developer/CommandLineTools/SDKs/MacOSX10.15.sdk/System/Library/Frameworks/



Parsed C implicit include dir info from above output: rv=done
  found start of include info
  found start of implicit include info
    add: [/Library/Developer/CommandLineTools/usr/lib/clang/11.0.3/include]
    add: [/Library/Developer/CommandLineTools/SDKs/MacOSX10.15.sdk/usr/include]
    add: [/Library/Developer/CommandLineTools/usr/include]
  end of search list found
  collapse include dir [/Library/Developer/CommandLineTools/usr/lib/clang/11.0.3/include] ==> [/Library/Developer/CommandLineTools/usr/lib/clang/11.0.3/include]
  collapse include dir [/Library/Developer/CommandLineTools/SDKs/MacOSX10.15.sdk/usr/include] ==> [/Library/Developer/CommandLineTools/SDKs/MacOSX10.15.sdk/usr/include]
  collapse include dir [/Library/Developer/CommandLineTools/usr/include] ==> [/Library/Developer/CommandLineTools/usr/include]
  implicit include dirs: [/Library/Developer/CommandLineTools/usr/lib/clang/11.0.3/include;/Library/Developer/CommandLineTools/SDKs/MacOSX10.15.sdk/usr/include;/Library/Developer/CommandLineTools/usr/include]


Parsed C implicit link information from above output:
  link line regex: [^( *|.*[/\])(ld|CMAKE_LINK_STARTFILE-NOTFOUND|([^/\]+-)?ld|collect2)[^/\]*( |$)]
  ignore line: [Change Dir: /Users/Lucas/Documents/Documents-Lucas_Moiseyev_MacBook_Pro/Dev/MiGroBox/MiGroBoard_esp32s2/MiGroBox/main/build/CMakeFiles/CMakeTmp]
  ignore line: []
  ignore line: [Run Build Command(s):/usr/local/bin/ninja cmTC_2bb1a && [1/2] Building C object CMakeFiles/cmTC_2bb1a.dir/CMakeCCompilerABI.c.o]
  ignore line: [Apple clang version 11.0.3 (clang-1103.0.32.29)]
  ignore line: [Target: x86_64-apple-darwin19.6.0]
  ignore line: [Thread model: posix]
  ignore line: [InstalledDir: /Library/Developer/CommandLineTools/usr/bin]
  ignore line: [clang: warning: -Wl -v: 'linker' input unused [-Wunused-command-line-argument]]
  ignore line: [ "/Library/Developer/CommandLineTools/usr/bin/clang" -cc1 -triple x86_64-apple-macosx10.15.0 -Wdeprecated-objc-isa-usage -Werror=deprecated-objc-isa-usage -emit-obj -mrelax-all -disable-free -disable-llvm-verifier -discard-value-names -main-file-name CMakeCCompilerABI.c -mrelocation-model pic -pic-level 2 -mthread-model posix -mframe-pointer=all -fno-strict-return -masm-verbose -munwind-tables -target-sdk-version=10.15.4 -target-cpu penryn -dwarf-column-info -debugger-tuning=lldb -target-linker-version 556.5 -v -coverage-notes-file /Users/Lucas/Documents/Documents-Lucas_Moiseyev_MacBook_Pro/Dev/MiGroBox/MiGroBoard_esp32s2/MiGroBox/main/build/CMakeFiles/CMakeTmp/CMakeFiles/cmTC_2bb1a.dir/CMakeCCompilerABI.c.gcno -resource-dir /Library/Developer/CommandLineTools/usr/lib/clang/11.0.3 -dependency-file CMakeFiles/cmTC_2bb1a.dir/CMakeCCompilerABI.c.o.d -skip-unused-modulemap-deps -sys-header-deps -MT CMakeFiles/cmTC_2bb1a.dir/CMakeCCompilerABI.c.o -isysroot /Library/Developer/CommandLineTools/SDKs/MacOSX10.15.sdk -internal-isystem /Library/Developer/CommandLineTools/SDKs/MacOSX10.15.sdk/usr/local/include -internal-isystem /Library/Developer/CommandLineTools/usr/lib/clang/11.0.3/include -internal-externc-isystem /Library/Developer/CommandLineTools/SDKs/MacOSX10.15.sdk/usr/include -internal-externc-isystem /Library/Developer/CommandLineTools/usr/include -Wno-objc-signed-char-bool-implicit-int-conversion -Wno-extra-semi-stmt -Wno-quoted-include-in-framework-header -fdebug-compilation-dir /Users/Lucas/Documents/Documents-Lucas_Moiseyev_MacBook_Pro/Dev/MiGroBox/MiGroBoard_esp32s2/MiGroBox/main/build/CMakeFiles/CMakeTmp -ferror-limit 19 -fmessage-length 0 -stack-protector 1 -fstack-check -mdarwin-stkchk-strong-link -fblocks -fencode-extended-block-signature -fregister-global-dtors-with-atexit -fobjc-runtime=macosx-10.15.0 -fmax-type-align=16 -fdiagnostics-show-option -o CMakeFiles/cmTC_2bb1a.dir/CMakeCCompilerABI.c.o -x c /usr/local/Cellar/cmake/3.20.3/share/cmake/Modules/CMakeCCompilerABI.c]
  ignore line: [clang -cc1 version 11.0.3 (clang-1103.0.32.29) default target x86_64-apple-darwin19.6.0]
  ignore line: [ignoring nonexistent directory "/Library/Developer/CommandLineTools/SDKs/MacOSX10.15.sdk/usr/local/include"]
  ignore line: [ignoring nonexistent directory "/Library/Developer/CommandLineTools/SDKs/MacOSX10.15.sdk/Library/Frameworks"]
  ignore line: [#include "..." search starts here:]
  ignore line: [#include <...> search starts here:]
  ignore line: [ /Library/Developer/CommandLineTools/usr/lib/clang/11.0.3/include]
  ignore line: [ /Library/Developer/CommandLineTools/SDKs/MacOSX10.15.sdk/usr/include]
  ignore line: [ /Library/Developer/CommandLineTools/usr/include]
  ignore line: [ /Library/Developer/CommandLineTools/SDKs/MacOSX10.15.sdk/System/Library/Frameworks (framework directory)]
  ignore line: [End of search list.]
  ignore line: [[2/2] Linking C executable cmTC_2bb1a]
  ignore line: [Apple clang version 11.0.3 (clang-1103.0.32.29)]
  ignore line: [Target: x86_64-apple-darwin19.6.0]
  ignore line: [Thread model: posix]
  ignore line: [InstalledDir: /Library/Developer/CommandLineTools/usr/bin]
  link line: [ "/Library/Developer/CommandLineTools/usr/bin/ld" -demangle -lto_library /Library/Developer/CommandLineTools/usr/lib/libLTO.dylib -dynamic -arch x86_64 -platform_version macos 10.15.0 10.15.4 -syslibroot /Library/Developer/CommandLineTools/SDKs/MacOSX10.15.sdk -o cmTC_2bb1a -search_paths_first -headerpad_max_install_names -v CMakeFiles/cmTC_2bb1a.dir/CMakeCCompilerABI.c.o -lSystem /Library/Developer/CommandLineTools/usr/lib/clang/11.0.3/lib/darwin/libclang_rt.osx.a]
    arg [/Library/Developer/CommandLineTools/usr/bin/ld] ==> ignore
    arg [-demangle] ==> ignore
    arg [-lto_library] ==> ignore, skip following value
    arg [/Library/Developer/CommandLineTools/usr/lib/libLTO.dylib] ==> skip value of -lto_library
    arg [-dynamic] ==> ignore
    arg [-arch] ==> ignore
    arg [x86_64] ==> ignore
    arg [-platform_version] ==> ignore
    arg [macos] ==> ignore
    arg [10.15.0] ==> ignore
    arg [10.15.4] ==> ignore
    arg [-syslibroot] ==> ignore
    arg [/Library/Developer/CommandLineTools/SDKs/MacOSX10.15.sdk] ==> ignore
    arg [-o] ==> ignore
    arg [cmTC_2bb1a] ==> ignore
    arg [-search_paths_first] ==> ignore
    arg [-headerpad_max_install_names] ==> ignore
    arg [-v] ==> ignore
    arg [CMakeFiles/cmTC_2bb1a.dir/CMakeCCompilerABI.c.o] ==> ignore
    arg [-lSystem] ==> lib [System]
    arg [/Library/Developer/CommandLineTools/usr/lib/clang/11.0.3/lib/darwin/libclang_rt.osx.a] ==> lib [/Library/Developer/CommandLineTools/usr/lib/clang/11.0.3/lib/darwin/libclang_rt.osx.a]
  Library search paths: [;/Library/Developer/CommandLineTools/SDKs/MacOSX10.15.sdk/usr/lib]
  Framework search paths: [;/Library/Developer/CommandLineTools/SDKs/MacOSX10.15.sdk/System/Library/Frameworks/]
  remove lib [System]
  remove lib [/Library/Developer/CommandLineTools/usr/lib/clang/11.0.3/lib/darwin/libclang_rt.osx.a]
  collapse library dir [/Library/Developer/CommandLineTools/SDKs/MacOSX10.15.sdk/usr/lib] ==> [/Library/Developer/CommandLineTools/SDKs/MacOSX10.15.sdk/usr/lib]
  collapse framework dir [/Library/Developer/CommandLineTools/SDKs/MacOSX10.15.sdk/System/Library/Frameworks/] ==> [/Library/Developer/CommandLineTools/SDKs/MacOSX10.15.sdk/System/Library/Frameworks]
  implicit libs: []
  implicit objs: []
  implicit dirs: [/Library/Developer/CommandLineTools/SDKs/MacOSX10.15.sdk/usr/lib]
  implicit fwks: [/Library/Developer/CommandLineTools/SDKs/MacOSX10.15.sdk/System/Library/Frameworks]


Detecting CXX compiler ABI info compiled with the following output:
Change Dir: /Users/Lucas/Documents/Documents-Lucas_Moiseyev_MacBook_Pro/Dev/MiGroBox/MiGroBoard_esp32s2/MiGroBox/main/build/CMakeFiles/CMakeTmp

Run Build Command(s):/usr/local/bin/ninja cmTC_e4401 && [1/2] Building CXX object CMakeFiles/cmTC_e4401.dir/CMakeCXXCompilerABI.cpp.o
Apple clang version 11.0.3 (clang-1103.0.32.29)
Target: x86_64-apple-darwin19.6.0
Thread model: posix
InstalledDir: /Library/Developer/CommandLineTools/usr/bin
clang: warning: -Wl,-v: 'linker' input unused [-Wunused-command-line-argument]
 "/Library/Developer/CommandLineTools/usr/bin/clang" -cc1 -triple x86_64-apple-macosx10.15.0 -Wdeprecated-objc-isa-usage -Werror=deprecated-objc-isa-usage -emit-obj -mrelax-all -disable-free -disable-llvm-verifier -discard-value-names -main-file-name CMakeCXXCompilerABI.cpp -mrelocation-model pic -pic-level 2 -mthread-model posix -mframe-pointer=all -fno-strict-return -masm-verbose -munwind-tables -target-sdk-version=10.15.4 -target-cpu penryn -dwarf-column-info -debugger-tuning=lldb -target-linker-version 556.5 -v -coverage-notes-file /Users/Lucas/Documents/Documents-Lucas_Moiseyev_MacBook_Pro/Dev/MiGroBox/MiGroBoard_esp32s2/MiGroBox/main/build/CMakeFiles/CMakeTmp/CMakeFiles/cmTC_e4401.dir/CMakeCXXCompilerABI.cpp.gcno -resource-dir /Library/Developer/CommandLineTools/usr/lib/clang/11.0.3 -dependency-file CMakeFiles/cmTC_e4401.dir/CMakeCXXCompilerABI.cpp.o.d -skip-unused-modulemap-deps -sys-header-deps -MT CMakeFiles/cmTC_e4401.dir/CMakeCXXCompilerABI.cpp.o -isysroot /Library/Developer/CommandLineTools/SDKs/MacOSX10.15.sdk -stdlib=libc++ -internal-isystem /Library/Developer/CommandLineTools/usr/bin/../include/c++/v1 -internal-isystem /Library/Developer/CommandLineTools/SDKs/MacOSX10.15.sdk/usr/include/c++/v1 -internal-isystem /Library/Developer/CommandLineTools/SDKs/MacOSX10.15.sdk/usr/local/include -internal-isystem /Library/Developer/CommandLineTools/usr/lib/clang/11.0.3/include -internal-externc-isystem /Library/Developer/CommandLineTools/SDKs/MacOSX10.15.sdk/usr/include -internal-externc-isystem /Library/Developer/CommandLineTools/usr/include -Wno-objc-signed-char-bool-implicit-int-conversion -Wno-extra-semi-stmt -Wno-quoted-include-in-framework-header -fdeprecated-macro -fdebug-compilation-dir /Users/Lucas/Documents/Documents-Lucas_Moiseyev_MacBook_Pro/Dev/MiGroBox/MiGroBoard_esp32s2/MiGroBox/main/build/CMakeFiles/CMakeTmp -ferror-limit 19 -fmessage-length 0 -stack-protector 1 -fstack-check -mdarwin-stkchk-strong-link -fblocks -fencode-extended-block-signature -fregister-global-dtors-with-atexit -fobjc-runtime=macosx-10.15.0 -fcxx-exceptions -fexceptions -fmax-type-align=16 -fdiagnostics-show-option -o CMakeFiles/cmTC_e4401.dir/CMakeCXXCompilerABI.cpp.o -x c++ /usr/local/Cellar/cmake/3.20.3/share/cmake/Modules/CMakeCXXCompilerABI.cpp
clang -cc1 version 11.0.3 (clang-1103.0.32.29) default target x86_64-apple-darwin19.6.0
ignoring nonexistent directory "/Library/Developer/CommandLineTools/SDKs/MacOSX10.15.sdk/usr/include/c++/v1"
ignoring nonexistent directory "/Library/Developer/CommandLineTools/SDKs/MacOSX10.15.sdk/usr/local/include"
ignoring nonexistent directory "/Library/Developer/CommandLineTools/SDKs/MacOSX10.15.sdk/Library/Frameworks"
#include "..." search starts here:
#include <...> search starts here:
 /Library/Developer/CommandLineTools/usr/bin/../include/c++/v1
 /Library/Developer/CommandLineTools/usr/lib/clang/11.0.3/include
 /Library/Developer/CommandLineTools/SDKs/MacOSX10.15.sdk/usr/include
 /Library/Developer/CommandLineTools/usr/include
 /Library/Developer/CommandLineTools/SDKs/MacOSX10.15.sdk/System/Library/Frameworks (framework directory)
End of search list.
[2/2] Linking CXX executable cmTC_e4401
Apple clang version 11.0.3 (clang-1103.0.32.29)
Target: x86_64-apple-darwin19.6.0
Thread model: posix
InstalledDir: /Library/Developer/CommandLineTools/usr/bin
 "/Library/Developer/CommandLineTools/usr/bin/ld" -demangle -lto_library /Library/Developer/CommandLineTools/usr/lib/libLTO.dylib -dynamic -arch x86_64 -platform_version macos 10.15.0 10.15.4 -syslibroot /Library/Developer/CommandLineTools/SDKs/MacOSX10.15.sdk -o cmTC_e4401 -search_paths_first -headerpad_max_install_names -v CMakeFiles/cmTC_e4401.dir/CMakeCXXCompilerABI.cpp.o -lc++ -lSystem /Library/Developer/CommandLineTools/usr/lib/clang/11.0.3/lib/darwin/libclang_rt.osx.a
@(#)PROGRAM:ld  PROJECT:ld64-556.5
BUILD 19:04:29 Mar  6 2020
configured to support archs: armv6 armv7 armv7s arm64 arm64e arm64_32 i386 x86_64 x86_64h armv6m armv7k armv7m armv7em
Library search paths:
	/Library/Developer/CommandLineTools/SDKs/MacOSX10.15.sdk/usr/lib
Framework search paths:
	/Library/Developer/CommandLineTools/SDKs/MacOSX10.15.sdk/System/Library/Frameworks/



Parsed CXX implicit include dir info from above output: rv=done
  found start of include info
  found start of implicit include info
    add: [/Library/Developer/CommandLineTools/usr/bin/../include/c++/v1]
    add: [/Library/Developer/CommandLineTools/usr/lib/clang/11.0.3/include]
    add: [/Library/Developer/CommandLineTools/SDKs/MacOSX10.15.sdk/usr/include]
    add: [/Library/Developer/CommandLineTools/usr/include]
  end of search list found
  collapse include dir [/Library/Developer/CommandLineTools/usr/bin/../include/c++/v1] ==> [/Library/Developer/CommandLineTools/usr/include/c++/v1]
  collapse include dir [/Library/Developer/CommandLineTools/usr/lib/clang/11.0.3/include] ==> [/Library/Developer/CommandLineTools/usr/lib/clang/11.0.3/include]
  collapse include dir [/Library/Developer/CommandLineTools/SDKs/MacOSX10.15.sdk/usr/include] ==> [/Library/Developer/CommandLineTools/SDKs/MacOSX10.15.sdk/usr/include]
  collapse include dir [/Library/Developer/CommandLineTools/usr/include] ==> [/Library/Developer/CommandLineTools/usr/include]
  implicit include dirs: [/Library/Developer/CommandLineTools/usr/include/c++/v1;/Library/Developer/CommandLineTools/usr/lib/clang/11.0.3/include;/Library/Developer/CommandLineTools/SDKs/MacOSX10.15.sdk/usr/include;/Library/Developer/CommandLineTools/usr/include]


Parsed CXX implicit link information from above output:
  link line regex: [^( *|.*[/\])(ld|CMAKE_LINK_STARTFILE-NOTFOUND|([^/\]+-)?ld|collect2)[^/\]*( |$)]
  ignore line: [Change Dir: /Users/Lucas/Documents/Documents-Lucas_Moiseyev_MacBook_Pro/Dev/MiGroBox/MiGroBoard_esp32s2/MiGroBox/main/build/CMakeFiles/CMakeTmp]
  ignore line: []
  ignore line: [Run Build Command(s):/usr/local/bin/ninja cmTC_e4401 && [1/2] Building CXX object CMakeFiles/cmTC_e4401.dir/CMakeCXXCompilerABI.cpp.o]
  ignore line: [Apple clang version 11.0.3 (clang-1103.0.32.29)]
  ignore line: [Target: x86_64-apple-darwin19.6.0]
  ignore line: [Thread model: posix]
  ignore line: [InstalledDir: /Library/Developer/CommandLineTools/usr/bin]
  ignore line: [clang: warning: -Wl -v: 'linker' input unused [-Wunused-command-line-argument]]
  ignore line: [ "/Library/Developer/CommandLineTools/usr/bin/clang" -cc1 -triple x86_64-apple-macosx10.15.0 -Wdeprecated-objc-isa-usage -Werror=deprecated-objc-isa-usage -emit-obj -mrelax-all -disable-free -disable-llvm-verifier -discard-value-names -main-file-name CMakeCXXCompilerABI.cpp -mrelocation-model pic -pic-level 2 -mthread-model posix -mframe-pointer=all -fno-strict-return -masm-verbose -munwind-tables -target-sdk-version=10.15.4 -target-cpu penryn -dwarf-column-info -debugger-tuning=lldb -target-linker-version 556.5 -v -coverage-notes-file /Users/Lucas/Documents/Documents-Lucas_Moiseyev_MacBook_Pro/Dev/MiGroBox/MiGroBoard_esp32s2/MiGroBox/main/build/CMakeFiles/CMakeTmp/CMakeFiles/cmTC_e4401.dir/CMakeCXXCompilerABI.cpp.gcno -resource-dir /Library/Developer/CommandLineTools/usr/lib/clang/11.0.3 -dependency-file CMakeFiles/cmTC_e4401.dir/CMakeCXXCompilerABI.cpp.o.d -skip-unused-modulemap-deps -sys-header-deps -MT CMakeFiles/cmTC_e4401.dir/CMakeCXXCompilerABI.cpp.o -isysroot /Library/Developer/CommandLineTools/SDKs/MacOSX10.15.sdk -stdlib=libc++ -internal-isystem /Library/Developer/CommandLineTools/usr/bin/../include/c++/v1 -internal-isystem /Library/Developer/CommandLineTools/SDKs/MacOSX10.15.sdk/usr/include/c++/v1 -internal-isystem /Library/Developer/CommandLineTools/SDKs/MacOSX10.15.sdk/usr/local/include -internal-isystem /Library/Developer/CommandLineTools/usr/lib/clang/11.0.3/include -internal-externc-isystem /Library/Developer/CommandLineTools/SDKs/MacOSX10.15.sdk/usr/include -internal-externc-isystem /Library/Developer/CommandLineTools/usr/include -Wno-objc-signed-char-bool-implicit-int-conversion -Wno-extra-semi-stmt -Wno-quoted-include-in-framework-header -fdeprecated-macro -fdebug-compilation-dir /Users/Lucas/Documents/Documents-Lucas_Moiseyev_MacBook_Pro/Dev/MiGroBox/MiGroBoard_esp32s2/MiGroBox/main/build/CMakeFiles/CMakeTmp -ferror-limit 19 -fmessage-length 0 -stack-protector 1 -fstack-check -mdarwin-stkchk-strong-link -fblocks -fencode-extended-block-signature -fregister-global-dtors-with-atexit -fobjc-runtime=macosx-10.15.0 -fcxx-exceptions -fexceptions -fmax-type-align=16 -fdiagnostics-show-option -o CMakeFiles/cmTC_e4401.dir/CMakeCXXCompilerABI.cpp.o -x c++ /usr/local/Cellar/cmake/3.20.3/share/cmake/Modules/CMakeCXXCompilerABI.cpp]
  ignore line: [clang -cc1 version 11.0.3 (clang-1103.0.32.29) default target x86_64-apple-darwin19.6.0]
  ignore line: [ignoring nonexistent directory "/Library/Developer/CommandLineTools/SDKs/MacOSX10.15.sdk/usr/include/c++/v1"]
  ignore line: [ignoring nonexistent directory "/Library/Developer/CommandLineTools/SDKs/MacOSX10.15.sdk/usr/local/include"]
  ignore line: [ignoring nonexistent directory "/Library/Developer/CommandLineTools/SDKs/MacOSX10.15.sdk/Library/Frameworks"]
  ignore line: [#include "..." search starts here:]
  ignore line: [#include <...> search starts here:]
  ignore line: [ /Library/Developer/CommandLineTools/usr/bin/../include/c++/v1]
  ignore line: [ /Library/Developer/CommandLineTools/usr/lib/clang/11.0.3/include]
  ignore line: [ /Library/Developer/CommandLineTools/SDKs/MacOSX10.15.sdk/usr/include]
  ignore line: [ /Library/Developer/CommandLineTools/usr/include]
  ignore line: [ /Library/Developer/CommandLineTools/SDKs/MacOSX10.15.sdk/System/Library/Frameworks (framework directory)]
  ignore line: [End of search list.]
  ignore line: [[2/2] Linking CXX executable cmTC_e4401]
  ignore line: [Apple clang version 11.0.3 (clang-1103.0.32.29)]
  ignore line: [Target: x86_64-apple-darwin19.6.0]
  ignore line: [Thread model: posix]
  ignore line: [InstalledDir: /Library/Developer/CommandLineTools/usr/bin]
  link line: [ "/Library/Developer/CommandLineTools/usr/bin/ld" -demangle -lto_library /Library/Developer/CommandLineTools/usr/lib/libLTO.dylib -dynamic -arch x86_64 -platform_version macos 10.15.0 10.15.4 -syslibroot /Library/Developer/CommandLineTools/SDKs/MacOSX10.15.sdk -o cmTC_e4401 -search_paths_first -headerpad_max_install_names -v CMakeFiles/cmTC_e4401.dir/CMakeCXXCompilerABI.cpp.o -lc++ -lSystem /Library/Developer/CommandLineTools/usr/lib/clang/11.0.3/lib/darwin/libclang_rt.osx.a]
    arg [/Library/Developer/CommandLineTools/usr/bin/ld] ==> ignore
    arg [-demangle] ==> ignore
    arg [-lto_library] ==> ignore, skip following value
    arg [/Library/Developer/CommandLineTools/usr/lib/libLTO.dylib] ==> skip value of -lto_library
    arg [-dynamic] ==> ignore
    arg [-arch] ==> ignore
    arg [x86_64] ==> ignore
    arg [-platform_version] ==> ignore
    arg [macos] ==> ignore
    arg [10.15.0] ==> ignore
    arg [10.15.4] ==> ignore
    arg [-syslibroot] ==> ignore
    arg [/Library/Developer/CommandLineTools/SDKs/MacOSX10.15.sdk] ==> ignore
    arg [-o] ==> ignore
    arg [cmTC_e4401] ==> ignore
    arg [-search_paths_first] ==> ignore
    arg [-headerpad_max_install_names] ==> ignore
    arg [-v] ==> ignore
    arg [CMakeFiles/cmTC_e4401.dir/CMakeCXXCompilerABI.cpp.o] ==> ignore
    arg [-lc++] ==> lib [c++]
    arg [-lSystem] ==> lib [System]
    arg [/Library/Developer/CommandLineTools/usr/lib/clang/11.0.3/lib/darwin/libclang_rt.osx.a] ==> lib [/Library/Developer/CommandLineTools/usr/lib/clang/11.0.3/lib/darwin/libclang_rt.osx.a]
  Library search paths: [;/Library/Developer/CommandLineTools/SDKs/MacOSX10.15.sdk/usr/lib]
  Framework search paths: [;/Library/Developer/CommandLineTools/SDKs/MacOSX10.15.sdk/System/Library/Frameworks/]
  remove lib [System]
  remove lib [/Library/Developer/CommandLineTools/usr/lib/clang/11.0.3/lib/darwin/libclang_rt.osx.a]
  collapse library dir [/Library/Developer/CommandLineTools/SDKs/MacOSX10.15.sdk/usr/lib] ==> [/Library/Developer/CommandLineTools/SDKs/MacOSX10.15.sdk/usr/lib]
  collapse framework dir [/Library/Developer/CommandLineTools/SDKs/MacOSX10.15.sdk/System/Library/Frameworks/] ==> [/Library/Developer/CommandLineTools/SDKs/MacOSX10.15.sdk/System/Library/Frameworks]
  implicit libs: [c++]
  implicit objs: []
  implicit dirs: [/Library/Developer/CommandLineTools/SDKs/MacOSX10.15.sdk/usr/lib]
  implicit fwks: [/Library/Developer/CommandLineTools/SDKs/MacOSX10.15.sdk/System/Library/Frameworks]


