The target system is: Generic -  - 
The host system is: Darwin - 17.7.0 - x86_64
Compiling the C compiler identification source file "CMakeCCompilerId.c" succeeded.
Compiler: /Users/NicoleMoiseyev/.espressif/tools/xtensa-esp32s2-elf/esp-2020r3-8.4.0/xtensa-esp32s2-elf/bin/xtensa-esp32s2-elf-gcc 
Build flags: -mlongcalls
Id flags:  

The output was:
0


Compilation of the C compiler identification source "CMakeCCompilerId.c" produced "a.out"

The C compiler identification is GNU, found in "/Users/NicoleMoiseyev/Documents/Engineering/MiGroBox/ECE/esp/migrobox/build/CMakeFiles/3.14.5/CompilerIdC/a.out"

Compiling the CXX compiler identification source file "CMakeCXXCompilerId.cpp" succeeded.
Compiler: /Users/NicoleMoiseyev/.espressif/tools/xtensa-esp32s2-elf/esp-2020r3-8.4.0/xtensa-esp32s2-elf/bin/xtensa-esp32s2-elf-g++ 
Build flags: -mlongcalls
Id flags:  

The output was:
0


Compilation of the CXX compiler identification source "CMakeCXXCompilerId.cpp" produced "a.out"

The CXX compiler identification is GNU, found in "/Users/NicoleMoiseyev/Documents/Engineering/MiGroBox/ECE/esp/migrobox/build/CMakeFiles/3.14.5/CompilerIdCXX/a.out"

Checking whether the ASM compiler is GNU using "--version" matched "(GNU assembler)|(GCC)|(Free Software Foundation)":
xtensa-esp32s2-elf-gcc (crosstool-NG esp-2020r3) 8.4.0
Copyright (C) 2018 Free Software Foundation, Inc.
This is free software; see the source for copying conditions.  There is NO
warranty; not even for MERCHANTABILITY or FITNESS FOR A PARTICULAR PURPOSE.

Determining if the C compiler works passed with the following output:
Change Dir: /Users/NicoleMoiseyev/Documents/Engineering/MiGroBox/ECE/esp/migrobox/build/CMakeFiles/CMakeTmp

Run Build Command(s):/usr/local/bin/ninja cmTC_7419b 
[1/2] Building C object CMakeFiles/cmTC_7419b.dir/testCCompiler.c.obj
[2/2] Linking C executable cmTC_7419b


Detecting C compiler ABI info compiled with the following output:
Change Dir: /Users/NicoleMoiseyev/Documents/Engineering/MiGroBox/ECE/esp/migrobox/build/CMakeFiles/CMakeTmp

Run Build Command(s):/usr/local/bin/ninja cmTC_870e5 
[1/2] Building C object CMakeFiles/cmTC_870e5.dir/CMakeCCompilerABI.c.obj
Using built-in specs.
COLLECT_GCC=/Users/NicoleMoiseyev/.espressif/tools/xtensa-esp32s2-elf/esp-2020r3-8.4.0/xtensa-esp32s2-elf/bin/xtensa-esp32s2-elf-gcc
Target: xtensa-esp32s2-elf
Configured with: /builds/idf/crosstool-NG/.build/HOST-x86_64-apple-darwin12/xtensa-esp32s2-elf/src/gcc/configure --build=x86_64-build_pc-linux-gnu --host=x86_64-host_apple-darwin12 --target=xtensa-esp32s2-elf --prefix=/builds/idf/crosstool-NG/builds/xtensa-esp32s2-elf --with-local-prefix=/builds/idf/crosstool-NG/builds/xtensa-esp32s2-elf/xtensa-esp32s2-elf --with-headers=/builds/idf/crosstool-NG/builds/xtensa-esp32s2-elf/xtensa-esp32s2-elf/include --with-newlib --enable-threads=no --disable-shared --with-pkgversion='crosstool-NG esp-2020r3' --disable-__cxa_atexit --enable-cxx-flags=-ffunction-sections --disable-libgomp --disable-libmudflap --disable-libmpx --disable-libssp --disable-libquadmath --disable-libquadmath-support --with-gmp=/builds/idf/crosstool-NG/.build/HOST-x86_64-apple-darwin12/xtensa-esp32s2-elf/buildtools/complibs-host --with-mpfr=/builds/idf/crosstool-NG/.build/HOST-x86_64-apple-darwin12/xtensa-esp32s2-elf/buildtools/complibs-host --with-mpc=/builds/idf/crosstool-NG/.build/HOST-x86_64-apple-darwin12/xtensa-esp32s2-elf/buildtools/complibs-host --with-isl=/builds/idf/crosstool-NG/.build/HOST-x86_64-apple-darwin12/xtensa-esp32s2-elf/buildtools/complibs-host --enable-lto --enable-target-optspace --without-long-double-128 --disable-nls --enable-multiarch --enable-languages=c,c++ --disable-libstdcxx-verbose --enable-threads=posix --enable-gcov-custom-rtio --enable-libstdcxx-time=yes
Thread model: posix
gcc version 8.4.0 (crosstool-NG esp-2020r3) 
COLLECT_GCC_OPTIONS='-mlongcalls' '-v' '-o' 'CMakeFiles/cmTC_870e5.dir/CMakeCCompilerABI.c.obj' '-c'
 /Users/NicoleMoiseyev/.espressif/tools/xtensa-esp32s2-elf/esp-2020r3-8.4.0/xtensa-esp32s2-elf/bin/../libexec/gcc/xtensa-esp32s2-elf/8.4.0/cc1 -quiet -v -iprefix /Users/NicoleMoiseyev/.espressif/tools/xtensa-esp32s2-elf/esp-2020r3-8.4.0/xtensa-esp32s2-elf/bin/../lib/gcc/xtensa-esp32s2-elf/8.4.0/ /usr/local/Cellar/cmake/3.14.5/share/cmake/Modules/CMakeCCompilerABI.c -quiet -dumpbase CMakeCCompilerABI.c -mlongcalls -auxbase-strip CMakeFiles/cmTC_870e5.dir/CMakeCCompilerABI.c.obj -version -o /var/folders/jz/c8ldz3cd2l7bwrfnmd6sxgfc0000gn/T//ccZ4FtrR.s
GNU C17 (crosstool-NG esp-2020r3) version 8.4.0 (xtensa-esp32s2-elf)
	compiled by GNU C version 8.3.0, GMP version 6.1.2, MPFR version 4.0.1, MPC version 1.1.0, isl version isl-0.19-GMP

GGC heuristics: --param ggc-min-expand=100 --param ggc-min-heapsize=131072
ignoring duplicate directory "/Users/NicoleMoiseyev/.espressif/tools/xtensa-esp32s2-elf/esp-2020r3-8.4.0/xtensa-esp32s2-elf/bin/../lib/gcc/../../lib/gcc/xtensa-esp32s2-elf/8.4.0/include"
ignoring duplicate directory "/Users/NicoleMoiseyev/.espressif/tools/xtensa-esp32s2-elf/esp-2020r3-8.4.0/xtensa-esp32s2-elf/bin/../lib/gcc/../../lib/gcc/xtensa-esp32s2-elf/8.4.0/include-fixed"
ignoring duplicate directory "/Users/NicoleMoiseyev/.espressif/tools/xtensa-esp32s2-elf/esp-2020r3-8.4.0/xtensa-esp32s2-elf/bin/../lib/gcc/../../lib/gcc/xtensa-esp32s2-elf/8.4.0/../../../../xtensa-esp32s2-elf/sys-include"
ignoring duplicate directory "/Users/NicoleMoiseyev/.espressif/tools/xtensa-esp32s2-elf/esp-2020r3-8.4.0/xtensa-esp32s2-elf/bin/../lib/gcc/../../lib/gcc/xtensa-esp32s2-elf/8.4.0/../../../../xtensa-esp32s2-elf/include"
#include "..." search starts here:
#include <...> search starts here:
 /Users/NicoleMoiseyev/.espressif/tools/xtensa-esp32s2-elf/esp-2020r3-8.4.0/xtensa-esp32s2-elf/bin/../lib/gcc/xtensa-esp32s2-elf/8.4.0/include
 /Users/NicoleMoiseyev/.espressif/tools/xtensa-esp32s2-elf/esp-2020r3-8.4.0/xtensa-esp32s2-elf/bin/../lib/gcc/xtensa-esp32s2-elf/8.4.0/include-fixed
 /Users/NicoleMoiseyev/.espressif/tools/xtensa-esp32s2-elf/esp-2020r3-8.4.0/xtensa-esp32s2-elf/bin/../lib/gcc/xtensa-esp32s2-elf/8.4.0/../../../../xtensa-esp32s2-elf/sys-include
 /Users/NicoleMoiseyev/.espressif/tools/xtensa-esp32s2-elf/esp-2020r3-8.4.0/xtensa-esp32s2-elf/bin/../lib/gcc/xtensa-esp32s2-elf/8.4.0/../../../../xtensa-esp32s2-elf/include
End of search list.
GNU C17 (crosstool-NG esp-2020r3) version 8.4.0 (xtensa-esp32s2-elf)
	compiled by GNU C version 8.3.0, GMP version 6.1.2, MPFR version 4.0.1, MPC version 1.1.0, isl version isl-0.19-GMP

GGC heuristics: --param ggc-min-expand=100 --param ggc-min-heapsize=131072
Compiler executable checksum: 7a757b8f8faa127e92e5ff96928d3702
COLLECT_GCC_OPTIONS='-mlongcalls' '-v' '-o' 'CMakeFiles/cmTC_870e5.dir/CMakeCCompilerABI.c.obj' '-c'
 /Users/NicoleMoiseyev/.espressif/tools/xtensa-esp32s2-elf/esp-2020r3-8.4.0/xtensa-esp32s2-elf/bin/../lib/gcc/xtensa-esp32s2-elf/8.4.0/../../../../xtensa-esp32s2-elf/bin/as --traditional-format --longcalls -o CMakeFiles/cmTC_870e5.dir/CMakeCCompilerABI.c.obj /var/folders/jz/c8ldz3cd2l7bwrfnmd6sxgfc0000gn/T//ccZ4FtrR.s
COMPILER_PATH=/Users/NicoleMoiseyev/.espressif/tools/xtensa-esp32s2-elf/esp-2020r3-8.4.0/xtensa-esp32s2-elf/bin/../libexec/gcc/xtensa-esp32s2-elf/8.4.0/:/Users/NicoleMoiseyev/.espressif/tools/xtensa-esp32s2-elf/esp-2020r3-8.4.0/xtensa-esp32s2-elf/bin/../libexec/gcc/:/Users/NicoleMoiseyev/.espressif/tools/xtensa-esp32s2-elf/esp-2020r3-8.4.0/xtensa-esp32s2-elf/bin/../lib/gcc/xtensa-esp32s2-elf/8.4.0/../../../../xtensa-esp32s2-elf/bin/
LIBRARY_PATH=/Users/NicoleMoiseyev/.espressif/tools/xtensa-esp32s2-elf/esp-2020r3-8.4.0/xtensa-esp32s2-elf/bin/../lib/gcc/xtensa-esp32s2-elf/8.4.0/:/Users/NicoleMoiseyev/.espressif/tools/xtensa-esp32s2-elf/esp-2020r3-8.4.0/xtensa-esp32s2-elf/bin/../lib/gcc/:/Users/NicoleMoiseyev/.espressif/tools/xtensa-esp32s2-elf/esp-2020r3-8.4.0/xtensa-esp32s2-elf/bin/../lib/gcc/xtensa-esp32s2-elf/8.4.0/../../../../xtensa-esp32s2-elf/lib/
COLLECT_GCC_OPTIONS='-mlongcalls' '-v' '-o' 'CMakeFiles/cmTC_870e5.dir/CMakeCCompilerABI.c.obj' '-c'
[2/2] Linking C executable cmTC_870e5
Using built-in specs.
COLLECT_GCC=/Users/NicoleMoiseyev/.espressif/tools/xtensa-esp32s2-elf/esp-2020r3-8.4.0/xtensa-esp32s2-elf/bin/xtensa-esp32s2-elf-gcc
COLLECT_LTO_WRAPPER=/Users/NicoleMoiseyev/.espressif/tools/xtensa-esp32s2-elf/esp-2020r3-8.4.0/xtensa-esp32s2-elf/bin/../libexec/gcc/xtensa-esp32s2-elf/8.4.0/lto-wrapper
Target: xtensa-esp32s2-elf
Configured with: /builds/idf/crosstool-NG/.build/HOST-x86_64-apple-darwin12/xtensa-esp32s2-elf/src/gcc/configure --build=x86_64-build_pc-linux-gnu --host=x86_64-host_apple-darwin12 --target=xtensa-esp32s2-elf --prefix=/builds/idf/crosstool-NG/builds/xtensa-esp32s2-elf --with-local-prefix=/builds/idf/crosstool-NG/builds/xtensa-esp32s2-elf/xtensa-esp32s2-elf --with-headers=/builds/idf/crosstool-NG/builds/xtensa-esp32s2-elf/xtensa-esp32s2-elf/include --with-newlib --enable-threads=no --disable-shared --with-pkgversion='crosstool-NG esp-2020r3' --disable-__cxa_atexit --enable-cxx-flags=-ffunction-sections --disable-libgomp --disable-libmudflap --disable-libmpx --disable-libssp --disable-libquadmath --disable-libquadmath-support --with-gmp=/builds/idf/crosstool-NG/.build/HOST-x86_64-apple-darwin12/xtensa-esp32s2-elf/buildtools/complibs-host --with-mpfr=/builds/idf/crosstool-NG/.build/HOST-x86_64-apple-darwin12/xtensa-esp32s2-elf/buildtools/complibs-host --with-mpc=/builds/idf/crosstool-NG/.build/HOST-x86_64-apple-darwin12/xtensa-esp32s2-elf/buildtools/complibs-host --with-isl=/builds/idf/crosstool-NG/.build/HOST-x86_64-apple-darwin12/xtensa-esp32s2-elf/buildtools/complibs-host --enable-lto --enable-target-optspace --without-long-double-128 --disable-nls --enable-multiarch --enable-languages=c,c++ --disable-libstdcxx-verbose --enable-threads=posix --enable-gcov-custom-rtio --enable-libstdcxx-time=yes
Thread model: posix
gcc version 8.4.0 (crosstool-NG esp-2020r3) 
COMPILER_PATH=/Users/NicoleMoiseyev/.espressif/tools/xtensa-esp32s2-elf/esp-2020r3-8.4.0/xtensa-esp32s2-elf/bin/../libexec/gcc/xtensa-esp32s2-elf/8.4.0/:/Users/NicoleMoiseyev/.espressif/tools/xtensa-esp32s2-elf/esp-2020r3-8.4.0/xtensa-esp32s2-elf/bin/../libexec/gcc/:/Users/NicoleMoiseyev/.espressif/tools/xtensa-esp32s2-elf/esp-2020r3-8.4.0/xtensa-esp32s2-elf/bin/../lib/gcc/xtensa-esp32s2-elf/8.4.0/../../../../xtensa-esp32s2-elf/bin/
LIBRARY_PATH=/Users/NicoleMoiseyev/.espressif/tools/xtensa-esp32s2-elf/esp-2020r3-8.4.0/xtensa-esp32s2-elf/bin/../lib/gcc/xtensa-esp32s2-elf/8.4.0/:/Users/NicoleMoiseyev/.espressif/tools/xtensa-esp32s2-elf/esp-2020r3-8.4.0/xtensa-esp32s2-elf/bin/../lib/gcc/:/Users/NicoleMoiseyev/.espressif/tools/xtensa-esp32s2-elf/esp-2020r3-8.4.0/xtensa-esp32s2-elf/bin/../lib/gcc/xtensa-esp32s2-elf/8.4.0/../../../../xtensa-esp32s2-elf/lib/
COLLECT_GCC_OPTIONS='-mlongcalls' '-v' '-o' 'cmTC_870e5'
 /Users/NicoleMoiseyev/.espressif/tools/xtensa-esp32s2-elf/esp-2020r3-8.4.0/xtensa-esp32s2-elf/bin/../libexec/gcc/xtensa-esp32s2-elf/8.4.0/collect2 -plugin /Users/NicoleMoiseyev/.espressif/tools/xtensa-esp32s2-elf/esp-2020r3-8.4.0/xtensa-esp32s2-elf/bin/../libexec/gcc/xtensa-esp32s2-elf/8.4.0/liblto_plugin.so -plugin-opt=/Users/NicoleMoiseyev/.espressif/tools/xtensa-esp32s2-elf/esp-2020r3-8.4.0/xtensa-esp32s2-elf/bin/../libexec/gcc/xtensa-esp32s2-elf/8.4.0/lto-wrapper -plugin-opt=-fresolution=/var/folders/jz/c8ldz3cd2l7bwrfnmd6sxgfc0000gn/T//ccfA3zzF.res -plugin-opt=-pass-through=-lgcc -plugin-opt=-pass-through=-lc -plugin-opt=-pass-through=-lnosys -plugin-opt=-pass-through=-lc -plugin-opt=-pass-through=-lgcc -o cmTC_870e5 /Users/NicoleMoiseyev/.espressif/tools/xtensa-esp32s2-elf/esp-2020r3-8.4.0/xtensa-esp32s2-elf/bin/../lib/gcc/xtensa-esp32s2-elf/8.4.0/../../../../xtensa-esp32s2-elf/lib/crt0.o /Users/NicoleMoiseyev/.espressif/tools/xtensa-esp32s2-elf/esp-2020r3-8.4.0/xtensa-esp32s2-elf/bin/../lib/gcc/xtensa-esp32s2-elf/8.4.0/crti.o /Users/NicoleMoiseyev/.espressif/tools/xtensa-esp32s2-elf/esp-2020r3-8.4.0/xtensa-esp32s2-elf/bin/../lib/gcc/xtensa-esp32s2-elf/8.4.0/crtbegin.o -L/Users/NicoleMoiseyev/.espressif/tools/xtensa-esp32s2-elf/esp-2020r3-8.4.0/xtensa-esp32s2-elf/bin/../lib/gcc/xtensa-esp32s2-elf/8.4.0 -L/Users/NicoleMoiseyev/.espressif/tools/xtensa-esp32s2-elf/esp-2020r3-8.4.0/xtensa-esp32s2-elf/bin/../lib/gcc -L/Users/NicoleMoiseyev/.espressif/tools/xtensa-esp32s2-elf/esp-2020r3-8.4.0/xtensa-esp32s2-elf/bin/../lib/gcc/xtensa-esp32s2-elf/8.4.0/../../../../xtensa-esp32s2-elf/lib CMakeFiles/cmTC_870e5.dir/CMakeCCompilerABI.c.obj -lgcc -lc -lnosys -lc -lgcc /Users/NicoleMoiseyev/.espressif/tools/xtensa-esp32s2-elf/esp-2020r3-8.4.0/xtensa-esp32s2-elf/bin/../lib/gcc/xtensa-esp32s2-elf/8.4.0/crtend.o /Users/NicoleMoiseyev/.espressif/tools/xtensa-esp32s2-elf/esp-2020r3-8.4.0/xtensa-esp32s2-elf/bin/../lib/gcc/xtensa-esp32s2-elf/8.4.0/crtn.o
COLLECT_GCC_OPTIONS='-mlongcalls' '-v' '-o' 'cmTC_870e5'


Parsed C implicit include dir info from above output: rv=done
  found start of include info
  found start of implicit include info
    add: [/Users/NicoleMoiseyev/.espressif/tools/xtensa-esp32s2-elf/esp-2020r3-8.4.0/xtensa-esp32s2-elf/bin/../lib/gcc/xtensa-esp32s2-elf/8.4.0/include]
    add: [/Users/NicoleMoiseyev/.espressif/tools/xtensa-esp32s2-elf/esp-2020r3-8.4.0/xtensa-esp32s2-elf/bin/../lib/gcc/xtensa-esp32s2-elf/8.4.0/include-fixed]
    add: [/Users/NicoleMoiseyev/.espressif/tools/xtensa-esp32s2-elf/esp-2020r3-8.4.0/xtensa-esp32s2-elf/bin/../lib/gcc/xtensa-esp32s2-elf/8.4.0/../../../../xtensa-esp32s2-elf/sys-include]
    add: [/Users/NicoleMoiseyev/.espressif/tools/xtensa-esp32s2-elf/esp-2020r3-8.4.0/xtensa-esp32s2-elf/bin/../lib/gcc/xtensa-esp32s2-elf/8.4.0/../../../../xtensa-esp32s2-elf/include]
  end of search list found
  collapse include dir [/Users/NicoleMoiseyev/.espressif/tools/xtensa-esp32s2-elf/esp-2020r3-8.4.0/xtensa-esp32s2-elf/bin/../lib/gcc/xtensa-esp32s2-elf/8.4.0/include] ==> [/Users/NicoleMoiseyev/.espressif/tools/xtensa-esp32s2-elf/esp-2020r3-8.4.0/xtensa-esp32s2-elf/lib/gcc/xtensa-esp32s2-elf/8.4.0/include]
  collapse include dir [/Users/NicoleMoiseyev/.espressif/tools/xtensa-esp32s2-elf/esp-2020r3-8.4.0/xtensa-esp32s2-elf/bin/../lib/gcc/xtensa-esp32s2-elf/8.4.0/include-fixed] ==> [/Users/NicoleMoiseyev/.espressif/tools/xtensa-esp32s2-elf/esp-2020r3-8.4.0/xtensa-esp32s2-elf/lib/gcc/xtensa-esp32s2-elf/8.4.0/include-fixed]
  collapse include dir [/Users/NicoleMoiseyev/.espressif/tools/xtensa-esp32s2-elf/esp-2020r3-8.4.0/xtensa-esp32s2-elf/bin/../lib/gcc/xtensa-esp32s2-elf/8.4.0/../../../../xtensa-esp32s2-elf/sys-include] ==> [/Users/NicoleMoiseyev/.espressif/tools/xtensa-esp32s2-elf/esp-2020r3-8.4.0/xtensa-esp32s2-elf/xtensa-esp32s2-elf/sys-include]
  collapse include dir [/Users/NicoleMoiseyev/.espressif/tools/xtensa-esp32s2-elf/esp-2020r3-8.4.0/xtensa-esp32s2-elf/bin/../lib/gcc/xtensa-esp32s2-elf/8.4.0/../../../../xtensa-esp32s2-elf/include] ==> [/Users/NicoleMoiseyev/.espressif/tools/xtensa-esp32s2-elf/esp-2020r3-8.4.0/xtensa-esp32s2-elf/xtensa-esp32s2-elf/include]
  implicit include dirs: [/Users/NicoleMoiseyev/.espressif/tools/xtensa-esp32s2-elf/esp-2020r3-8.4.0/xtensa-esp32s2-elf/lib/gcc/xtensa-esp32s2-elf/8.4.0/include;/Users/NicoleMoiseyev/.espressif/tools/xtensa-esp32s2-elf/esp-2020r3-8.4.0/xtensa-esp32s2-elf/lib/gcc/xtensa-esp32s2-elf/8.4.0/include-fixed;/Users/NicoleMoiseyev/.espressif/tools/xtensa-esp32s2-elf/esp-2020r3-8.4.0/xtensa-esp32s2-elf/xtensa-esp32s2-elf/sys-include;/Users/NicoleMoiseyev/.espressif/tools/xtensa-esp32s2-elf/esp-2020r3-8.4.0/xtensa-esp32s2-elf/xtensa-esp32s2-elf/include]


Parsed C implicit link information from above output:
  link line regex: [^( *|.*[/\])(xtensa-esp32s2-elf-ld|CMAKE_LINK_STARTFILE-NOTFOUND|([^/\]+-)?ld|collect2)[^/\]*( |$)]
  ignore line: [Change Dir: /Users/NicoleMoiseyev/Documents/Engineering/MiGroBox/ECE/esp/migrobox/build/CMakeFiles/CMakeTmp]
  ignore line: []
  ignore line: [Run Build Command(s):/usr/local/bin/ninja cmTC_870e5 ]
  ignore line: [[1/2] Building C object CMakeFiles/cmTC_870e5.dir/CMakeCCompilerABI.c.obj]
  ignore line: [Using built-in specs.]
  ignore line: [COLLECT_GCC=/Users/NicoleMoiseyev/.espressif/tools/xtensa-esp32s2-elf/esp-2020r3-8.4.0/xtensa-esp32s2-elf/bin/xtensa-esp32s2-elf-gcc]
  ignore line: [Target: xtensa-esp32s2-elf]
  ignore line: [Configured with: /builds/idf/crosstool-NG/.build/HOST-x86_64-apple-darwin12/xtensa-esp32s2-elf/src/gcc/configure --build=x86_64-build_pc-linux-gnu --host=x86_64-host_apple-darwin12 --target=xtensa-esp32s2-elf --prefix=/builds/idf/crosstool-NG/builds/xtensa-esp32s2-elf --with-local-prefix=/builds/idf/crosstool-NG/builds/xtensa-esp32s2-elf/xtensa-esp32s2-elf --with-headers=/builds/idf/crosstool-NG/builds/xtensa-esp32s2-elf/xtensa-esp32s2-elf/include --with-newlib --enable-threads=no --disable-shared --with-pkgversion='crosstool-NG esp-2020r3' --disable-__cxa_atexit --enable-cxx-flags=-ffunction-sections --disable-libgomp --disable-libmudflap --disable-libmpx --disable-libssp --disable-libquadmath --disable-libquadmath-support --with-gmp=/builds/idf/crosstool-NG/.build/HOST-x86_64-apple-darwin12/xtensa-esp32s2-elf/buildtools/complibs-host --with-mpfr=/builds/idf/crosstool-NG/.build/HOST-x86_64-apple-darwin12/xtensa-esp32s2-elf/buildtools/complibs-host --with-mpc=/builds/idf/crosstool-NG/.build/HOST-x86_64-apple-darwin12/xtensa-esp32s2-elf/buildtools/complibs-host --with-isl=/builds/idf/crosstool-NG/.build/HOST-x86_64-apple-darwin12/xtensa-esp32s2-elf/buildtools/complibs-host --enable-lto --enable-target-optspace --without-long-double-128 --disable-nls --enable-multiarch --enable-languages=c,c++ --disable-libstdcxx-verbose --enable-threads=posix --enable-gcov-custom-rtio --enable-libstdcxx-time=yes]
  ignore line: [Thread model: posix]
  ignore line: [gcc version 8.4.0 (crosstool-NG esp-2020r3) ]
  ignore line: [COLLECT_GCC_OPTIONS='-mlongcalls' '-v' '-o' 'CMakeFiles/cmTC_870e5.dir/CMakeCCompilerABI.c.obj' '-c']
  ignore line: [ /Users/NicoleMoiseyev/.espressif/tools/xtensa-esp32s2-elf/esp-2020r3-8.4.0/xtensa-esp32s2-elf/bin/../libexec/gcc/xtensa-esp32s2-elf/8.4.0/cc1 -quiet -v -iprefix /Users/NicoleMoiseyev/.espressif/tools/xtensa-esp32s2-elf/esp-2020r3-8.4.0/xtensa-esp32s2-elf/bin/../lib/gcc/xtensa-esp32s2-elf/8.4.0/ /usr/local/Cellar/cmake/3.14.5/share/cmake/Modules/CMakeCCompilerABI.c -quiet -dumpbase CMakeCCompilerABI.c -mlongcalls -auxbase-strip CMakeFiles/cmTC_870e5.dir/CMakeCCompilerABI.c.obj -version -o /var/folders/jz/c8ldz3cd2l7bwrfnmd6sxgfc0000gn/T//ccZ4FtrR.s]
  ignore line: [GNU C17 (crosstool-NG esp-2020r3) version 8.4.0 (xtensa-esp32s2-elf)]
  ignore line: [	compiled by GNU C version 8.3.0, GMP version 6.1.2, MPFR version 4.0.1, MPC version 1.1.0, isl version isl-0.19-GMP]
  ignore line: []
  ignore line: [GGC heuristics: --param ggc-min-expand=100 --param ggc-min-heapsize=131072]
  ignore line: [ignoring duplicate directory "/Users/NicoleMoiseyev/.espressif/tools/xtensa-esp32s2-elf/esp-2020r3-8.4.0/xtensa-esp32s2-elf/bin/../lib/gcc/../../lib/gcc/xtensa-esp32s2-elf/8.4.0/include"]
  ignore line: [ignoring duplicate directory "/Users/NicoleMoiseyev/.espressif/tools/xtensa-esp32s2-elf/esp-2020r3-8.4.0/xtensa-esp32s2-elf/bin/../lib/gcc/../../lib/gcc/xtensa-esp32s2-elf/8.4.0/include-fixed"]
  ignore line: [ignoring duplicate directory "/Users/NicoleMoiseyev/.espressif/tools/xtensa-esp32s2-elf/esp-2020r3-8.4.0/xtensa-esp32s2-elf/bin/../lib/gcc/../../lib/gcc/xtensa-esp32s2-elf/8.4.0/../../../../xtensa-esp32s2-elf/sys-include"]
  ignore line: [ignoring duplicate directory "/Users/NicoleMoiseyev/.espressif/tools/xtensa-esp32s2-elf/esp-2020r3-8.4.0/xtensa-esp32s2-elf/bin/../lib/gcc/../../lib/gcc/xtensa-esp32s2-elf/8.4.0/../../../../xtensa-esp32s2-elf/include"]
  ignore line: [#include "..." search starts here:]
  ignore line: [#include <...> search starts here:]
  ignore line: [ /Users/NicoleMoiseyev/.espressif/tools/xtensa-esp32s2-elf/esp-2020r3-8.4.0/xtensa-esp32s2-elf/bin/../lib/gcc/xtensa-esp32s2-elf/8.4.0/include]
  ignore line: [ /Users/NicoleMoiseyev/.espressif/tools/xtensa-esp32s2-elf/esp-2020r3-8.4.0/xtensa-esp32s2-elf/bin/../lib/gcc/xtensa-esp32s2-elf/8.4.0/include-fixed]
  ignore line: [ /Users/NicoleMoiseyev/.espressif/tools/xtensa-esp32s2-elf/esp-2020r3-8.4.0/xtensa-esp32s2-elf/bin/../lib/gcc/xtensa-esp32s2-elf/8.4.0/../../../../xtensa-esp32s2-elf/sys-include]
  ignore line: [ /Users/NicoleMoiseyev/.espressif/tools/xtensa-esp32s2-elf/esp-2020r3-8.4.0/xtensa-esp32s2-elf/bin/../lib/gcc/xtensa-esp32s2-elf/8.4.0/../../../../xtensa-esp32s2-elf/include]
  ignore line: [End of search list.]
  ignore line: [GNU C17 (crosstool-NG esp-2020r3) version 8.4.0 (xtensa-esp32s2-elf)]
  ignore line: [	compiled by GNU C version 8.3.0, GMP version 6.1.2, MPFR version 4.0.1, MPC version 1.1.0, isl version isl-0.19-GMP]
  ignore line: []
  ignore line: [GGC heuristics: --param ggc-min-expand=100 --param ggc-min-heapsize=131072]
  ignore line: [Compiler executable checksum: 7a757b8f8faa127e92e5ff96928d3702]
  ignore line: [COLLECT_GCC_OPTIONS='-mlongcalls' '-v' '-o' 'CMakeFiles/cmTC_870e5.dir/CMakeCCompilerABI.c.obj' '-c']
  ignore line: [ /Users/NicoleMoiseyev/.espressif/tools/xtensa-esp32s2-elf/esp-2020r3-8.4.0/xtensa-esp32s2-elf/bin/../lib/gcc/xtensa-esp32s2-elf/8.4.0/../../../../xtensa-esp32s2-elf/bin/as --traditional-format --longcalls -o CMakeFiles/cmTC_870e5.dir/CMakeCCompilerABI.c.obj /var/folders/jz/c8ldz3cd2l7bwrfnmd6sxgfc0000gn/T//ccZ4FtrR.s]
  ignore line: [COMPILER_PATH=/Users/NicoleMoiseyev/.espressif/tools/xtensa-esp32s2-elf/esp-2020r3-8.4.0/xtensa-esp32s2-elf/bin/../libexec/gcc/xtensa-esp32s2-elf/8.4.0/:/Users/NicoleMoiseyev/.espressif/tools/xtensa-esp32s2-elf/esp-2020r3-8.4.0/xtensa-esp32s2-elf/bin/../libexec/gcc/:/Users/NicoleMoiseyev/.espressif/tools/xtensa-esp32s2-elf/esp-2020r3-8.4.0/xtensa-esp32s2-elf/bin/../lib/gcc/xtensa-esp32s2-elf/8.4.0/../../../../xtensa-esp32s2-elf/bin/]
  ignore line: [LIBRARY_PATH=/Users/NicoleMoiseyev/.espressif/tools/xtensa-esp32s2-elf/esp-2020r3-8.4.0/xtensa-esp32s2-elf/bin/../lib/gcc/xtensa-esp32s2-elf/8.4.0/:/Users/NicoleMoiseyev/.espressif/tools/xtensa-esp32s2-elf/esp-2020r3-8.4.0/xtensa-esp32s2-elf/bin/../lib/gcc/:/Users/NicoleMoiseyev/.espressif/tools/xtensa-esp32s2-elf/esp-2020r3-8.4.0/xtensa-esp32s2-elf/bin/../lib/gcc/xtensa-esp32s2-elf/8.4.0/../../../../xtensa-esp32s2-elf/lib/]
  ignore line: [COLLECT_GCC_OPTIONS='-mlongcalls' '-v' '-o' 'CMakeFiles/cmTC_870e5.dir/CMakeCCompilerABI.c.obj' '-c']
  ignore line: [[2/2] Linking C executable cmTC_870e5]
  ignore line: [Using built-in specs.]
  ignore line: [COLLECT_GCC=/Users/NicoleMoiseyev/.espressif/tools/xtensa-esp32s2-elf/esp-2020r3-8.4.0/xtensa-esp32s2-elf/bin/xtensa-esp32s2-elf-gcc]
  ignore line: [COLLECT_LTO_WRAPPER=/Users/NicoleMoiseyev/.espressif/tools/xtensa-esp32s2-elf/esp-2020r3-8.4.0/xtensa-esp32s2-elf/bin/../libexec/gcc/xtensa-esp32s2-elf/8.4.0/lto-wrapper]
  ignore line: [Target: xtensa-esp32s2-elf]
  ignore line: [Configured with: /builds/idf/crosstool-NG/.build/HOST-x86_64-apple-darwin12/xtensa-esp32s2-elf/src/gcc/configure --build=x86_64-build_pc-linux-gnu --host=x86_64-host_apple-darwin12 --target=xtensa-esp32s2-elf --prefix=/builds/idf/crosstool-NG/builds/xtensa-esp32s2-elf --with-local-prefix=/builds/idf/crosstool-NG/builds/xtensa-esp32s2-elf/xtensa-esp32s2-elf --with-headers=/builds/idf/crosstool-NG/builds/xtensa-esp32s2-elf/xtensa-esp32s2-elf/include --with-newlib --enable-threads=no --disable-shared --with-pkgversion='crosstool-NG esp-2020r3' --disable-__cxa_atexit --enable-cxx-flags=-ffunction-sections --disable-libgomp --disable-libmudflap --disable-libmpx --disable-libssp --disable-libquadmath --disable-libquadmath-support --with-gmp=/builds/idf/crosstool-NG/.build/HOST-x86_64-apple-darwin12/xtensa-esp32s2-elf/buildtools/complibs-host --with-mpfr=/builds/idf/crosstool-NG/.build/HOST-x86_64-apple-darwin12/xtensa-esp32s2-elf/buildtools/complibs-host --with-mpc=/builds/idf/crosstool-NG/.build/HOST-x86_64-apple-darwin12/xtensa-esp32s2-elf/buildtools/complibs-host --with-isl=/builds/idf/crosstool-NG/.build/HOST-x86_64-apple-darwin12/xtensa-esp32s2-elf/buildtools/complibs-host --enable-lto --enable-target-optspace --without-long-double-128 --disable-nls --enable-multiarch --enable-languages=c,c++ --disable-libstdcxx-verbose --enable-threads=posix --enable-gcov-custom-rtio --enable-libstdcxx-time=yes]
  ignore line: [Thread model: posix]
  ignore line: [gcc version 8.4.0 (crosstool-NG esp-2020r3) ]
  ignore line: [COMPILER_PATH=/Users/NicoleMoiseyev/.espressif/tools/xtensa-esp32s2-elf/esp-2020r3-8.4.0/xtensa-esp32s2-elf/bin/../libexec/gcc/xtensa-esp32s2-elf/8.4.0/:/Users/NicoleMoiseyev/.espressif/tools/xtensa-esp32s2-elf/esp-2020r3-8.4.0/xtensa-esp32s2-elf/bin/../libexec/gcc/:/Users/NicoleMoiseyev/.espressif/tools/xtensa-esp32s2-elf/esp-2020r3-8.4.0/xtensa-esp32s2-elf/bin/../lib/gcc/xtensa-esp32s2-elf/8.4.0/../../../../xtensa-esp32s2-elf/bin/]
  ignore line: [LIBRARY_PATH=/Users/NicoleMoiseyev/.espressif/tools/xtensa-esp32s2-elf/esp-2020r3-8.4.0/xtensa-esp32s2-elf/bin/../lib/gcc/xtensa-esp32s2-elf/8.4.0/:/Users/NicoleMoiseyev/.espressif/tools/xtensa-esp32s2-elf/esp-2020r3-8.4.0/xtensa-esp32s2-elf/bin/../lib/gcc/:/Users/NicoleMoiseyev/.espressif/tools/xtensa-esp32s2-elf/esp-2020r3-8.4.0/xtensa-esp32s2-elf/bin/../lib/gcc/xtensa-esp32s2-elf/8.4.0/../../../../xtensa-esp32s2-elf/lib/]
  ignore line: [COLLECT_GCC_OPTIONS='-mlongcalls' '-v' '-o' 'cmTC_870e5']
  link line: [ /Users/NicoleMoiseyev/.espressif/tools/xtensa-esp32s2-elf/esp-2020r3-8.4.0/xtensa-esp32s2-elf/bin/../libexec/gcc/xtensa-esp32s2-elf/8.4.0/collect2 -plugin /Users/NicoleMoiseyev/.espressif/tools/xtensa-esp32s2-elf/esp-2020r3-8.4.0/xtensa-esp32s2-elf/bin/../libexec/gcc/xtensa-esp32s2-elf/8.4.0/liblto_plugin.so -plugin-opt=/Users/NicoleMoiseyev/.espressif/tools/xtensa-esp32s2-elf/esp-2020r3-8.4.0/xtensa-esp32s2-elf/bin/../libexec/gcc/xtensa-esp32s2-elf/8.4.0/lto-wrapper -plugin-opt=-fresolution=/var/folders/jz/c8ldz3cd2l7bwrfnmd6sxgfc0000gn/T//ccfA3zzF.res -plugin-opt=-pass-through=-lgcc -plugin-opt=-pass-through=-lc -plugin-opt=-pass-through=-lnosys -plugin-opt=-pass-through=-lc -plugin-opt=-pass-through=-lgcc -o cmTC_870e5 /Users/NicoleMoiseyev/.espressif/tools/xtensa-esp32s2-elf/esp-2020r3-8.4.0/xtensa-esp32s2-elf/bin/../lib/gcc/xtensa-esp32s2-elf/8.4.0/../../../../xtensa-esp32s2-elf/lib/crt0.o /Users/NicoleMoiseyev/.espressif/tools/xtensa-esp32s2-elf/esp-2020r3-8.4.0/xtensa-esp32s2-elf/bin/../lib/gcc/xtensa-esp32s2-elf/8.4.0/crti.o /Users/NicoleMoiseyev/.espressif/tools/xtensa-esp32s2-elf/esp-2020r3-8.4.0/xtensa-esp32s2-elf/bin/../lib/gcc/xtensa-esp32s2-elf/8.4.0/crtbegin.o -L/Users/NicoleMoiseyev/.espressif/tools/xtensa-esp32s2-elf/esp-2020r3-8.4.0/xtensa-esp32s2-elf/bin/../lib/gcc/xtensa-esp32s2-elf/8.4.0 -L/Users/NicoleMoiseyev/.espressif/tools/xtensa-esp32s2-elf/esp-2020r3-8.4.0/xtensa-esp32s2-elf/bin/../lib/gcc -L/Users/NicoleMoiseyev/.espressif/tools/xtensa-esp32s2-elf/esp-2020r3-8.4.0/xtensa-esp32s2-elf/bin/../lib/gcc/xtensa-esp32s2-elf/8.4.0/../../../../xtensa-esp32s2-elf/lib CMakeFiles/cmTC_870e5.dir/CMakeCCompilerABI.c.obj -lgcc -lc -lnosys -lc -lgcc /Users/NicoleMoiseyev/.espressif/tools/xtensa-esp32s2-elf/esp-2020r3-8.4.0/xtensa-esp32s2-elf/bin/../lib/gcc/xtensa-esp32s2-elf/8.4.0/crtend.o /Users/NicoleMoiseyev/.espressif/tools/xtensa-esp32s2-elf/esp-2020r3-8.4.0/xtensa-esp32s2-elf/bin/../lib/gcc/xtensa-esp32s2-elf/8.4.0/crtn.o]
    arg [/Users/NicoleMoiseyev/.espressif/tools/xtensa-esp32s2-elf/esp-2020r3-8.4.0/xtensa-esp32s2-elf/bin/../libexec/gcc/xtensa-esp32s2-elf/8.4.0/collect2] ==> ignore
    arg [-plugin] ==> ignore
    arg [/Users/NicoleMoiseyev/.espressif/tools/xtensa-esp32s2-elf/esp-2020r3-8.4.0/xtensa-esp32s2-elf/bin/../libexec/gcc/xtensa-esp32s2-elf/8.4.0/liblto_plugin.so] ==> ignore
    arg [-plugin-opt=/Users/NicoleMoiseyev/.espressif/tools/xtensa-esp32s2-elf/esp-2020r3-8.4.0/xtensa-esp32s2-elf/bin/../libexec/gcc/xtensa-esp32s2-elf/8.4.0/lto-wrapper] ==> ignore
    arg [-plugin-opt=-fresolution=/var/folders/jz/c8ldz3cd2l7bwrfnmd6sxgfc0000gn/T//ccfA3zzF.res] ==> ignore
    arg [-plugin-opt=-pass-through=-lgcc] ==> ignore
    arg [-plugin-opt=-pass-through=-lc] ==> ignore
    arg [-plugin-opt=-pass-through=-lnosys] ==> ignore
    arg [-plugin-opt=-pass-through=-lc] ==> ignore
    arg [-plugin-opt=-pass-through=-lgcc] ==> ignore
    arg [-o] ==> ignore
    arg [cmTC_870e5] ==> ignore
    arg [/Users/NicoleMoiseyev/.espressif/tools/xtensa-esp32s2-elf/esp-2020r3-8.4.0/xtensa-esp32s2-elf/bin/../lib/gcc/xtensa-esp32s2-elf/8.4.0/../../../../xtensa-esp32s2-elf/lib/crt0.o] ==> ignore
    arg [/Users/NicoleMoiseyev/.espressif/tools/xtensa-esp32s2-elf/esp-2020r3-8.4.0/xtensa-esp32s2-elf/bin/../lib/gcc/xtensa-esp32s2-elf/8.4.0/crti.o] ==> ignore
    arg [/Users/NicoleMoiseyev/.espressif/tools/xtensa-esp32s2-elf/esp-2020r3-8.4.0/xtensa-esp32s2-elf/bin/../lib/gcc/xtensa-esp32s2-elf/8.4.0/crtbegin.o] ==> ignore
    arg [-L/Users/NicoleMoiseyev/.espressif/tools/xtensa-esp32s2-elf/esp-2020r3-8.4.0/xtensa-esp32s2-elf/bin/../lib/gcc/xtensa-esp32s2-elf/8.4.0] ==> dir [/Users/NicoleMoiseyev/.espressif/tools/xtensa-esp32s2-elf/esp-2020r3-8.4.0/xtensa-esp32s2-elf/bin/../lib/gcc/xtensa-esp32s2-elf/8.4.0]
    arg [-L/Users/NicoleMoiseyev/.espressif/tools/xtensa-esp32s2-elf/esp-2020r3-8.4.0/xtensa-esp32s2-elf/bin/../lib/gcc] ==> dir [/Users/NicoleMoiseyev/.espressif/tools/xtensa-esp32s2-elf/esp-2020r3-8.4.0/xtensa-esp32s2-elf/bin/../lib/gcc]
    arg [-L/Users/NicoleMoiseyev/.espressif/tools/xtensa-esp32s2-elf/esp-2020r3-8.4.0/xtensa-esp32s2-elf/bin/../lib/gcc/xtensa-esp32s2-elf/8.4.0/../../../../xtensa-esp32s2-elf/lib] ==> dir [/Users/NicoleMoiseyev/.espressif/tools/xtensa-esp32s2-elf/esp-2020r3-8.4.0/xtensa-esp32s2-elf/bin/../lib/gcc/xtensa-esp32s2-elf/8.4.0/../../../../xtensa-esp32s2-elf/lib]
    arg [CMakeFiles/cmTC_870e5.dir/CMakeCCompilerABI.c.obj] ==> ignore
    arg [-lgcc] ==> lib [gcc]
    arg [-lc] ==> lib [c]
    arg [-lnosys] ==> lib [nosys]
    arg [-lc] ==> lib [c]
    arg [-lgcc] ==> lib [gcc]
    arg [/Users/NicoleMoiseyev/.espressif/tools/xtensa-esp32s2-elf/esp-2020r3-8.4.0/xtensa-esp32s2-elf/bin/../lib/gcc/xtensa-esp32s2-elf/8.4.0/crtend.o] ==> ignore
    arg [/Users/NicoleMoiseyev/.espressif/tools/xtensa-esp32s2-elf/esp-2020r3-8.4.0/xtensa-esp32s2-elf/bin/../lib/gcc/xtensa-esp32s2-elf/8.4.0/crtn.o] ==> ignore
  collapse library dir [/Users/NicoleMoiseyev/.espressif/tools/xtensa-esp32s2-elf/esp-2020r3-8.4.0/xtensa-esp32s2-elf/bin/../lib/gcc/xtensa-esp32s2-elf/8.4.0] ==> [/Users/NicoleMoiseyev/.espressif/tools/xtensa-esp32s2-elf/esp-2020r3-8.4.0/xtensa-esp32s2-elf/lib/gcc/xtensa-esp32s2-elf/8.4.0]
  collapse library dir [/Users/NicoleMoiseyev/.espressif/tools/xtensa-esp32s2-elf/esp-2020r3-8.4.0/xtensa-esp32s2-elf/bin/../lib/gcc] ==> [/Users/NicoleMoiseyev/.espressif/tools/xtensa-esp32s2-elf/esp-2020r3-8.4.0/xtensa-esp32s2-elf/lib/gcc]
  collapse library dir [/Users/NicoleMoiseyev/.espressif/tools/xtensa-esp32s2-elf/esp-2020r3-8.4.0/xtensa-esp32s2-elf/bin/../lib/gcc/xtensa-esp32s2-elf/8.4.0/../../../../xtensa-esp32s2-elf/lib] ==> [/Users/NicoleMoiseyev/.espressif/tools/xtensa-esp32s2-elf/esp-2020r3-8.4.0/xtensa-esp32s2-elf/xtensa-esp32s2-elf/lib]
  implicit libs: [gcc;c;nosys;c;gcc]
  implicit dirs: [/Users/NicoleMoiseyev/.espressif/tools/xtensa-esp32s2-elf/esp-2020r3-8.4.0/xtensa-esp32s2-elf/lib/gcc/xtensa-esp32s2-elf/8.4.0;/Users/NicoleMoiseyev/.espressif/tools/xtensa-esp32s2-elf/esp-2020r3-8.4.0/xtensa-esp32s2-elf/lib/gcc;/Users/NicoleMoiseyev/.espressif/tools/xtensa-esp32s2-elf/esp-2020r3-8.4.0/xtensa-esp32s2-elf/xtensa-esp32s2-elf/lib]
  implicit fwks: []




Detecting C [-std=c11] compiler features compiled with the following output:
Change Dir: /Users/NicoleMoiseyev/Documents/Engineering/MiGroBox/ECE/esp/migrobox/build/CMakeFiles/CMakeTmp

Run Build Command(s):/usr/local/bin/ninja cmTC_3a1b5 
[1/2] Building C object CMakeFiles/cmTC_3a1b5.dir/feature_tests.c.obj
[2/2] Linking C executable cmTC_3a1b5


    Feature record: C_FEATURE:1c_function_prototypes
    Feature record: C_FEATURE:1c_restrict
    Feature record: C_FEATURE:1c_static_assert
    Feature record: C_FEATURE:1c_variadic_macros


Detecting C [-std=c99] compiler features compiled with the following output:
Change Dir: /Users/NicoleMoiseyev/Documents/Engineering/MiGroBox/ECE/esp/migrobox/build/CMakeFiles/CMakeTmp

Run Build Command(s):/usr/local/bin/ninja cmTC_7f465 
[1/2] Building C object CMakeFiles/cmTC_7f465.dir/feature_tests.c.obj
[2/2] Linking C executable cmTC_7f465


    Feature record: C_FEATURE:1c_function_prototypes
    Feature record: C_FEATURE:1c_restrict
    Feature record: C_FEATURE:0c_static_assert
    Feature record: C_FEATURE:1c_variadic_macros


Detecting C [-std=c90] compiler features compiled with the following output:
Change Dir: /Users/NicoleMoiseyev/Documents/Engineering/MiGroBox/ECE/esp/migrobox/build/CMakeFiles/CMakeTmp

Run Build Command(s):/usr/local/bin/ninja cmTC_e8684 
[1/2] Building C object CMakeFiles/cmTC_e8684.dir/feature_tests.c.obj
[2/2] Linking C executable cmTC_e8684


    Feature record: C_FEATURE:1c_function_prototypes
    Feature record: C_FEATURE:0c_restrict
    Feature record: C_FEATURE:0c_static_assert
    Feature record: C_FEATURE:0c_variadic_macros
Determining if the CXX compiler works passed with the following output:
Change Dir: /Users/NicoleMoiseyev/Documents/Engineering/MiGroBox/ECE/esp/migrobox/build/CMakeFiles/CMakeTmp

Run Build Command(s):/usr/local/bin/ninja cmTC_bd8d6 
[1/2] Building CXX object CMakeFiles/cmTC_bd8d6.dir/testCXXCompiler.cxx.obj
[2/2] Linking CXX executable cmTC_bd8d6


Detecting CXX compiler ABI info compiled with the following output:
Change Dir: /Users/NicoleMoiseyev/Documents/Engineering/MiGroBox/ECE/esp/migrobox/build/CMakeFiles/CMakeTmp

Run Build Command(s):/usr/local/bin/ninja cmTC_39d8f 
[1/2] Building CXX object CMakeFiles/cmTC_39d8f.dir/CMakeCXXCompilerABI.cpp.obj
Using built-in specs.
COLLECT_GCC=/Users/NicoleMoiseyev/.espressif/tools/xtensa-esp32s2-elf/esp-2020r3-8.4.0/xtensa-esp32s2-elf/bin/xtensa-esp32s2-elf-g++
Target: xtensa-esp32s2-elf
Configured with: /builds/idf/crosstool-NG/.build/HOST-x86_64-apple-darwin12/xtensa-esp32s2-elf/src/gcc/configure --build=x86_64-build_pc-linux-gnu --host=x86_64-host_apple-darwin12 --target=xtensa-esp32s2-elf --prefix=/builds/idf/crosstool-NG/builds/xtensa-esp32s2-elf --with-local-prefix=/builds/idf/crosstool-NG/builds/xtensa-esp32s2-elf/xtensa-esp32s2-elf --with-headers=/builds/idf/crosstool-NG/builds/xtensa-esp32s2-elf/xtensa-esp32s2-elf/include --with-newlib --enable-threads=no --disable-shared --with-pkgversion='crosstool-NG esp-2020r3' --disable-__cxa_atexit --enable-cxx-flags=-ffunction-sections --disable-libgomp --disable-libmudflap --disable-libmpx --disable-libssp --disable-libquadmath --disable-libquadmath-support --with-gmp=/builds/idf/crosstool-NG/.build/HOST-x86_64-apple-darwin12/xtensa-esp32s2-elf/buildtools/complibs-host --with-mpfr=/builds/idf/crosstool-NG/.build/HOST-x86_64-apple-darwin12/xtensa-esp32s2-elf/buildtools/complibs-host --with-mpc=/builds/idf/crosstool-NG/.build/HOST-x86_64-apple-darwin12/xtensa-esp32s2-elf/buildtools/complibs-host --with-isl=/builds/idf/crosstool-NG/.build/HOST-x86_64-apple-darwin12/xtensa-esp32s2-elf/buildtools/complibs-host --enable-lto --enable-target-optspace --without-long-double-128 --disable-nls --enable-multiarch --enable-languages=c,c++ --disable-libstdcxx-verbose --enable-threads=posix --enable-gcov-custom-rtio --enable-libstdcxx-time=yes
Thread model: posix
gcc version 8.4.0 (crosstool-NG esp-2020r3) 
COLLECT_GCC_OPTIONS='-mlongcalls' '-v' '-o' 'CMakeFiles/cmTC_39d8f.dir/CMakeCXXCompilerABI.cpp.obj' '-c'
 /Users/NicoleMoiseyev/.espressif/tools/xtensa-esp32s2-elf/esp-2020r3-8.4.0/xtensa-esp32s2-elf/bin/../libexec/gcc/xtensa-esp32s2-elf/8.4.0/cc1plus -quiet -v -iprefix /Users/NicoleMoiseyev/.espressif/tools/xtensa-esp32s2-elf/esp-2020r3-8.4.0/xtensa-esp32s2-elf/bin/../lib/gcc/xtensa-esp32s2-elf/8.4.0/ /usr/local/Cellar/cmake/3.14.5/share/cmake/Modules/CMakeCXXCompilerABI.cpp -quiet -dumpbase CMakeCXXCompilerABI.cpp -mlongcalls -auxbase-strip CMakeFiles/cmTC_39d8f.dir/CMakeCXXCompilerABI.cpp.obj -version -o /var/folders/jz/c8ldz3cd2l7bwrfnmd6sxgfc0000gn/T//cc02MEkk.s
GNU C++14 (crosstool-NG esp-2020r3) version 8.4.0 (xtensa-esp32s2-elf)
	compiled by GNU C version 8.3.0, GMP version 6.1.2, MPFR version 4.0.1, MPC version 1.1.0, isl version isl-0.19-GMP

GGC heuristics: --param ggc-min-expand=100 --param ggc-min-heapsize=131072
ignoring duplicate directory "/Users/NicoleMoiseyev/.espressif/tools/xtensa-esp32s2-elf/esp-2020r3-8.4.0/xtensa-esp32s2-elf/bin/../lib/gcc/../../lib/gcc/xtensa-esp32s2-elf/8.4.0/../../../../xtensa-esp32s2-elf/include/c++/8.4.0"
ignoring duplicate directory "/Users/NicoleMoiseyev/.espressif/tools/xtensa-esp32s2-elf/esp-2020r3-8.4.0/xtensa-esp32s2-elf/bin/../lib/gcc/../../lib/gcc/xtensa-esp32s2-elf/8.4.0/../../../../xtensa-esp32s2-elf/include/c++/8.4.0/xtensa-esp32s2-elf"
ignoring duplicate directory "/Users/NicoleMoiseyev/.espressif/tools/xtensa-esp32s2-elf/esp-2020r3-8.4.0/xtensa-esp32s2-elf/bin/../lib/gcc/../../lib/gcc/xtensa-esp32s2-elf/8.4.0/../../../../xtensa-esp32s2-elf/include/c++/8.4.0/backward"
ignoring duplicate directory "/Users/NicoleMoiseyev/.espressif/tools/xtensa-esp32s2-elf/esp-2020r3-8.4.0/xtensa-esp32s2-elf/bin/../lib/gcc/../../lib/gcc/xtensa-esp32s2-elf/8.4.0/include"
ignoring duplicate directory "/Users/NicoleMoiseyev/.espressif/tools/xtensa-esp32s2-elf/esp-2020r3-8.4.0/xtensa-esp32s2-elf/bin/../lib/gcc/../../lib/gcc/xtensa-esp32s2-elf/8.4.0/include-fixed"
ignoring duplicate directory "/Users/NicoleMoiseyev/.espressif/tools/xtensa-esp32s2-elf/esp-2020r3-8.4.0/xtensa-esp32s2-elf/bin/../lib/gcc/../../lib/gcc/xtensa-esp32s2-elf/8.4.0/../../../../xtensa-esp32s2-elf/sys-include"
ignoring duplicate directory "/Users/NicoleMoiseyev/.espressif/tools/xtensa-esp32s2-elf/esp-2020r3-8.4.0/xtensa-esp32s2-elf/bin/../lib/gcc/../../lib/gcc/xtensa-esp32s2-elf/8.4.0/../../../../xtensa-esp32s2-elf/include"
#include "..." search starts here:
#include <...> search starts here:
 /Users/NicoleMoiseyev/.espressif/tools/xtensa-esp32s2-elf/esp-2020r3-8.4.0/xtensa-esp32s2-elf/bin/../lib/gcc/xtensa-esp32s2-elf/8.4.0/../../../../xtensa-esp32s2-elf/include/c++/8.4.0
 /Users/NicoleMoiseyev/.espressif/tools/xtensa-esp32s2-elf/esp-2020r3-8.4.0/xtensa-esp32s2-elf/bin/../lib/gcc/xtensa-esp32s2-elf/8.4.0/../../../../xtensa-esp32s2-elf/include/c++/8.4.0/xtensa-esp32s2-elf
 /Users/NicoleMoiseyev/.espressif/tools/xtensa-esp32s2-elf/esp-2020r3-8.4.0/xtensa-esp32s2-elf/bin/../lib/gcc/xtensa-esp32s2-elf/8.4.0/../../../../xtensa-esp32s2-elf/include/c++/8.4.0/backward
 /Users/NicoleMoiseyev/.espressif/tools/xtensa-esp32s2-elf/esp-2020r3-8.4.0/xtensa-esp32s2-elf/bin/../lib/gcc/xtensa-esp32s2-elf/8.4.0/include
 /Users/NicoleMoiseyev/.espressif/tools/xtensa-esp32s2-elf/esp-2020r3-8.4.0/xtensa-esp32s2-elf/bin/../lib/gcc/xtensa-esp32s2-elf/8.4.0/include-fixed
 /Users/NicoleMoiseyev/.espressif/tools/xtensa-esp32s2-elf/esp-2020r3-8.4.0/xtensa-esp32s2-elf/bin/../lib/gcc/xtensa-esp32s2-elf/8.4.0/../../../../xtensa-esp32s2-elf/sys-include
 /Users/NicoleMoiseyev/.espressif/tools/xtensa-esp32s2-elf/esp-2020r3-8.4.0/xtensa-esp32s2-elf/bin/../lib/gcc/xtensa-esp32s2-elf/8.4.0/../../../../xtensa-esp32s2-elf/include
End of search list.
GNU C++14 (crosstool-NG esp-2020r3) version 8.4.0 (xtensa-esp32s2-elf)
	compiled by GNU C version 8.3.0, GMP version 6.1.2, MPFR version 4.0.1, MPC version 1.1.0, isl version isl-0.19-GMP

GGC heuristics: --param ggc-min-expand=100 --param ggc-min-heapsize=131072
Compiler executable checksum: 10992a3dd7f2308052a431932b952f62
COLLECT_GCC_OPTIONS='-mlongcalls' '-v' '-o' 'CMakeFiles/cmTC_39d8f.dir/CMakeCXXCompilerABI.cpp.obj' '-c'
 /Users/NicoleMoiseyev/.espressif/tools/xtensa-esp32s2-elf/esp-2020r3-8.4.0/xtensa-esp32s2-elf/bin/../lib/gcc/xtensa-esp32s2-elf/8.4.0/../../../../xtensa-esp32s2-elf/bin/as --traditional-format --longcalls -o CMakeFiles/cmTC_39d8f.dir/CMakeCXXCompilerABI.cpp.obj /var/folders/jz/c8ldz3cd2l7bwrfnmd6sxgfc0000gn/T//cc02MEkk.s
COMPILER_PATH=/Users/NicoleMoiseyev/.espressif/tools/xtensa-esp32s2-elf/esp-2020r3-8.4.0/xtensa-esp32s2-elf/bin/../libexec/gcc/xtensa-esp32s2-elf/8.4.0/:/Users/NicoleMoiseyev/.espressif/tools/xtensa-esp32s2-elf/esp-2020r3-8.4.0/xtensa-esp32s2-elf/bin/../libexec/gcc/:/Users/NicoleMoiseyev/.espressif/tools/xtensa-esp32s2-elf/esp-2020r3-8.4.0/xtensa-esp32s2-elf/bin/../lib/gcc/xtensa-esp32s2-elf/8.4.0/../../../../xtensa-esp32s2-elf/bin/
LIBRARY_PATH=/Users/NicoleMoiseyev/.espressif/tools/xtensa-esp32s2-elf/esp-2020r3-8.4.0/xtensa-esp32s2-elf/bin/../lib/gcc/xtensa-esp32s2-elf/8.4.0/:/Users/NicoleMoiseyev/.espressif/tools/xtensa-esp32s2-elf/esp-2020r3-8.4.0/xtensa-esp32s2-elf/bin/../lib/gcc/:/Users/NicoleMoiseyev/.espressif/tools/xtensa-esp32s2-elf/esp-2020r3-8.4.0/xtensa-esp32s2-elf/bin/../lib/gcc/xtensa-esp32s2-elf/8.4.0/../../../../xtensa-esp32s2-elf/lib/
COLLECT_GCC_OPTIONS='-mlongcalls' '-v' '-o' 'CMakeFiles/cmTC_39d8f.dir/CMakeCXXCompilerABI.cpp.obj' '-c'
[2/2] Linking CXX executable cmTC_39d8f
Using built-in specs.
COLLECT_GCC=/Users/NicoleMoiseyev/.espressif/tools/xtensa-esp32s2-elf/esp-2020r3-8.4.0/xtensa-esp32s2-elf/bin/xtensa-esp32s2-elf-g++
COLLECT_LTO_WRAPPER=/Users/NicoleMoiseyev/.espressif/tools/xtensa-esp32s2-elf/esp-2020r3-8.4.0/xtensa-esp32s2-elf/bin/../libexec/gcc/xtensa-esp32s2-elf/8.4.0/lto-wrapper
Target: xtensa-esp32s2-elf
Configured with: /builds/idf/crosstool-NG/.build/HOST-x86_64-apple-darwin12/xtensa-esp32s2-elf/src/gcc/configure --build=x86_64-build_pc-linux-gnu --host=x86_64-host_apple-darwin12 --target=xtensa-esp32s2-elf --prefix=/builds/idf/crosstool-NG/builds/xtensa-esp32s2-elf --with-local-prefix=/builds/idf/crosstool-NG/builds/xtensa-esp32s2-elf/xtensa-esp32s2-elf --with-headers=/builds/idf/crosstool-NG/builds/xtensa-esp32s2-elf/xtensa-esp32s2-elf/include --with-newlib --enable-threads=no --disable-shared --with-pkgversion='crosstool-NG esp-2020r3' --disable-__cxa_atexit --enable-cxx-flags=-ffunction-sections --disable-libgomp --disable-libmudflap --disable-libmpx --disable-libssp --disable-libquadmath --disable-libquadmath-support --with-gmp=/builds/idf/crosstool-NG/.build/HOST-x86_64-apple-darwin12/xtensa-esp32s2-elf/buildtools/complibs-host --with-mpfr=/builds/idf/crosstool-NG/.build/HOST-x86_64-apple-darwin12/xtensa-esp32s2-elf/buildtools/complibs-host --with-mpc=/builds/idf/crosstool-NG/.build/HOST-x86_64-apple-darwin12/xtensa-esp32s2-elf/buildtools/complibs-host --with-isl=/builds/idf/crosstool-NG/.build/HOST-x86_64-apple-darwin12/xtensa-esp32s2-elf/buildtools/complibs-host --enable-lto --enable-target-optspace --without-long-double-128 --disable-nls --enable-multiarch --enable-languages=c,c++ --disable-libstdcxx-verbose --enable-threads=posix --enable-gcov-custom-rtio --enable-libstdcxx-time=yes
Thread model: posix
gcc version 8.4.0 (crosstool-NG esp-2020r3) 
COMPILER_PATH=/Users/NicoleMoiseyev/.espressif/tools/xtensa-esp32s2-elf/esp-2020r3-8.4.0/xtensa-esp32s2-elf/bin/../libexec/gcc/xtensa-esp32s2-elf/8.4.0/:/Users/NicoleMoiseyev/.espressif/tools/xtensa-esp32s2-elf/esp-2020r3-8.4.0/xtensa-esp32s2-elf/bin/../libexec/gcc/:/Users/NicoleMoiseyev/.espressif/tools/xtensa-esp32s2-elf/esp-2020r3-8.4.0/xtensa-esp32s2-elf/bin/../lib/gcc/xtensa-esp32s2-elf/8.4.0/../../../../xtensa-esp32s2-elf/bin/
LIBRARY_PATH=/Users/NicoleMoiseyev/.espressif/tools/xtensa-esp32s2-elf/esp-2020r3-8.4.0/xtensa-esp32s2-elf/bin/../lib/gcc/xtensa-esp32s2-elf/8.4.0/:/Users/NicoleMoiseyev/.espressif/tools/xtensa-esp32s2-elf/esp-2020r3-8.4.0/xtensa-esp32s2-elf/bin/../lib/gcc/:/Users/NicoleMoiseyev/.espressif/tools/xtensa-esp32s2-elf/esp-2020r3-8.4.0/xtensa-esp32s2-elf/bin/../lib/gcc/xtensa-esp32s2-elf/8.4.0/../../../../xtensa-esp32s2-elf/lib/
COLLECT_GCC_OPTIONS='-mlongcalls' '-v' '-o' 'cmTC_39d8f'
 /Users/NicoleMoiseyev/.espressif/tools/xtensa-esp32s2-elf/esp-2020r3-8.4.0/xtensa-esp32s2-elf/bin/../libexec/gcc/xtensa-esp32s2-elf/8.4.0/collect2 -plugin /Users/NicoleMoiseyev/.espressif/tools/xtensa-esp32s2-elf/esp-2020r3-8.4.0/xtensa-esp32s2-elf/bin/../libexec/gcc/xtensa-esp32s2-elf/8.4.0/liblto_plugin.so -plugin-opt=/Users/NicoleMoiseyev/.espressif/tools/xtensa-esp32s2-elf/esp-2020r3-8.4.0/xtensa-esp32s2-elf/bin/../libexec/gcc/xtensa-esp32s2-elf/8.4.0/lto-wrapper -plugin-opt=-fresolution=/var/folders/jz/c8ldz3cd2l7bwrfnmd6sxgfc0000gn/T//ccJ5MesT.res -plugin-opt=-pass-through=-lgcc -plugin-opt=-pass-through=-lc -plugin-opt=-pass-through=-lnosys -plugin-opt=-pass-through=-lc -plugin-opt=-pass-through=-lgcc -o cmTC_39d8f /Users/NicoleMoiseyev/.espressif/tools/xtensa-esp32s2-elf/esp-2020r3-8.4.0/xtensa-esp32s2-elf/bin/../lib/gcc/xtensa-esp32s2-elf/8.4.0/../../../../xtensa-esp32s2-elf/lib/crt0.o /Users/NicoleMoiseyev/.espressif/tools/xtensa-esp32s2-elf/esp-2020r3-8.4.0/xtensa-esp32s2-elf/bin/../lib/gcc/xtensa-esp32s2-elf/8.4.0/crti.o /Users/NicoleMoiseyev/.espressif/tools/xtensa-esp32s2-elf/esp-2020r3-8.4.0/xtensa-esp32s2-elf/bin/../lib/gcc/xtensa-esp32s2-elf/8.4.0/crtbegin.o -L/Users/NicoleMoiseyev/.espressif/tools/xtensa-esp32s2-elf/esp-2020r3-8.4.0/xtensa-esp32s2-elf/bin/../lib/gcc/xtensa-esp32s2-elf/8.4.0 -L/Users/NicoleMoiseyev/.espressif/tools/xtensa-esp32s2-elf/esp-2020r3-8.4.0/xtensa-esp32s2-elf/bin/../lib/gcc -L/Users/NicoleMoiseyev/.espressif/tools/xtensa-esp32s2-elf/esp-2020r3-8.4.0/xtensa-esp32s2-elf/bin/../lib/gcc/xtensa-esp32s2-elf/8.4.0/../../../../xtensa-esp32s2-elf/lib CMakeFiles/cmTC_39d8f.dir/CMakeCXXCompilerABI.cpp.obj -lstdc++ -lm -lgcc -lc -lnosys -lc -lgcc /Users/NicoleMoiseyev/.espressif/tools/xtensa-esp32s2-elf/esp-2020r3-8.4.0/xtensa-esp32s2-elf/bin/../lib/gcc/xtensa-esp32s2-elf/8.4.0/crtend.o /Users/NicoleMoiseyev/.espressif/tools/xtensa-esp32s2-elf/esp-2020r3-8.4.0/xtensa-esp32s2-elf/bin/../lib/gcc/xtensa-esp32s2-elf/8.4.0/crtn.o
COLLECT_GCC_OPTIONS='-mlongcalls' '-v' '-o' 'cmTC_39d8f'


Parsed CXX implicit include dir info from above output: rv=done
  found start of include info
  found start of implicit include info
    add: [/Users/NicoleMoiseyev/.espressif/tools/xtensa-esp32s2-elf/esp-2020r3-8.4.0/xtensa-esp32s2-elf/bin/../lib/gcc/xtensa-esp32s2-elf/8.4.0/../../../../xtensa-esp32s2-elf/include/c++/8.4.0]
    add: [/Users/NicoleMoiseyev/.espressif/tools/xtensa-esp32s2-elf/esp-2020r3-8.4.0/xtensa-esp32s2-elf/bin/../lib/gcc/xtensa-esp32s2-elf/8.4.0/../../../../xtensa-esp32s2-elf/include/c++/8.4.0/xtensa-esp32s2-elf]
    add: [/Users/NicoleMoiseyev/.espressif/tools/xtensa-esp32s2-elf/esp-2020r3-8.4.0/xtensa-esp32s2-elf/bin/../lib/gcc/xtensa-esp32s2-elf/8.4.0/../../../../xtensa-esp32s2-elf/include/c++/8.4.0/backward]
    add: [/Users/NicoleMoiseyev/.espressif/tools/xtensa-esp32s2-elf/esp-2020r3-8.4.0/xtensa-esp32s2-elf/bin/../lib/gcc/xtensa-esp32s2-elf/8.4.0/include]
    add: [/Users/NicoleMoiseyev/.espressif/tools/xtensa-esp32s2-elf/esp-2020r3-8.4.0/xtensa-esp32s2-elf/bin/../lib/gcc/xtensa-esp32s2-elf/8.4.0/include-fixed]
    add: [/Users/NicoleMoiseyev/.espressif/tools/xtensa-esp32s2-elf/esp-2020r3-8.4.0/xtensa-esp32s2-elf/bin/../lib/gcc/xtensa-esp32s2-elf/8.4.0/../../../../xtensa-esp32s2-elf/sys-include]
    add: [/Users/NicoleMoiseyev/.espressif/tools/xtensa-esp32s2-elf/esp-2020r3-8.4.0/xtensa-esp32s2-elf/bin/../lib/gcc/xtensa-esp32s2-elf/8.4.0/../../../../xtensa-esp32s2-elf/include]
  end of search list found
  collapse include dir [/Users/NicoleMoiseyev/.espressif/tools/xtensa-esp32s2-elf/esp-2020r3-8.4.0/xtensa-esp32s2-elf/bin/../lib/gcc/xtensa-esp32s2-elf/8.4.0/../../../../xtensa-esp32s2-elf/include/c++/8.4.0] ==> [/Users/NicoleMoiseyev/.espressif/tools/xtensa-esp32s2-elf/esp-2020r3-8.4.0/xtensa-esp32s2-elf/xtensa-esp32s2-elf/include/c++/8.4.0]
  collapse include dir [/Users/NicoleMoiseyev/.espressif/tools/xtensa-esp32s2-elf/esp-2020r3-8.4.0/xtensa-esp32s2-elf/bin/../lib/gcc/xtensa-esp32s2-elf/8.4.0/../../../../xtensa-esp32s2-elf/include/c++/8.4.0/xtensa-esp32s2-elf] ==> [/Users/NicoleMoiseyev/.espressif/tools/xtensa-esp32s2-elf/esp-2020r3-8.4.0/xtensa-esp32s2-elf/xtensa-esp32s2-elf/include/c++/8.4.0/xtensa-esp32s2-elf]
  collapse include dir [/Users/NicoleMoiseyev/.espressif/tools/xtensa-esp32s2-elf/esp-2020r3-8.4.0/xtensa-esp32s2-elf/bin/../lib/gcc/xtensa-esp32s2-elf/8.4.0/../../../../xtensa-esp32s2-elf/include/c++/8.4.0/backward] ==> [/Users/NicoleMoiseyev/.espressif/tools/xtensa-esp32s2-elf/esp-2020r3-8.4.0/xtensa-esp32s2-elf/xtensa-esp32s2-elf/include/c++/8.4.0/backward]
  collapse include dir [/Users/NicoleMoiseyev/.espressif/tools/xtensa-esp32s2-elf/esp-2020r3-8.4.0/xtensa-esp32s2-elf/bin/../lib/gcc/xtensa-esp32s2-elf/8.4.0/include] ==> [/Users/NicoleMoiseyev/.espressif/tools/xtensa-esp32s2-elf/esp-2020r3-8.4.0/xtensa-esp32s2-elf/lib/gcc/xtensa-esp32s2-elf/8.4.0/include]
  collapse include dir [/Users/NicoleMoiseyev/.espressif/tools/xtensa-esp32s2-elf/esp-2020r3-8.4.0/xtensa-esp32s2-elf/bin/../lib/gcc/xtensa-esp32s2-elf/8.4.0/include-fixed] ==> [/Users/NicoleMoiseyev/.espressif/tools/xtensa-esp32s2-elf/esp-2020r3-8.4.0/xtensa-esp32s2-elf/lib/gcc/xtensa-esp32s2-elf/8.4.0/include-fixed]
  collapse include dir [/Users/NicoleMoiseyev/.espressif/tools/xtensa-esp32s2-elf/esp-2020r3-8.4.0/xtensa-esp32s2-elf/bin/../lib/gcc/xtensa-esp32s2-elf/8.4.0/../../../../xtensa-esp32s2-elf/sys-include] ==> [/Users/NicoleMoiseyev/.espressif/tools/xtensa-esp32s2-elf/esp-2020r3-8.4.0/xtensa-esp32s2-elf/xtensa-esp32s2-elf/sys-include]
  collapse include dir [/Users/NicoleMoiseyev/.espressif/tools/xtensa-esp32s2-elf/esp-2020r3-8.4.0/xtensa-esp32s2-elf/bin/../lib/gcc/xtensa-esp32s2-elf/8.4.0/../../../../xtensa-esp32s2-elf/include] ==> [/Users/NicoleMoiseyev/.espressif/tools/xtensa-esp32s2-elf/esp-2020r3-8.4.0/xtensa-esp32s2-elf/xtensa-esp32s2-elf/include]
  implicit include dirs: [/Users/NicoleMoiseyev/.espressif/tools/xtensa-esp32s2-elf/esp-2020r3-8.4.0/xtensa-esp32s2-elf/xtensa-esp32s2-elf/include/c++/8.4.0;/Users/NicoleMoiseyev/.espressif/tools/xtensa-esp32s2-elf/esp-2020r3-8.4.0/xtensa-esp32s2-elf/xtensa-esp32s2-elf/include/c++/8.4.0/xtensa-esp32s2-elf;/Users/NicoleMoiseyev/.espressif/tools/xtensa-esp32s2-elf/esp-2020r3-8.4.0/xtensa-esp32s2-elf/xtensa-esp32s2-elf/include/c++/8.4.0/backward;/Users/NicoleMoiseyev/.espressif/tools/xtensa-esp32s2-elf/esp-2020r3-8.4.0/xtensa-esp32s2-elf/lib/gcc/xtensa-esp32s2-elf/8.4.0/include;/Users/NicoleMoiseyev/.espressif/tools/xtensa-esp32s2-elf/esp-2020r3-8.4.0/xtensa-esp32s2-elf/lib/gcc/xtensa-esp32s2-elf/8.4.0/include-fixed;/Users/NicoleMoiseyev/.espressif/tools/xtensa-esp32s2-elf/esp-2020r3-8.4.0/xtensa-esp32s2-elf/xtensa-esp32s2-elf/sys-include;/Users/NicoleMoiseyev/.espressif/tools/xtensa-esp32s2-elf/esp-2020r3-8.4.0/xtensa-esp32s2-elf/xtensa-esp32s2-elf/include]


Parsed CXX implicit link information from above output:
  link line regex: [^( *|.*[/\])(xtensa-esp32s2-elf-ld|CMAKE_LINK_STARTFILE-NOTFOUND|([^/\]+-)?ld|collect2)[^/\]*( |$)]
  ignore line: [Change Dir: /Users/NicoleMoiseyev/Documents/Engineering/MiGroBox/ECE/esp/migrobox/build/CMakeFiles/CMakeTmp]
  ignore line: []
  ignore line: [Run Build Command(s):/usr/local/bin/ninja cmTC_39d8f ]
  ignore line: [[1/2] Building CXX object CMakeFiles/cmTC_39d8f.dir/CMakeCXXCompilerABI.cpp.obj]
  ignore line: [Using built-in specs.]
  ignore line: [COLLECT_GCC=/Users/NicoleMoiseyev/.espressif/tools/xtensa-esp32s2-elf/esp-2020r3-8.4.0/xtensa-esp32s2-elf/bin/xtensa-esp32s2-elf-g++]
  ignore line: [Target: xtensa-esp32s2-elf]
  ignore line: [Configured with: /builds/idf/crosstool-NG/.build/HOST-x86_64-apple-darwin12/xtensa-esp32s2-elf/src/gcc/configure --build=x86_64-build_pc-linux-gnu --host=x86_64-host_apple-darwin12 --target=xtensa-esp32s2-elf --prefix=/builds/idf/crosstool-NG/builds/xtensa-esp32s2-elf --with-local-prefix=/builds/idf/crosstool-NG/builds/xtensa-esp32s2-elf/xtensa-esp32s2-elf --with-headers=/builds/idf/crosstool-NG/builds/xtensa-esp32s2-elf/xtensa-esp32s2-elf/include --with-newlib --enable-threads=no --disable-shared --with-pkgversion='crosstool-NG esp-2020r3' --disable-__cxa_atexit --enable-cxx-flags=-ffunction-sections --disable-libgomp --disable-libmudflap --disable-libmpx --disable-libssp --disable-libquadmath --disable-libquadmath-support --with-gmp=/builds/idf/crosstool-NG/.build/HOST-x86_64-apple-darwin12/xtensa-esp32s2-elf/buildtools/complibs-host --with-mpfr=/builds/idf/crosstool-NG/.build/HOST-x86_64-apple-darwin12/xtensa-esp32s2-elf/buildtools/complibs-host --with-mpc=/builds/idf/crosstool-NG/.build/HOST-x86_64-apple-darwin12/xtensa-esp32s2-elf/buildtools/complibs-host --with-isl=/builds/idf/crosstool-NG/.build/HOST-x86_64-apple-darwin12/xtensa-esp32s2-elf/buildtools/complibs-host --enable-lto --enable-target-optspace --without-long-double-128 --disable-nls --enable-multiarch --enable-languages=c,c++ --disable-libstdcxx-verbose --enable-threads=posix --enable-gcov-custom-rtio --enable-libstdcxx-time=yes]
  ignore line: [Thread model: posix]
  ignore line: [gcc version 8.4.0 (crosstool-NG esp-2020r3) ]
  ignore line: [COLLECT_GCC_OPTIONS='-mlongcalls' '-v' '-o' 'CMakeFiles/cmTC_39d8f.dir/CMakeCXXCompilerABI.cpp.obj' '-c']
  ignore line: [ /Users/NicoleMoiseyev/.espressif/tools/xtensa-esp32s2-elf/esp-2020r3-8.4.0/xtensa-esp32s2-elf/bin/../libexec/gcc/xtensa-esp32s2-elf/8.4.0/cc1plus -quiet -v -iprefix /Users/NicoleMoiseyev/.espressif/tools/xtensa-esp32s2-elf/esp-2020r3-8.4.0/xtensa-esp32s2-elf/bin/../lib/gcc/xtensa-esp32s2-elf/8.4.0/ /usr/local/Cellar/cmake/3.14.5/share/cmake/Modules/CMakeCXXCompilerABI.cpp -quiet -dumpbase CMakeCXXCompilerABI.cpp -mlongcalls -auxbase-strip CMakeFiles/cmTC_39d8f.dir/CMakeCXXCompilerABI.cpp.obj -version -o /var/folders/jz/c8ldz3cd2l7bwrfnmd6sxgfc0000gn/T//cc02MEkk.s]
  ignore line: [GNU C++14 (crosstool-NG esp-2020r3) version 8.4.0 (xtensa-esp32s2-elf)]
  ignore line: [	compiled by GNU C version 8.3.0, GMP version 6.1.2, MPFR version 4.0.1, MPC version 1.1.0, isl version isl-0.19-GMP]
  ignore line: []
  ignore line: [GGC heuristics: --param ggc-min-expand=100 --param ggc-min-heapsize=131072]
  ignore line: [ignoring duplicate directory "/Users/NicoleMoiseyev/.espressif/tools/xtensa-esp32s2-elf/esp-2020r3-8.4.0/xtensa-esp32s2-elf/bin/../lib/gcc/../../lib/gcc/xtensa-esp32s2-elf/8.4.0/../../../../xtensa-esp32s2-elf/include/c++/8.4.0"]
  ignore line: [ignoring duplicate directory "/Users/NicoleMoiseyev/.espressif/tools/xtensa-esp32s2-elf/esp-2020r3-8.4.0/xtensa-esp32s2-elf/bin/../lib/gcc/../../lib/gcc/xtensa-esp32s2-elf/8.4.0/../../../../xtensa-esp32s2-elf/include/c++/8.4.0/xtensa-esp32s2-elf"]
  ignore line: [ignoring duplicate directory "/Users/NicoleMoiseyev/.espressif/tools/xtensa-esp32s2-elf/esp-2020r3-8.4.0/xtensa-esp32s2-elf/bin/../lib/gcc/../../lib/gcc/xtensa-esp32s2-elf/8.4.0/../../../../xtensa-esp32s2-elf/include/c++/8.4.0/backward"]
  ignore line: [ignoring duplicate directory "/Users/NicoleMoiseyev/.espressif/tools/xtensa-esp32s2-elf/esp-2020r3-8.4.0/xtensa-esp32s2-elf/bin/../lib/gcc/../../lib/gcc/xtensa-esp32s2-elf/8.4.0/include"]
  ignore line: [ignoring duplicate directory "/Users/NicoleMoiseyev/.espressif/tools/xtensa-esp32s2-elf/esp-2020r3-8.4.0/xtensa-esp32s2-elf/bin/../lib/gcc/../../lib/gcc/xtensa-esp32s2-elf/8.4.0/include-fixed"]
  ignore line: [ignoring duplicate directory "/Users/NicoleMoiseyev/.espressif/tools/xtensa-esp32s2-elf/esp-2020r3-8.4.0/xtensa-esp32s2-elf/bin/../lib/gcc/../../lib/gcc/xtensa-esp32s2-elf/8.4.0/../../../../xtensa-esp32s2-elf/sys-include"]
  ignore line: [ignoring duplicate directory "/Users/NicoleMoiseyev/.espressif/tools/xtensa-esp32s2-elf/esp-2020r3-8.4.0/xtensa-esp32s2-elf/bin/../lib/gcc/../../lib/gcc/xtensa-esp32s2-elf/8.4.0/../../../../xtensa-esp32s2-elf/include"]
  ignore line: [#include "..." search starts here:]
  ignore line: [#include <...> search starts here:]
  ignore line: [ /Users/NicoleMoiseyev/.espressif/tools/xtensa-esp32s2-elf/esp-2020r3-8.4.0/xtensa-esp32s2-elf/bin/../lib/gcc/xtensa-esp32s2-elf/8.4.0/../../../../xtensa-esp32s2-elf/include/c++/8.4.0]
  ignore line: [ /Users/NicoleMoiseyev/.espressif/tools/xtensa-esp32s2-elf/esp-2020r3-8.4.0/xtensa-esp32s2-elf/bin/../lib/gcc/xtensa-esp32s2-elf/8.4.0/../../../../xtensa-esp32s2-elf/include/c++/8.4.0/xtensa-esp32s2-elf]
  ignore line: [ /Users/NicoleMoiseyev/.espressif/tools/xtensa-esp32s2-elf/esp-2020r3-8.4.0/xtensa-esp32s2-elf/bin/../lib/gcc/xtensa-esp32s2-elf/8.4.0/../../../../xtensa-esp32s2-elf/include/c++/8.4.0/backward]
  ignore line: [ /Users/NicoleMoiseyev/.espressif/tools/xtensa-esp32s2-elf/esp-2020r3-8.4.0/xtensa-esp32s2-elf/bin/../lib/gcc/xtensa-esp32s2-elf/8.4.0/include]
  ignore line: [ /Users/NicoleMoiseyev/.espressif/tools/xtensa-esp32s2-elf/esp-2020r3-8.4.0/xtensa-esp32s2-elf/bin/../lib/gcc/xtensa-esp32s2-elf/8.4.0/include-fixed]
  ignore line: [ /Users/NicoleMoiseyev/.espressif/tools/xtensa-esp32s2-elf/esp-2020r3-8.4.0/xtensa-esp32s2-elf/bin/../lib/gcc/xtensa-esp32s2-elf/8.4.0/../../../../xtensa-esp32s2-elf/sys-include]
  ignore line: [ /Users/NicoleMoiseyev/.espressif/tools/xtensa-esp32s2-elf/esp-2020r3-8.4.0/xtensa-esp32s2-elf/bin/../lib/gcc/xtensa-esp32s2-elf/8.4.0/../../../../xtensa-esp32s2-elf/include]
  ignore line: [End of search list.]
  ignore line: [GNU C++14 (crosstool-NG esp-2020r3) version 8.4.0 (xtensa-esp32s2-elf)]
  ignore line: [	compiled by GNU C version 8.3.0, GMP version 6.1.2, MPFR version 4.0.1, MPC version 1.1.0, isl version isl-0.19-GMP]
  ignore line: []
  ignore line: [GGC heuristics: --param ggc-min-expand=100 --param ggc-min-heapsize=131072]
  ignore line: [Compiler executable checksum: 10992a3dd7f2308052a431932b952f62]
  ignore line: [COLLECT_GCC_OPTIONS='-mlongcalls' '-v' '-o' 'CMakeFiles/cmTC_39d8f.dir/CMakeCXXCompilerABI.cpp.obj' '-c']
  ignore line: [ /Users/NicoleMoiseyev/.espressif/tools/xtensa-esp32s2-elf/esp-2020r3-8.4.0/xtensa-esp32s2-elf/bin/../lib/gcc/xtensa-esp32s2-elf/8.4.0/../../../../xtensa-esp32s2-elf/bin/as --traditional-format --longcalls -o CMakeFiles/cmTC_39d8f.dir/CMakeCXXCompilerABI.cpp.obj /var/folders/jz/c8ldz3cd2l7bwrfnmd6sxgfc0000gn/T//cc02MEkk.s]
  ignore line: [COMPILER_PATH=/Users/NicoleMoiseyev/.espressif/tools/xtensa-esp32s2-elf/esp-2020r3-8.4.0/xtensa-esp32s2-elf/bin/../libexec/gcc/xtensa-esp32s2-elf/8.4.0/:/Users/NicoleMoiseyev/.espressif/tools/xtensa-esp32s2-elf/esp-2020r3-8.4.0/xtensa-esp32s2-elf/bin/../libexec/gcc/:/Users/NicoleMoiseyev/.espressif/tools/xtensa-esp32s2-elf/esp-2020r3-8.4.0/xtensa-esp32s2-elf/bin/../lib/gcc/xtensa-esp32s2-elf/8.4.0/../../../../xtensa-esp32s2-elf/bin/]
  ignore line: [LIBRARY_PATH=/Users/NicoleMoiseyev/.espressif/tools/xtensa-esp32s2-elf/esp-2020r3-8.4.0/xtensa-esp32s2-elf/bin/../lib/gcc/xtensa-esp32s2-elf/8.4.0/:/Users/NicoleMoiseyev/.espressif/tools/xtensa-esp32s2-elf/esp-2020r3-8.4.0/xtensa-esp32s2-elf/bin/../lib/gcc/:/Users/NicoleMoiseyev/.espressif/tools/xtensa-esp32s2-elf/esp-2020r3-8.4.0/xtensa-esp32s2-elf/bin/../lib/gcc/xtensa-esp32s2-elf/8.4.0/../../../../xtensa-esp32s2-elf/lib/]
  ignore line: [COLLECT_GCC_OPTIONS='-mlongcalls' '-v' '-o' 'CMakeFiles/cmTC_39d8f.dir/CMakeCXXCompilerABI.cpp.obj' '-c']
  ignore line: [[2/2] Linking CXX executable cmTC_39d8f]
  ignore line: [Using built-in specs.]
  ignore line: [COLLECT_GCC=/Users/NicoleMoiseyev/.espressif/tools/xtensa-esp32s2-elf/esp-2020r3-8.4.0/xtensa-esp32s2-elf/bin/xtensa-esp32s2-elf-g++]
  ignore line: [COLLECT_LTO_WRAPPER=/Users/NicoleMoiseyev/.espressif/tools/xtensa-esp32s2-elf/esp-2020r3-8.4.0/xtensa-esp32s2-elf/bin/../libexec/gcc/xtensa-esp32s2-elf/8.4.0/lto-wrapper]
  ignore line: [Target: xtensa-esp32s2-elf]
  ignore line: [Configured with: /builds/idf/crosstool-NG/.build/HOST-x86_64-apple-darwin12/xtensa-esp32s2-elf/src/gcc/configure --build=x86_64-build_pc-linux-gnu --host=x86_64-host_apple-darwin12 --target=xtensa-esp32s2-elf --prefix=/builds/idf/crosstool-NG/builds/xtensa-esp32s2-elf --with-local-prefix=/builds/idf/crosstool-NG/builds/xtensa-esp32s2-elf/xtensa-esp32s2-elf --with-headers=/builds/idf/crosstool-NG/builds/xtensa-esp32s2-elf/xtensa-esp32s2-elf/include --with-newlib --enable-threads=no --disable-shared --with-pkgversion='crosstool-NG esp-2020r3' --disable-__cxa_atexit --enable-cxx-flags=-ffunction-sections --disable-libgomp --disable-libmudflap --disable-libmpx --disable-libssp --disable-libquadmath --disable-libquadmath-support --with-gmp=/builds/idf/crosstool-NG/.build/HOST-x86_64-apple-darwin12/xtensa-esp32s2-elf/buildtools/complibs-host --with-mpfr=/builds/idf/crosstool-NG/.build/HOST-x86_64-apple-darwin12/xtensa-esp32s2-elf/buildtools/complibs-host --with-mpc=/builds/idf/crosstool-NG/.build/HOST-x86_64-apple-darwin12/xtensa-esp32s2-elf/buildtools/complibs-host --with-isl=/builds/idf/crosstool-NG/.build/HOST-x86_64-apple-darwin12/xtensa-esp32s2-elf/buildtools/complibs-host --enable-lto --enable-target-optspace --without-long-double-128 --disable-nls --enable-multiarch --enable-languages=c,c++ --disable-libstdcxx-verbose --enable-threads=posix --enable-gcov-custom-rtio --enable-libstdcxx-time=yes]
  ignore line: [Thread model: posix]
  ignore line: [gcc version 8.4.0 (crosstool-NG esp-2020r3) ]
  ignore line: [COMPILER_PATH=/Users/NicoleMoiseyev/.espressif/tools/xtensa-esp32s2-elf/esp-2020r3-8.4.0/xtensa-esp32s2-elf/bin/../libexec/gcc/xtensa-esp32s2-elf/8.4.0/:/Users/NicoleMoiseyev/.espressif/tools/xtensa-esp32s2-elf/esp-2020r3-8.4.0/xtensa-esp32s2-elf/bin/../libexec/gcc/:/Users/NicoleMoiseyev/.espressif/tools/xtensa-esp32s2-elf/esp-2020r3-8.4.0/xtensa-esp32s2-elf/bin/../lib/gcc/xtensa-esp32s2-elf/8.4.0/../../../../xtensa-esp32s2-elf/bin/]
  ignore line: [LIBRARY_PATH=/Users/NicoleMoiseyev/.espressif/tools/xtensa-esp32s2-elf/esp-2020r3-8.4.0/xtensa-esp32s2-elf/bin/../lib/gcc/xtensa-esp32s2-elf/8.4.0/:/Users/NicoleMoiseyev/.espressif/tools/xtensa-esp32s2-elf/esp-2020r3-8.4.0/xtensa-esp32s2-elf/bin/../lib/gcc/:/Users/NicoleMoiseyev/.espressif/tools/xtensa-esp32s2-elf/esp-2020r3-8.4.0/xtensa-esp32s2-elf/bin/../lib/gcc/xtensa-esp32s2-elf/8.4.0/../../../../xtensa-esp32s2-elf/lib/]
  ignore line: [COLLECT_GCC_OPTIONS='-mlongcalls' '-v' '-o' 'cmTC_39d8f']
  link line: [ /Users/NicoleMoiseyev/.espressif/tools/xtensa-esp32s2-elf/esp-2020r3-8.4.0/xtensa-esp32s2-elf/bin/../libexec/gcc/xtensa-esp32s2-elf/8.4.0/collect2 -plugin /Users/NicoleMoiseyev/.espressif/tools/xtensa-esp32s2-elf/esp-2020r3-8.4.0/xtensa-esp32s2-elf/bin/../libexec/gcc/xtensa-esp32s2-elf/8.4.0/liblto_plugin.so -plugin-opt=/Users/NicoleMoiseyev/.espressif/tools/xtensa-esp32s2-elf/esp-2020r3-8.4.0/xtensa-esp32s2-elf/bin/../libexec/gcc/xtensa-esp32s2-elf/8.4.0/lto-wrapper -plugin-opt=-fresolution=/var/folders/jz/c8ldz3cd2l7bwrfnmd6sxgfc0000gn/T//ccJ5MesT.res -plugin-opt=-pass-through=-lgcc -plugin-opt=-pass-through=-lc -plugin-opt=-pass-through=-lnosys -plugin-opt=-pass-through=-lc -plugin-opt=-pass-through=-lgcc -o cmTC_39d8f /Users/NicoleMoiseyev/.espressif/tools/xtensa-esp32s2-elf/esp-2020r3-8.4.0/xtensa-esp32s2-elf/bin/../lib/gcc/xtensa-esp32s2-elf/8.4.0/../../../../xtensa-esp32s2-elf/lib/crt0.o /Users/NicoleMoiseyev/.espressif/tools/xtensa-esp32s2-elf/esp-2020r3-8.4.0/xtensa-esp32s2-elf/bin/../lib/gcc/xtensa-esp32s2-elf/8.4.0/crti.o /Users/NicoleMoiseyev/.espressif/tools/xtensa-esp32s2-elf/esp-2020r3-8.4.0/xtensa-esp32s2-elf/bin/../lib/gcc/xtensa-esp32s2-elf/8.4.0/crtbegin.o -L/Users/NicoleMoiseyev/.espressif/tools/xtensa-esp32s2-elf/esp-2020r3-8.4.0/xtensa-esp32s2-elf/bin/../lib/gcc/xtensa-esp32s2-elf/8.4.0 -L/Users/NicoleMoiseyev/.espressif/tools/xtensa-esp32s2-elf/esp-2020r3-8.4.0/xtensa-esp32s2-elf/bin/../lib/gcc -L/Users/NicoleMoiseyev/.espressif/tools/xtensa-esp32s2-elf/esp-2020r3-8.4.0/xtensa-esp32s2-elf/bin/../lib/gcc/xtensa-esp32s2-elf/8.4.0/../../../../xtensa-esp32s2-elf/lib CMakeFiles/cmTC_39d8f.dir/CMakeCXXCompilerABI.cpp.obj -lstdc++ -lm -lgcc -lc -lnosys -lc -lgcc /Users/NicoleMoiseyev/.espressif/tools/xtensa-esp32s2-elf/esp-2020r3-8.4.0/xtensa-esp32s2-elf/bin/../lib/gcc/xtensa-esp32s2-elf/8.4.0/crtend.o /Users/NicoleMoiseyev/.espressif/tools/xtensa-esp32s2-elf/esp-2020r3-8.4.0/xtensa-esp32s2-elf/bin/../lib/gcc/xtensa-esp32s2-elf/8.4.0/crtn.o]
    arg [/Users/NicoleMoiseyev/.espressif/tools/xtensa-esp32s2-elf/esp-2020r3-8.4.0/xtensa-esp32s2-elf/bin/../libexec/gcc/xtensa-esp32s2-elf/8.4.0/collect2] ==> ignore
    arg [-plugin] ==> ignore
    arg [/Users/NicoleMoiseyev/.espressif/tools/xtensa-esp32s2-elf/esp-2020r3-8.4.0/xtensa-esp32s2-elf/bin/../libexec/gcc/xtensa-esp32s2-elf/8.4.0/liblto_plugin.so] ==> ignore
    arg [-plugin-opt=/Users/NicoleMoiseyev/.espressif/tools/xtensa-esp32s2-elf/esp-2020r3-8.4.0/xtensa-esp32s2-elf/bin/../libexec/gcc/xtensa-esp32s2-elf/8.4.0/lto-wrapper] ==> ignore
    arg [-plugin-opt=-fresolution=/var/folders/jz/c8ldz3cd2l7bwrfnmd6sxgfc0000gn/T//ccJ5MesT.res] ==> ignore
    arg [-plugin-opt=-pass-through=-lgcc] ==> ignore
    arg [-plugin-opt=-pass-through=-lc] ==> ignore
    arg [-plugin-opt=-pass-through=-lnosys] ==> ignore
    arg [-plugin-opt=-pass-through=-lc] ==> ignore
    arg [-plugin-opt=-pass-through=-lgcc] ==> ignore
    arg [-o] ==> ignore
    arg [cmTC_39d8f] ==> ignore
    arg [/Users/NicoleMoiseyev/.espressif/tools/xtensa-esp32s2-elf/esp-2020r3-8.4.0/xtensa-esp32s2-elf/bin/../lib/gcc/xtensa-esp32s2-elf/8.4.0/../../../../xtensa-esp32s2-elf/lib/crt0.o] ==> ignore
    arg [/Users/NicoleMoiseyev/.espressif/tools/xtensa-esp32s2-elf/esp-2020r3-8.4.0/xtensa-esp32s2-elf/bin/../lib/gcc/xtensa-esp32s2-elf/8.4.0/crti.o] ==> ignore
    arg [/Users/NicoleMoiseyev/.espressif/tools/xtensa-esp32s2-elf/esp-2020r3-8.4.0/xtensa-esp32s2-elf/bin/../lib/gcc/xtensa-esp32s2-elf/8.4.0/crtbegin.o] ==> ignore
    arg [-L/Users/NicoleMoiseyev/.espressif/tools/xtensa-esp32s2-elf/esp-2020r3-8.4.0/xtensa-esp32s2-elf/bin/../lib/gcc/xtensa-esp32s2-elf/8.4.0] ==> dir [/Users/NicoleMoiseyev/.espressif/tools/xtensa-esp32s2-elf/esp-2020r3-8.4.0/xtensa-esp32s2-elf/bin/../lib/gcc/xtensa-esp32s2-elf/8.4.0]
    arg [-L/Users/NicoleMoiseyev/.espressif/tools/xtensa-esp32s2-elf/esp-2020r3-8.4.0/xtensa-esp32s2-elf/bin/../lib/gcc] ==> dir [/Users/NicoleMoiseyev/.espressif/tools/xtensa-esp32s2-elf/esp-2020r3-8.4.0/xtensa-esp32s2-elf/bin/../lib/gcc]
    arg [-L/Users/NicoleMoiseyev/.espressif/tools/xtensa-esp32s2-elf/esp-2020r3-8.4.0/xtensa-esp32s2-elf/bin/../lib/gcc/xtensa-esp32s2-elf/8.4.0/../../../../xtensa-esp32s2-elf/lib] ==> dir [/Users/NicoleMoiseyev/.espressif/tools/xtensa-esp32s2-elf/esp-2020r3-8.4.0/xtensa-esp32s2-elf/bin/../lib/gcc/xtensa-esp32s2-elf/8.4.0/../../../../xtensa-esp32s2-elf/lib]
    arg [CMakeFiles/cmTC_39d8f.dir/CMakeCXXCompilerABI.cpp.obj] ==> ignore
    arg [-lstdc++] ==> lib [stdc++]
    arg [-lm] ==> lib [m]
    arg [-lgcc] ==> lib [gcc]
    arg [-lc] ==> lib [c]
    arg [-lnosys] ==> lib [nosys]
    arg [-lc] ==> lib [c]
    arg [-lgcc] ==> lib [gcc]
    arg [/Users/NicoleMoiseyev/.espressif/tools/xtensa-esp32s2-elf/esp-2020r3-8.4.0/xtensa-esp32s2-elf/bin/../lib/gcc/xtensa-esp32s2-elf/8.4.0/crtend.o] ==> ignore
    arg [/Users/NicoleMoiseyev/.espressif/tools/xtensa-esp32s2-elf/esp-2020r3-8.4.0/xtensa-esp32s2-elf/bin/../lib/gcc/xtensa-esp32s2-elf/8.4.0/crtn.o] ==> ignore
  collapse library dir [/Users/NicoleMoiseyev/.espressif/tools/xtensa-esp32s2-elf/esp-2020r3-8.4.0/xtensa-esp32s2-elf/bin/../lib/gcc/xtensa-esp32s2-elf/8.4.0] ==> [/Users/NicoleMoiseyev/.espressif/tools/xtensa-esp32s2-elf/esp-2020r3-8.4.0/xtensa-esp32s2-elf/lib/gcc/xtensa-esp32s2-elf/8.4.0]
  collapse library dir [/Users/NicoleMoiseyev/.espressif/tools/xtensa-esp32s2-elf/esp-2020r3-8.4.0/xtensa-esp32s2-elf/bin/../lib/gcc] ==> [/Users/NicoleMoiseyev/.espressif/tools/xtensa-esp32s2-elf/esp-2020r3-8.4.0/xtensa-esp32s2-elf/lib/gcc]
  collapse library dir [/Users/NicoleMoiseyev/.espressif/tools/xtensa-esp32s2-elf/esp-2020r3-8.4.0/xtensa-esp32s2-elf/bin/../lib/gcc/xtensa-esp32s2-elf/8.4.0/../../../../xtensa-esp32s2-elf/lib] ==> [/Users/NicoleMoiseyev/.espressif/tools/xtensa-esp32s2-elf/esp-2020r3-8.4.0/xtensa-esp32s2-elf/xtensa-esp32s2-elf/lib]
  implicit libs: [stdc++;m;gcc;c;nosys;c;gcc]
  implicit dirs: [/Users/NicoleMoiseyev/.espressif/tools/xtensa-esp32s2-elf/esp-2020r3-8.4.0/xtensa-esp32s2-elf/lib/gcc/xtensa-esp32s2-elf/8.4.0;/Users/NicoleMoiseyev/.espressif/tools/xtensa-esp32s2-elf/esp-2020r3-8.4.0/xtensa-esp32s2-elf/lib/gcc;/Users/NicoleMoiseyev/.espressif/tools/xtensa-esp32s2-elf/esp-2020r3-8.4.0/xtensa-esp32s2-elf/xtensa-esp32s2-elf/lib]
  implicit fwks: []




Detecting CXX [-std=c++2a] compiler features compiled with the following output:
Change Dir: /Users/NicoleMoiseyev/Documents/Engineering/MiGroBox/ECE/esp/migrobox/build/CMakeFiles/CMakeTmp

Run Build Command(s):/usr/local/bin/ninja cmTC_e8016 
[1/2] Building CXX object CMakeFiles/cmTC_e8016.dir/feature_tests.cxx.obj
[2/2] Linking CXX executable cmTC_e8016


    Feature record: CXX_FEATURE:1cxx_aggregate_default_initializers
    Feature record: CXX_FEATURE:1cxx_alias_templates
    Feature record: CXX_FEATURE:1cxx_alignas
    Feature record: CXX_FEATURE:1cxx_alignof
    Feature record: CXX_FEATURE:1cxx_attributes
    Feature record: CXX_FEATURE:1cxx_attribute_deprecated
    Feature record: CXX_FEATURE:1cxx_auto_type
    Feature record: CXX_FEATURE:1cxx_binary_literals
    Feature record: CXX_FEATURE:1cxx_constexpr
    Feature record: CXX_FEATURE:1cxx_contextual_conversions
    Feature record: CXX_FEATURE:1cxx_decltype
    Feature record: CXX_FEATURE:1cxx_decltype_auto
    Feature record: CXX_FEATURE:1cxx_decltype_incomplete_return_types
    Feature record: CXX_FEATURE:1cxx_default_function_template_args
    Feature record: CXX_FEATURE:1cxx_defaulted_functions
    Feature record: CXX_FEATURE:1cxx_defaulted_move_initializers
    Feature record: CXX_FEATURE:1cxx_delegating_constructors
    Feature record: CXX_FEATURE:1cxx_deleted_functions
    Feature record: CXX_FEATURE:1cxx_digit_separators
    Feature record: CXX_FEATURE:1cxx_enum_forward_declarations
    Feature record: CXX_FEATURE:1cxx_explicit_conversions
    Feature record: CXX_FEATURE:1cxx_extended_friend_declarations
    Feature record: CXX_FEATURE:1cxx_extern_templates
    Feature record: CXX_FEATURE:1cxx_final
    Feature record: CXX_FEATURE:1cxx_func_identifier
    Feature record: CXX_FEATURE:1cxx_generalized_initializers
    Feature record: CXX_FEATURE:1cxx_generic_lambdas
    Feature record: CXX_FEATURE:1cxx_inheriting_constructors
    Feature record: CXX_FEATURE:1cxx_inline_namespaces
    Feature record: CXX_FEATURE:1cxx_lambdas
    Feature record: CXX_FEATURE:1cxx_lambda_init_captures
    Feature record: CXX_FEATURE:1cxx_local_type_template_args
    Feature record: CXX_FEATURE:1cxx_long_long_type
    Feature record: CXX_FEATURE:1cxx_noexcept
    Feature record: CXX_FEATURE:1cxx_nonstatic_member_init
    Feature record: CXX_FEATURE:1cxx_nullptr
    Feature record: CXX_FEATURE:1cxx_override
    Feature record: CXX_FEATURE:1cxx_range_for
    Feature record: CXX_FEATURE:1cxx_raw_string_literals
    Feature record: CXX_FEATURE:1cxx_reference_qualified_functions
    Feature record: CXX_FEATURE:1cxx_relaxed_constexpr
    Feature record: CXX_FEATURE:1cxx_return_type_deduction
    Feature record: CXX_FEATURE:1cxx_right_angle_brackets
    Feature record: CXX_FEATURE:1cxx_rvalue_references
    Feature record: CXX_FEATURE:1cxx_sizeof_member
    Feature record: CXX_FEATURE:1cxx_static_assert
    Feature record: CXX_FEATURE:1cxx_strong_enums
    Feature record: CXX_FEATURE:1cxx_template_template_parameters
    Feature record: CXX_FEATURE:1cxx_thread_local
    Feature record: CXX_FEATURE:1cxx_trailing_return_types
    Feature record: CXX_FEATURE:1cxx_unicode_literals
    Feature record: CXX_FEATURE:1cxx_uniform_initialization
    Feature record: CXX_FEATURE:1cxx_unrestricted_unions
    Feature record: CXX_FEATURE:1cxx_user_literals
    Feature record: CXX_FEATURE:1cxx_variable_templates
    Feature record: CXX_FEATURE:1cxx_variadic_macros
    Feature record: CXX_FEATURE:1cxx_variadic_templates


Detecting CXX [-std=c++17] compiler features compiled with the following output:
Change Dir: /Users/NicoleMoiseyev/Documents/Engineering/MiGroBox/ECE/esp/migrobox/build/CMakeFiles/CMakeTmp

Run Build Command(s):/usr/local/bin/ninja cmTC_70fae 
[1/2] Building CXX object CMakeFiles/cmTC_70fae.dir/feature_tests.cxx.obj
[2/2] Linking CXX executable cmTC_70fae


    Feature record: CXX_FEATURE:1cxx_aggregate_default_initializers
    Feature record: CXX_FEATURE:1cxx_alias_templates
    Feature record: CXX_FEATURE:1cxx_alignas
    Feature record: CXX_FEATURE:1cxx_alignof
    Feature record: CXX_FEATURE:1cxx_attributes
    Feature record: CXX_FEATURE:1cxx_attribute_deprecated
    Feature record: CXX_FEATURE:1cxx_auto_type
    Feature record: CXX_FEATURE:1cxx_binary_literals
    Feature record: CXX_FEATURE:1cxx_constexpr
    Feature record: CXX_FEATURE:1cxx_contextual_conversions
    Feature record: CXX_FEATURE:1cxx_decltype
    Feature record: CXX_FEATURE:1cxx_decltype_auto
    Feature record: CXX_FEATURE:1cxx_decltype_incomplete_return_types
    Feature record: CXX_FEATURE:1cxx_default_function_template_args
    Feature record: CXX_FEATURE:1cxx_defaulted_functions
    Feature record: CXX_FEATURE:1cxx_defaulted_move_initializers
    Feature record: CXX_FEATURE:1cxx_delegating_constructors
    Feature record: CXX_FEATURE:1cxx_deleted_functions
    Feature record: CXX_FEATURE:1cxx_digit_separators
    Feature record: CXX_FEATURE:1cxx_enum_forward_declarations
    Feature record: CXX_FEATURE:1cxx_explicit_conversions
    Feature record: CXX_FEATURE:1cxx_extended_friend_declarations
    Feature record: CXX_FEATURE:1cxx_extern_templates
    Feature record: CXX_FEATURE:1cxx_final
    Feature record: CXX_FEATURE:1cxx_func_identifier
    Feature record: CXX_FEATURE:1cxx_generalized_initializers
    Feature record: CXX_FEATURE:1cxx_generic_lambdas
    Feature record: CXX_FEATURE:1cxx_inheriting_constructors
    Feature record: CXX_FEATURE:1cxx_inline_namespaces
    Feature record: CXX_FEATURE:1cxx_lambdas
    Feature record: CXX_FEATURE:1cxx_lambda_init_captures
    Feature record: CXX_FEATURE:1cxx_local_type_template_args
    Feature record: CXX_FEATURE:1cxx_long_long_type
    Feature record: CXX_FEATURE:1cxx_noexcept
    Feature record: CXX_FEATURE:1cxx_nonstatic_member_init
    Feature record: CXX_FEATURE:1cxx_nullptr
    Feature record: CXX_FEATURE:1cxx_override
    Feature record: CXX_FEATURE:1cxx_range_for
    Feature record: CXX_FEATURE:1cxx_raw_string_literals
    Feature record: CXX_FEATURE:1cxx_reference_qualified_functions
    Feature record: CXX_FEATURE:1cxx_relaxed_constexpr
    Feature record: CXX_FEATURE:1cxx_return_type_deduction
    Feature record: CXX_FEATURE:1cxx_right_angle_brackets
    Feature record: CXX_FEATURE:1cxx_rvalue_references
    Feature record: CXX_FEATURE:1cxx_sizeof_member
    Feature record: CXX_FEATURE:1cxx_static_assert
    Feature record: CXX_FEATURE:1cxx_strong_enums
    Feature record: CXX_FEATURE:1cxx_template_template_parameters
    Feature record: CXX_FEATURE:1cxx_thread_local
    Feature record: CXX_FEATURE:1cxx_trailing_return_types
    Feature record: CXX_FEATURE:1cxx_unicode_literals
    Feature record: CXX_FEATURE:1cxx_uniform_initialization
    Feature record: CXX_FEATURE:1cxx_unrestricted_unions
    Feature record: CXX_FEATURE:1cxx_user_literals
    Feature record: CXX_FEATURE:1cxx_variable_templates
    Feature record: CXX_FEATURE:1cxx_variadic_macros
    Feature record: CXX_FEATURE:1cxx_variadic_templates


Detecting CXX [-std=c++14] compiler features compiled with the following output:
Change Dir: /Users/NicoleMoiseyev/Documents/Engineering/MiGroBox/ECE/esp/migrobox/build/CMakeFiles/CMakeTmp

Run Build Command(s):/usr/local/bin/ninja cmTC_6924b 
[1/2] Building CXX object CMakeFiles/cmTC_6924b.dir/feature_tests.cxx.obj
[2/2] Linking CXX executable cmTC_6924b


    Feature record: CXX_FEATURE:1cxx_aggregate_default_initializers
    Feature record: CXX_FEATURE:1cxx_alias_templates
    Feature record: CXX_FEATURE:1cxx_alignas
    Feature record: CXX_FEATURE:1cxx_alignof
    Feature record: CXX_FEATURE:1cxx_attributes
    Feature record: CXX_FEATURE:1cxx_attribute_deprecated
    Feature record: CXX_FEATURE:1cxx_auto_type
    Feature record: CXX_FEATURE:1cxx_binary_literals
    Feature record: CXX_FEATURE:1cxx_constexpr
    Feature record: CXX_FEATURE:1cxx_contextual_conversions
    Feature record: CXX_FEATURE:1cxx_decltype
    Feature record: CXX_FEATURE:1cxx_decltype_auto
    Feature record: CXX_FEATURE:1cxx_decltype_incomplete_return_types
    Feature record: CXX_FEATURE:1cxx_default_function_template_args
    Feature record: CXX_FEATURE:1cxx_defaulted_functions
    Feature record: CXX_FEATURE:1cxx_defaulted_move_initializers
    Feature record: CXX_FEATURE:1cxx_delegating_constructors
    Feature record: CXX_FEATURE:1cxx_deleted_functions
    Feature record: CXX_FEATURE:1cxx_digit_separators
    Feature record: CXX_FEATURE:1cxx_enum_forward_declarations
    Feature record: CXX_FEATURE:1cxx_explicit_conversions
    Feature record: CXX_FEATURE:1cxx_extended_friend_declarations
    Feature record: CXX_FEATURE:1cxx_extern_templates
    Feature record: CXX_FEATURE:1cxx_final
    Feature record: CXX_FEATURE:1cxx_func_identifier
    Feature record: CXX_FEATURE:1cxx_generalized_initializers
    Feature record: CXX_FEATURE:1cxx_generic_lambdas
    Feature record: CXX_FEATURE:1cxx_inheriting_constructors
    Feature record: CXX_FEATURE:1cxx_inline_namespaces
    Feature record: CXX_FEATURE:1cxx_lambdas
    Feature record: CXX_FEATURE:1cxx_lambda_init_captures
    Feature record: CXX_FEATURE:1cxx_local_type_template_args
    Feature record: CXX_FEATURE:1cxx_long_long_type
    Feature record: CXX_FEATURE:1cxx_noexcept
    Feature record: CXX_FEATURE:1cxx_nonstatic_member_init
    Feature record: CXX_FEATURE:1cxx_nullptr
    Feature record: CXX_FEATURE:1cxx_override
    Feature record: CXX_FEATURE:1cxx_range_for
    Feature record: CXX_FEATURE:1cxx_raw_string_literals
    Feature record: CXX_FEATURE:1cxx_reference_qualified_functions
    Feature record: CXX_FEATURE:1cxx_relaxed_constexpr
    Feature record: CXX_FEATURE:1cxx_return_type_deduction
    Feature record: CXX_FEATURE:1cxx_right_angle_brackets
    Feature record: CXX_FEATURE:1cxx_rvalue_references
    Feature record: CXX_FEATURE:1cxx_sizeof_member
    Feature record: CXX_FEATURE:1cxx_static_assert
    Feature record: CXX_FEATURE:1cxx_strong_enums
    Feature record: CXX_FEATURE:1cxx_template_template_parameters
    Feature record: CXX_FEATURE:1cxx_thread_local
    Feature record: CXX_FEATURE:1cxx_trailing_return_types
    Feature record: CXX_FEATURE:1cxx_unicode_literals
    Feature record: CXX_FEATURE:1cxx_uniform_initialization
    Feature record: CXX_FEATURE:1cxx_unrestricted_unions
    Feature record: CXX_FEATURE:1cxx_user_literals
    Feature record: CXX_FEATURE:1cxx_variable_templates
    Feature record: CXX_FEATURE:1cxx_variadic_macros
    Feature record: CXX_FEATURE:1cxx_variadic_templates


Detecting CXX [-std=c++11] compiler features compiled with the following output:
Change Dir: /Users/NicoleMoiseyev/Documents/Engineering/MiGroBox/ECE/esp/migrobox/build/CMakeFiles/CMakeTmp

Run Build Command(s):/usr/local/bin/ninja cmTC_9b5b7 
[1/2] Building CXX object CMakeFiles/cmTC_9b5b7.dir/feature_tests.cxx.obj
[2/2] Linking CXX executable cmTC_9b5b7


    Feature record: CXX_FEATURE:0cxx_aggregate_default_initializers
    Feature record: CXX_FEATURE:1cxx_alias_templates
    Feature record: CXX_FEATURE:1cxx_alignas
    Feature record: CXX_FEATURE:1cxx_alignof
    Feature record: CXX_FEATURE:1cxx_attributes
    Feature record: CXX_FEATURE:0cxx_attribute_deprecated
    Feature record: CXX_FEATURE:1cxx_auto_type
    Feature record: CXX_FEATURE:0cxx_binary_literals
    Feature record: CXX_FEATURE:1cxx_constexpr
    Feature record: CXX_FEATURE:0cxx_contextual_conversions
    Feature record: CXX_FEATURE:1cxx_decltype
    Feature record: CXX_FEATURE:0cxx_decltype_auto
    Feature record: CXX_FEATURE:1cxx_decltype_incomplete_return_types
    Feature record: CXX_FEATURE:1cxx_default_function_template_args
    Feature record: CXX_FEATURE:1cxx_defaulted_functions
    Feature record: CXX_FEATURE:1cxx_defaulted_move_initializers
    Feature record: CXX_FEATURE:1cxx_delegating_constructors
    Feature record: CXX_FEATURE:1cxx_deleted_functions
    Feature record: CXX_FEATURE:0cxx_digit_separators
    Feature record: CXX_FEATURE:1cxx_enum_forward_declarations
    Feature record: CXX_FEATURE:1cxx_explicit_conversions
    Feature record: CXX_FEATURE:1cxx_extended_friend_declarations
    Feature record: CXX_FEATURE:1cxx_extern_templates
    Feature record: CXX_FEATURE:1cxx_final
    Feature record: CXX_FEATURE:1cxx_func_identifier
    Feature record: CXX_FEATURE:1cxx_generalized_initializers
    Feature record: CXX_FEATURE:0cxx_generic_lambdas
    Feature record: CXX_FEATURE:1cxx_inheriting_constructors
    Feature record: CXX_FEATURE:1cxx_inline_namespaces
    Feature record: CXX_FEATURE:1cxx_lambdas
    Feature record: CXX_FEATURE:0cxx_lambda_init_captures
    Feature record: CXX_FEATURE:1cxx_local_type_template_args
    Feature record: CXX_FEATURE:1cxx_long_long_type
    Feature record: CXX_FEATURE:1cxx_noexcept
    Feature record: CXX_FEATURE:1cxx_nonstatic_member_init
    Feature record: CXX_FEATURE:1cxx_nullptr
    Feature record: CXX_FEATURE:1cxx_override
    Feature record: CXX_FEATURE:1cxx_range_for
    Feature record: CXX_FEATURE:1cxx_raw_string_literals
    Feature record: CXX_FEATURE:1cxx_reference_qualified_functions
    Feature record: CXX_FEATURE:0cxx_relaxed_constexpr
    Feature record: CXX_FEATURE:0cxx_return_type_deduction
    Feature record: CXX_FEATURE:1cxx_right_angle_brackets
    Feature record: CXX_FEATURE:1cxx_rvalue_references
    Feature record: CXX_FEATURE:1cxx_sizeof_member
    Feature record: CXX_FEATURE:1cxx_static_assert
    Feature record: CXX_FEATURE:1cxx_strong_enums
    Feature record: CXX_FEATURE:1cxx_template_template_parameters
    Feature record: CXX_FEATURE:1cxx_thread_local
    Feature record: CXX_FEATURE:1cxx_trailing_return_types
    Feature record: CXX_FEATURE:1cxx_unicode_literals
    Feature record: CXX_FEATURE:1cxx_uniform_initialization
    Feature record: CXX_FEATURE:1cxx_unrestricted_unions
    Feature record: CXX_FEATURE:1cxx_user_literals
    Feature record: CXX_FEATURE:0cxx_variable_templates
    Feature record: CXX_FEATURE:1cxx_variadic_macros
    Feature record: CXX_FEATURE:1cxx_variadic_templates


Detecting CXX [-std=c++98] compiler features compiled with the following output:
Change Dir: /Users/NicoleMoiseyev/Documents/Engineering/MiGroBox/ECE/esp/migrobox/build/CMakeFiles/CMakeTmp

Run Build Command(s):/usr/local/bin/ninja cmTC_eba5d 
[1/2] Building CXX object CMakeFiles/cmTC_eba5d.dir/feature_tests.cxx.obj
[2/2] Linking CXX executable cmTC_eba5d


    Feature record: CXX_FEATURE:0cxx_aggregate_default_initializers
    Feature record: CXX_FEATURE:0cxx_alias_templates
    Feature record: CXX_FEATURE:0cxx_alignas
    Feature record: CXX_FEATURE:0cxx_alignof
    Feature record: CXX_FEATURE:0cxx_attributes
    Feature record: CXX_FEATURE:0cxx_attribute_deprecated
    Feature record: CXX_FEATURE:0cxx_auto_type
    Feature record: CXX_FEATURE:0cxx_binary_literals
    Feature record: CXX_FEATURE:0cxx_constexpr
    Feature record: CXX_FEATURE:0cxx_contextual_conversions
    Feature record: CXX_FEATURE:0cxx_decltype
    Feature record: CXX_FEATURE:0cxx_decltype_auto
    Feature record: CXX_FEATURE:0cxx_decltype_incomplete_return_types
    Feature record: CXX_FEATURE:0cxx_default_function_template_args
    Feature record: CXX_FEATURE:0cxx_defaulted_functions
    Feature record: CXX_FEATURE:0cxx_defaulted_move_initializers
    Feature record: CXX_FEATURE:0cxx_delegating_constructors
    Feature record: CXX_FEATURE:0cxx_deleted_functions
    Feature record: CXX_FEATURE:0cxx_digit_separators
    Feature record: CXX_FEATURE:0cxx_enum_forward_declarations
    Feature record: CXX_FEATURE:0cxx_explicit_conversions
    Feature record: CXX_FEATURE:0cxx_extended_friend_declarations
    Feature record: CXX_FEATURE:0cxx_extern_templates
    Feature record: CXX_FEATURE:0cxx_final
    Feature record: CXX_FEATURE:0cxx_func_identifier
    Feature record: CXX_FEATURE:0cxx_generalized_initializers
    Feature record: CXX_FEATURE:0cxx_generic_lambdas
    Feature record: CXX_FEATURE:0cxx_inheriting_constructors
    Feature record: CXX_FEATURE:0cxx_inline_namespaces
    Feature record: CXX_FEATURE:0cxx_lambdas
    Feature record: CXX_FEATURE:0cxx_lambda_init_captures
    Feature record: CXX_FEATURE:0cxx_local_type_template_args
    Feature record: CXX_FEATURE:0cxx_long_long_type
    Feature record: CXX_FEATURE:0cxx_noexcept
    Feature record: CXX_FEATURE:0cxx_nonstatic_member_init
    Feature record: CXX_FEATURE:0cxx_nullptr
    Feature record: CXX_FEATURE:0cxx_override
    Feature record: CXX_FEATURE:0cxx_range_for
    Feature record: CXX_FEATURE:0cxx_raw_string_literals
    Feature record: CXX_FEATURE:0cxx_reference_qualified_functions
    Feature record: CXX_FEATURE:0cxx_relaxed_constexpr
    Feature record: CXX_FEATURE:0cxx_return_type_deduction
    Feature record: CXX_FEATURE:0cxx_right_angle_brackets
    Feature record: CXX_FEATURE:0cxx_rvalue_references
    Feature record: CXX_FEATURE:0cxx_sizeof_member
    Feature record: CXX_FEATURE:0cxx_static_assert
    Feature record: CXX_FEATURE:0cxx_strong_enums
    Feature record: CXX_FEATURE:1cxx_template_template_parameters
    Feature record: CXX_FEATURE:0cxx_thread_local
    Feature record: CXX_FEATURE:0cxx_trailing_return_types
    Feature record: CXX_FEATURE:0cxx_unicode_literals
    Feature record: CXX_FEATURE:0cxx_uniform_initialization
    Feature record: CXX_FEATURE:0cxx_unrestricted_unions
    Feature record: CXX_FEATURE:0cxx_user_literals
    Feature record: CXX_FEATURE:0cxx_variable_templates
    Feature record: CXX_FEATURE:0cxx_variadic_macros
    Feature record: CXX_FEATURE:0cxx_variadic_templates
